SF:/Users/goshea/projects/icarus/icarus-sdk/cli/src/commands/analyze.rs
FN:169,_RNCNvNtNtCs4Q4w8IwqgUj_6icarus8commands7analyze16get_project_name0B7_
FN:171,_RNCNvNtNtCs4Q4w8IwqgUj_6icarus8commands7analyze16get_project_names0_0B7_
FN:172,_RNCNvNtNtCs4Q4w8IwqgUj_6icarus8commands7analyze16get_project_names1_0B7_
FN:170,_RNCNvNtNtCs4Q4w8IwqgUj_6icarus8commands7analyze16get_project_names_0B7_
FN:8,_RNCNvNtNtCs4Q4w8IwqgUj_6icarus8commands7analyze7execute0B7_
FN:163,_RNvNtNtCs4Q4w8IwqgUj_6icarus8commands7analyze16get_project_name
FN:159,_RNvNtNtCs4Q4w8IwqgUj_6icarus8commands7analyze17is_icarus_project
FN:95,_RNvNtNtCs4Q4w8IwqgUj_6icarus8commands7analyze19show_basic_analysis
FN:115,_RNvNtNtCs4Q4w8IwqgUj_6icarus8commands7analyze29show_optimization_suggestions
FN:8,_RNvNtNtCs4Q4w8IwqgUj_6icarus8commands7analyze7execute
FNDA:0,_RNCNvNtNtCs4Q4w8IwqgUj_6icarus8commands7analyze16get_project_name0B7_
FNDA:0,_RNCNvNtNtCs4Q4w8IwqgUj_6icarus8commands7analyze16get_project_names0_0B7_
FNDA:0,_RNCNvNtNtCs4Q4w8IwqgUj_6icarus8commands7analyze16get_project_names1_0B7_
FNDA:0,_RNCNvNtNtCs4Q4w8IwqgUj_6icarus8commands7analyze16get_project_names_0B7_
FNDA:0,_RNCNvNtNtCs4Q4w8IwqgUj_6icarus8commands7analyze7execute0B7_
FNDA:0,_RNvNtNtCs4Q4w8IwqgUj_6icarus8commands7analyze16get_project_name
FNDA:0,_RNvNtNtCs4Q4w8IwqgUj_6icarus8commands7analyze17is_icarus_project
FNDA:0,_RNvNtNtCs4Q4w8IwqgUj_6icarus8commands7analyze19show_basic_analysis
FNDA:0,_RNvNtNtCs4Q4w8IwqgUj_6icarus8commands7analyze29show_optimization_suggestions
FNDA:0,_RNvNtNtCs4Q4w8IwqgUj_6icarus8commands7analyze7execute
FNF:10
FNH:0
DA:8,0
DA:10,0
DA:11,0
DA:12,0
DA:13,0
DA:16,0
DA:17,0
DA:18,0
DA:19,0
DA:20,0
DA:21,0
DA:23,0
DA:24,0
DA:25,0
DA:28,0
DA:29,0
DA:30,0
DA:31,0
DA:34,0
DA:35,0
DA:36,0
DA:38,0
DA:39,0
DA:40,0
DA:41,0
DA:42,0
DA:43,0
DA:46,0
DA:47,0
DA:48,0
DA:49,0
DA:50,0
DA:52,0
DA:53,0
DA:56,0
DA:57,0
DA:58,0
DA:59,0
DA:60,0
DA:61,0
DA:64,0
DA:65,0
DA:66,0
DA:67,0
DA:68,0
DA:72,0
DA:75,0
DA:76,0
DA:78,0
DA:79,0
DA:80,0
DA:82,0
DA:83,0
DA:84,0
DA:85,0
DA:86,0
DA:89,0
DA:92,0
DA:93,0
DA:95,0
DA:96,0
DA:99,0
DA:100,0
DA:103,0
DA:104,0
DA:105,0
DA:106,0
DA:107,0
DA:108,0
DA:109,0
DA:110,0
DA:112,0
DA:113,0
DA:115,0
DA:116,0
DA:118,0
DA:120,0
DA:121,0
DA:122,0
DA:123,0
DA:124,0
DA:125,0
DA:126,0
DA:127,0
DA:128,0
DA:130,0
DA:131,0
DA:132,0
DA:133,0
DA:134,0
DA:137,0
DA:138,0
DA:140,0
DA:141,0
DA:142,0
DA:143,0
DA:144,0
DA:145,0
DA:146,0
DA:147,0
DA:148,0
DA:149,0
DA:150,0
DA:151,0
DA:152,0
DA:153,0
DA:154,0
DA:156,0
DA:157,0
DA:159,0
DA:160,0
DA:161,0
DA:163,0
DA:164,0
DA:165,0
DA:166,0
DA:168,0
DA:169,0
DA:170,0
DA:171,0
DA:172,0
DA:173,0
BRF:0
BRH:0
LF:127
LH:0
end_of_record
SF:/Users/goshea/projects/icarus/icarus-sdk/cli/src/commands/deploy.rs
FN:339,_RNCNCNvNtNtCs4Q4w8IwqgUj_6icarus8commands6deploy28handle_claude_desktop_config00B9_
FN:340,_RNCNCNvNtNtCs4Q4w8IwqgUj_6icarus8commands6deploy28handle_claude_desktop_config0s_0B9_
FN:80,_RNCNCNvNtNtCs4Q4w8IwqgUj_6icarus8commands6deploy7execute00B9_
FN:172,_RNCNvNtNtCs4Q4w8IwqgUj_6icarus8commands6deploy13optimize_wasm0B7_
FN:136,_RNCNvNtNtCs4Q4w8IwqgUj_6icarus8commands6deploy16get_project_name0B7_
FN:138,_RNCNvNtNtCs4Q4w8IwqgUj_6icarus8commands6deploy16get_project_names0_0B7_
FN:139,_RNCNvNtNtCs4Q4w8IwqgUj_6icarus8commands6deploy16get_project_names1_0B7_
FN:137,_RNCNvNtNtCs4Q4w8IwqgUj_6icarus8commands6deploy16get_project_names_0B7_
FN:252,_RNCNvNtNtCs4Q4w8IwqgUj_6icarus8commands6deploy23update_candid_from_wasm0B7_
FN:313,_RNCNvNtNtCs4Q4w8IwqgUj_6icarus8commands6deploy28handle_claude_desktop_config0B7_
FN:407,_RNCNvNtNtCs4Q4w8IwqgUj_6icarus8commands6deploy30generate_claude_desktop_config0B7_
FN:408,_RNCNvNtNtCs4Q4w8IwqgUj_6icarus8commands6deploy30generate_claude_desktop_configs_0B7_
FN:14,_RNCNvNtNtCs4Q4w8IwqgUj_6icarus8commands6deploy7execute0B7_
FN:235,_RNvNtNtCs4Q4w8IwqgUj_6icarus8commands6deploy11format_size
FN:172,_RNvNtNtCs4Q4w8IwqgUj_6icarus8commands6deploy13optimize_wasm
FN:130,_RNvNtNtCs4Q4w8IwqgUj_6icarus8commands6deploy16get_project_name
FN:142,_RNvNtNtCs4Q4w8IwqgUj_6icarus8commands6deploy16save_canister_id
FN:126,_RNvNtNtCs4Q4w8IwqgUj_6icarus8commands6deploy17is_icarus_project
FN:252,_RNvNtNtCs4Q4w8IwqgUj_6icarus8commands6deploy23update_candid_from_wasm
FN:309,_RNvNtNtCs4Q4w8IwqgUj_6icarus8commands6deploy28handle_claude_desktop_config
FN:404,_RNvNtNtCs4Q4w8IwqgUj_6icarus8commands6deploy30generate_claude_desktop_config
FN:14,_RNvNtNtCs4Q4w8IwqgUj_6icarus8commands6deploy7execute
FNDA:0,_RNCNCNvNtNtCs4Q4w8IwqgUj_6icarus8commands6deploy28handle_claude_desktop_config00B9_
FNDA:0,_RNCNCNvNtNtCs4Q4w8IwqgUj_6icarus8commands6deploy28handle_claude_desktop_config0s_0B9_
FNDA:0,_RNCNCNvNtNtCs4Q4w8IwqgUj_6icarus8commands6deploy7execute00B9_
FNDA:0,_RNCNvNtNtCs4Q4w8IwqgUj_6icarus8commands6deploy13optimize_wasm0B7_
FNDA:0,_RNCNvNtNtCs4Q4w8IwqgUj_6icarus8commands6deploy16get_project_name0B7_
FNDA:0,_RNCNvNtNtCs4Q4w8IwqgUj_6icarus8commands6deploy16get_project_names0_0B7_
FNDA:0,_RNCNvNtNtCs4Q4w8IwqgUj_6icarus8commands6deploy16get_project_names1_0B7_
FNDA:0,_RNCNvNtNtCs4Q4w8IwqgUj_6icarus8commands6deploy16get_project_names_0B7_
FNDA:0,_RNCNvNtNtCs4Q4w8IwqgUj_6icarus8commands6deploy23update_candid_from_wasm0B7_
FNDA:0,_RNCNvNtNtCs4Q4w8IwqgUj_6icarus8commands6deploy28handle_claude_desktop_config0B7_
FNDA:0,_RNCNvNtNtCs4Q4w8IwqgUj_6icarus8commands6deploy30generate_claude_desktop_config0B7_
FNDA:0,_RNCNvNtNtCs4Q4w8IwqgUj_6icarus8commands6deploy30generate_claude_desktop_configs_0B7_
FNDA:0,_RNCNvNtNtCs4Q4w8IwqgUj_6icarus8commands6deploy7execute0B7_
FNDA:0,_RNvNtNtCs4Q4w8IwqgUj_6icarus8commands6deploy11format_size
FNDA:0,_RNvNtNtCs4Q4w8IwqgUj_6icarus8commands6deploy13optimize_wasm
FNDA:0,_RNvNtNtCs4Q4w8IwqgUj_6icarus8commands6deploy16get_project_name
FNDA:0,_RNvNtNtCs4Q4w8IwqgUj_6icarus8commands6deploy16save_canister_id
FNDA:0,_RNvNtNtCs4Q4w8IwqgUj_6icarus8commands6deploy17is_icarus_project
FNDA:0,_RNvNtNtCs4Q4w8IwqgUj_6icarus8commands6deploy23update_candid_from_wasm
FNDA:0,_RNvNtNtCs4Q4w8IwqgUj_6icarus8commands6deploy28handle_claude_desktop_config
FNDA:0,_RNvNtNtCs4Q4w8IwqgUj_6icarus8commands6deploy30generate_claude_desktop_config
FNDA:0,_RNvNtNtCs4Q4w8IwqgUj_6icarus8commands6deploy7execute
FNF:22
FNH:0
DA:14,0
DA:16,0
DA:17,0
DA:18,0
DA:21,0
DA:22,0
DA:23,0
DA:24,0
DA:27,0
DA:29,0
DA:30,0
DA:31,0
DA:32,0
DA:35,0
DA:36,0
DA:37,0
DA:38,0
DA:39,0
DA:40,0
DA:41,0
DA:44,0
DA:47,0
DA:48,0
DA:51,0
DA:52,0
DA:53,0
DA:54,0
DA:57,0
DA:60,0
DA:61,0
DA:62,0
DA:63,0
DA:64,0
DA:65,0
DA:66,0
DA:69,0
DA:70,0
DA:71,0
DA:72,0
DA:74,0
DA:75,0
DA:76,0
DA:77,0
DA:80,0
DA:83,0
DA:86,0
DA:87,0
DA:88,0
DA:89,0
DA:90,0
DA:91,0
DA:92,0
DA:94,0
DA:95,0
DA:96,0
DA:97,0
DA:100,0
DA:103,0
DA:105,0
DA:106,0
DA:107,0
DA:108,0
DA:109,0
DA:110,0
DA:111,0
DA:112,0
DA:113,0
DA:114,0
DA:115,0
DA:116,0
DA:117,0
DA:118,0
DA:119,0
DA:121,0
DA:123,0
DA:124,0
DA:126,0
DA:127,0
DA:128,0
DA:130,0
DA:131,0
DA:132,0
DA:133,0
DA:135,0
DA:136,0
DA:137,0
DA:138,0
DA:139,0
DA:140,0
DA:142,0
DA:143,0
DA:145,0
DA:146,0
DA:147,0
DA:149,0
DA:152,0
DA:154,0
DA:155,0
DA:156,0
DA:158,0
DA:160,0
DA:161,0
DA:162,0
DA:164,0
DA:166,0
DA:167,0
DA:169,0
DA:170,0
DA:172,0
DA:176,0
DA:177,0
DA:178,0
DA:180,0
DA:181,0
DA:184,0
DA:185,0
DA:186,0
DA:187,0
DA:188,0
DA:189,0
DA:191,0
DA:193,0
DA:194,0
DA:197,0
DA:199,0
DA:202,0
DA:203,0
DA:204,0
DA:205,0
DA:206,0
DA:207,0
DA:208,0
DA:210,0
DA:211,0
DA:213,0
DA:214,0
DA:216,0
DA:217,0
DA:218,0
DA:219,0
DA:220,0
DA:221,0
DA:223,0
DA:224,0
DA:225,0
DA:226,0
DA:227,0
DA:228,0
DA:229,0
DA:232,0
DA:233,0
DA:235,0
DA:237,0
DA:238,0
DA:240,0
DA:241,0
DA:242,0
DA:243,0
DA:245,0
DA:246,0
DA:248,0
DA:250,0
DA:252,0
DA:256,0
DA:257,0
DA:258,0
DA:259,0
DA:260,0
DA:261,0
DA:263,0
DA:264,0
DA:265,0
DA:268,0
DA:269,0
DA:270,0
DA:273,0
DA:276,0
DA:277,0
DA:278,0
DA:279,0
DA:280,0
DA:283,0
DA:284,0
DA:285,0
DA:286,0
DA:288,0
DA:289,0
DA:290,0
DA:291,0
DA:292,0
DA:293,0
DA:296,0
DA:299,0
DA:300,0
DA:301,0
DA:302,0
DA:303,0
DA:304,0
DA:306,0
DA:307,0
DA:309,0
DA:310,0
DA:311,0
DA:312,0
DA:313,0
DA:315,0
DA:316,0
DA:317,0
DA:318,0
DA:319,0
DA:322,0
DA:323,0
DA:325,0
DA:327,0
DA:331,0
DA:334,0
DA:335,0
DA:336,0
DA:338,0
DA:339,0
DA:340,0
DA:341,0
DA:342,0
DA:343,0
DA:345,0
DA:346,0
DA:347,0
DA:349,0
DA:350,0
DA:351,0
DA:352,0
DA:353,0
DA:354,0
DA:355,0
DA:356,0
DA:357,0
DA:358,0
DA:359,0
DA:360,0
DA:361,0
DA:362,0
DA:363,0
DA:365,0
DA:366,0
DA:369,0
DA:371,0
DA:372,0
DA:373,0
DA:374,0
DA:376,0
DA:377,0
DA:378,0
DA:379,0
DA:381,0
DA:384,0
DA:386,0
DA:387,0
DA:388,0
DA:389,0
DA:390,0
DA:392,0
DA:394,0
DA:395,0
DA:396,0
DA:397,0
DA:399,0
DA:401,0
DA:402,0
DA:404,0
DA:406,0
DA:407,0
DA:408,0
DA:410,0
DA:411,0
DA:412,0
DA:413,0
DA:414,0
DA:415,0
DA:419,0
BRF:0
BRH:0
LF:292
LH:0
end_of_record
SF:/Users/goshea/projects/icarus/icarus-sdk/cli/src/commands/mcp/add.rs
FN:26,_RNCNCNvNtNtNtCs4Q4w8IwqgUj_6icarus8commands3mcp3add7execute00Bb_
FN:73,_RNCNCNvNtNtNtCs4Q4w8IwqgUj_6icarus8commands3mcp3add7execute0s0_0Bb_
FN:87,_RNCNCNvNtNtNtCs4Q4w8IwqgUj_6icarus8commands3mcp3add7execute0s1_0Bb_
FN:243,_RNCNvNtNtNtCs4Q4w8IwqgUj_6icarus8commands3mcp3add16configure_client0B9_
FN:20,_RNCNvNtNtNtCs4Q4w8IwqgUj_6icarus8commands3mcp3add7execute0B9_
FN:237,_RNvNtNtNtCs4Q4w8IwqgUj_6icarus8commands3mcp3add16configure_client
FN:14,_RNvNtNtNtCs4Q4w8IwqgUj_6icarus8commands3mcp3add7execute
FNDA:0,_RNCNCNvNtNtNtCs4Q4w8IwqgUj_6icarus8commands3mcp3add7execute00Bb_
FNDA:0,_RNCNCNvNtNtNtCs4Q4w8IwqgUj_6icarus8commands3mcp3add7execute0s0_0Bb_
FNDA:0,_RNCNCNvNtNtNtCs4Q4w8IwqgUj_6icarus8commands3mcp3add7execute0s1_0Bb_
FNDA:0,_RNCNvNtNtNtCs4Q4w8IwqgUj_6icarus8commands3mcp3add16configure_client0B9_
FNDA:0,_RNCNvNtNtNtCs4Q4w8IwqgUj_6icarus8commands3mcp3add7execute0B9_
FNDA:0,_RNvNtNtNtCs4Q4w8IwqgUj_6icarus8commands3mcp3add16configure_client
FNDA:0,_RNvNtNtNtCs4Q4w8IwqgUj_6icarus8commands3mcp3add7execute
FNF:7
FNH:0
DA:14,0
DA:15,0
DA:16,0
DA:17,0
DA:18,0
DA:19,0
DA:20,0
DA:22,0
DA:23,0
DA:24,0
DA:26,0
DA:28,0
DA:29,0
DA:31,0
DA:32,0
DA:34,0
DA:35,0
DA:38,0
DA:39,0
DA:40,0
DA:41,0
DA:43,0
DA:44,0
DA:45,0
DA:46,0
DA:47,0
DA:48,0
DA:49,0
DA:50,0
DA:51,0
DA:54,0
DA:56,0
DA:57,0
DA:59,0
DA:60,0
DA:61,0
DA:62,0
DA:63,0
DA:64,0
DA:66,0
DA:67,0
DA:71,0
DA:72,0
DA:73,0
DA:74,0
DA:75,0
DA:76,0
DA:77,0
DA:78,0
DA:79,0
DA:80,0
DA:81,0
DA:83,0
DA:86,0
DA:87,0
DA:90,0
DA:91,0
DA:92,0
DA:93,0
DA:96,0
DA:97,0
DA:98,0
DA:99,0
DA:101,0
DA:102,0
DA:103,0
DA:104,0
DA:107,0
DA:110,0
DA:111,0
DA:113,0
DA:114,0
DA:115,0
DA:119,0
DA:120,0
DA:121,0
DA:122,0
DA:126,0
DA:127,0
DA:128,0
DA:129,0
DA:130,0
DA:131,0
DA:132,0
DA:133,0
DA:134,0
DA:137,0
DA:140,0
DA:141,0
DA:142,0
DA:143,0
DA:144,0
DA:145,0
DA:146,0
DA:149,0
DA:150,0
DA:152,0
DA:153,0
DA:154,0
DA:155,0
DA:157,0
DA:158,0
DA:159,0
DA:160,0
DA:163,0
DA:164,0
DA:165,0
DA:166,0
DA:167,0
DA:168,0
DA:169,0
DA:170,0
DA:172,0
DA:175,0
DA:178,0
DA:180,0
DA:181,0
DA:183,0
DA:184,0
DA:185,0
DA:186,0
DA:187,0
DA:188,0
DA:189,0
DA:190,0
DA:191,0
DA:192,0
DA:193,0
DA:194,0
DA:195,0
DA:196,0
DA:197,0
DA:198,0
DA:199,0
DA:200,0
DA:201,0
DA:202,0
DA:203,0
DA:207,0
DA:208,0
DA:209,0
DA:210,0
DA:211,0
DA:212,0
DA:213,0
DA:214,0
DA:215,0
DA:216,0
DA:217,0
DA:218,0
DA:219,0
DA:220,0
DA:221,0
DA:222,0
DA:223,0
DA:224,0
DA:225,0
DA:226,0
DA:227,0
DA:228,0
DA:229,0
DA:230,0
DA:233,0
DA:234,0
DA:237,0
DA:238,0
DA:239,0
DA:240,0
DA:241,0
DA:242,0
DA:243,0
DA:245,0
DA:246,0
DA:248,0
DA:249,0
DA:252,0
DA:257,0
DA:258,0
DA:259,0
DA:260,0
DA:263,0
DA:266,0
DA:267,0
DA:268,0
DA:271,0
DA:272,0
DA:273,0
DA:275,0
DA:276,0
BRF:0
BRH:0
LF:194
LH:0
end_of_record
SF:/Users/goshea/projects/icarus/icarus-sdk/cli/src/commands/mcp/dashboard.rs
FN:89,_RNCNCNvNtNtNtCs4Q4w8IwqgUj_6icarus8commands3mcp9dashboard7execute0s0_0Bb_
FN:90,_RNCNCNvNtNtNtCs4Q4w8IwqgUj_6icarus8commands3mcp9dashboard7execute0s1_0Bb_
FN:91,_RNCNCNvNtNtNtCs4Q4w8IwqgUj_6icarus8commands3mcp9dashboard7execute0s2_0Bb_
FN:88,_RNCNCNvNtNtNtCs4Q4w8IwqgUj_6icarus8commands3mcp9dashboard7execute0s_0Bb_
FN:13,_RNCNvNtNtNtCs4Q4w8IwqgUj_6icarus8commands3mcp9dashboard7execute0B9_
FN:13,_RNvNtNtNtCs4Q4w8IwqgUj_6icarus8commands3mcp9dashboard7execute
FNDA:0,_RNCNCNvNtNtNtCs4Q4w8IwqgUj_6icarus8commands3mcp9dashboard7execute0s0_0Bb_
FNDA:0,_RNCNCNvNtNtNtCs4Q4w8IwqgUj_6icarus8commands3mcp9dashboard7execute0s1_0Bb_
FNDA:0,_RNCNCNvNtNtNtCs4Q4w8IwqgUj_6icarus8commands3mcp9dashboard7execute0s2_0Bb_
FNDA:0,_RNCNCNvNtNtNtCs4Q4w8IwqgUj_6icarus8commands3mcp9dashboard7execute0s_0Bb_
FNDA:0,_RNCNvNtNtNtCs4Q4w8IwqgUj_6icarus8commands3mcp9dashboard7execute0B9_
FNDA:0,_RNvNtNtNtCs4Q4w8IwqgUj_6icarus8commands3mcp9dashboard7execute
FNF:6
FNH:0
DA:13,0
DA:14,0
DA:16,0
DA:18,0
DA:19,0
DA:21,0
DA:24,0
DA:25,0
DA:26,0
DA:27,0
DA:30,0
DA:31,0
DA:33,0
DA:34,0
DA:36,0
DA:37,0
DA:38,0
DA:39,0
DA:40,0
DA:43,0
DA:44,0
DA:45,0
DA:47,0
DA:48,0
DA:49,0
DA:50,0
DA:51,0
DA:52,0
DA:53,0
DA:55,0
DA:58,0
DA:59,0
DA:62,0
DA:63,0
DA:66,0
DA:67,0
DA:68,0
DA:69,0
DA:70,0
DA:74,0
DA:75,0
DA:76,0
DA:77,0
DA:78,0
DA:81,0
DA:82,0
DA:84,0
DA:87,0
DA:88,0
DA:89,0
DA:90,0
DA:91,0
DA:94,0
DA:96,0
DA:100,0
DA:102,0
DA:103,0
DA:104,0
DA:105,0
DA:106,0
DA:108,0
DA:111,0
DA:114,0
DA:115,0
DA:116,0
DA:118,0
DA:121,0
DA:124,0
DA:126,0
DA:127,0
DA:132,0
DA:133,0
DA:134,0
DA:138,0
DA:139,0
DA:140,0
DA:142,0
DA:143,0
DA:147,0
DA:149,0
DA:150,0
DA:151,0
DA:152,0
DA:153,0
DA:154,0
DA:155,0
DA:156,0
DA:157,0
DA:158,0
DA:159,0
DA:160,0
DA:161,0
DA:162,0
DA:163,0
DA:164,0
DA:165,0
DA:168,0
DA:169,0
DA:170,0
DA:171,0
DA:173,0
DA:174,0
BRF:0
BRH:0
LF:107
LH:0
end_of_record
SF:/Users/goshea/projects/icarus/icarus-sdk/cli/src/commands/mcp/list.rs
FN:94,_RNCNCNCNvNtNtNtCs4Q4w8IwqgUj_6icarus8commands3mcp4list7execute0s0_00Bd_
FN:34,_RNCNCNvNtNtNtCs4Q4w8IwqgUj_6icarus8commands3mcp4list7execute00Bb_
FN:91,_RNCNCNvNtNtNtCs4Q4w8IwqgUj_6icarus8commands3mcp4list7execute0s0_0Bb_
FN:105,_RNCNCNvNtNtNtCs4Q4w8IwqgUj_6icarus8commands3mcp4list7execute0s1_0Bb_
FN:113,_RNCNCNvNtNtNtCs4Q4w8IwqgUj_6icarus8commands3mcp4list7execute0s2_0Bb_
FN:115,_RNCNCNvNtNtNtCs4Q4w8IwqgUj_6icarus8commands3mcp4list7execute0s3_0Bb_
FN:132,_RNCNCNvNtNtNtCs4Q4w8IwqgUj_6icarus8commands3mcp4list7execute0s4_0Bb_
FN:13,_RNCNvNtNtNtCs4Q4w8IwqgUj_6icarus8commands3mcp4list7execute0B9_
FN:13,_RNvNtNtNtCs4Q4w8IwqgUj_6icarus8commands3mcp4list7execute
FNDA:0,_RNCNCNCNvNtNtNtCs4Q4w8IwqgUj_6icarus8commands3mcp4list7execute0s0_00Bd_
FNDA:0,_RNCNCNvNtNtNtCs4Q4w8IwqgUj_6icarus8commands3mcp4list7execute00Bb_
FNDA:0,_RNCNCNvNtNtNtCs4Q4w8IwqgUj_6icarus8commands3mcp4list7execute0s0_0Bb_
FNDA:0,_RNCNCNvNtNtNtCs4Q4w8IwqgUj_6icarus8commands3mcp4list7execute0s1_0Bb_
FNDA:0,_RNCNCNvNtNtNtCs4Q4w8IwqgUj_6icarus8commands3mcp4list7execute0s2_0Bb_
FNDA:0,_RNCNCNvNtNtNtCs4Q4w8IwqgUj_6icarus8commands3mcp4list7execute0s3_0Bb_
FNDA:0,_RNCNCNvNtNtNtCs4Q4w8IwqgUj_6icarus8commands3mcp4list7execute0s4_0Bb_
FNDA:0,_RNCNvNtNtNtCs4Q4w8IwqgUj_6icarus8commands3mcp4list7execute0B9_
FNDA:0,_RNvNtNtNtCs4Q4w8IwqgUj_6icarus8commands3mcp4list7execute
FNF:9
FNH:0
DA:13,0
DA:14,0
DA:16,0
DA:18,0
DA:19,0
DA:22,0
DA:23,0
DA:24,0
DA:25,0
DA:26,0
DA:28,0
DA:29,0
DA:33,0
DA:34,0
DA:36,0
DA:39,0
DA:42,0
DA:44,0
DA:45,0
DA:48,0
DA:50,0
DA:51,0
DA:53,0
DA:54,0
DA:55,0
DA:56,0
DA:57,0
DA:60,0
DA:61,0
DA:62,0
DA:64,0
DA:65,0
DA:66,0
DA:67,0
DA:68,0
DA:69,0
DA:71,0
DA:72,0
DA:73,0
DA:74,0
DA:75,0
DA:76,0
DA:77,0
DA:78,0
DA:81,0
DA:84,0
DA:85,0
DA:89,0
DA:90,0
DA:91,0
DA:92,0
DA:93,0
DA:94,0
DA:95,0
DA:96,0
DA:97,0
DA:98,0
DA:100,0
DA:103,0
DA:104,0
DA:105,0
DA:106,0
DA:108,0
DA:109,0
DA:111,0
DA:112,0
DA:113,0
DA:115,0
DA:117,0
DA:119,0
DA:120,0
DA:121,0
DA:124,0
DA:126,0
DA:128,0
DA:129,0
DA:130,0
DA:131,0
DA:132,0
DA:133,0
DA:134,0
DA:135,0
DA:136,0
DA:139,0
DA:140,0
BRF:0
BRH:0
LF:93
LH:0
end_of_record
SF:/Users/goshea/projects/icarus/icarus-sdk/cli/src/commands/mcp/remove.rs
FN:192,_RNCNCNvNtNtNtCs4Q4w8IwqgUj_6icarus8commands3mcp6remove24find_clients_with_server00Bb_
FN:217,_RNCNCNvNtNtNtCs4Q4w8IwqgUj_6icarus8commands3mcp6remove24find_clients_with_server0s_0Bb_
FN:56,_RNCNCNvNtNtNtCs4Q4w8IwqgUj_6icarus8commands3mcp6remove7execute0s_0Bb_
FN:230,_RNCNvNtNtNtCs4Q4w8IwqgUj_6icarus8commands3mcp6remove18remove_from_client0B9_
FN:143,_RNCNvNtNtNtCs4Q4w8IwqgUj_6icarus8commands3mcp6remove24find_clients_with_server0B9_
FN:19,_RNCNvNtNtNtCs4Q4w8IwqgUj_6icarus8commands3mcp6remove7execute0B9_
FN:225,_RNvNtNtNtCs4Q4w8IwqgUj_6icarus8commands3mcp6remove18remove_from_client
FN:139,_RNvNtNtNtCs4Q4w8IwqgUj_6icarus8commands3mcp6remove24find_clients_with_server
FN:14,_RNvNtNtNtCs4Q4w8IwqgUj_6icarus8commands3mcp6remove7execute
FNDA:0,_RNCNCNvNtNtNtCs4Q4w8IwqgUj_6icarus8commands3mcp6remove24find_clients_with_server00Bb_
FNDA:0,_RNCNCNvNtNtNtCs4Q4w8IwqgUj_6icarus8commands3mcp6remove24find_clients_with_server0s_0Bb_
FNDA:0,_RNCNCNvNtNtNtCs4Q4w8IwqgUj_6icarus8commands3mcp6remove7execute0s_0Bb_
FNDA:0,_RNCNvNtNtNtCs4Q4w8IwqgUj_6icarus8commands3mcp6remove18remove_from_client0B9_
FNDA:0,_RNCNvNtNtNtCs4Q4w8IwqgUj_6icarus8commands3mcp6remove24find_clients_with_server0B9_
FNDA:0,_RNCNvNtNtNtCs4Q4w8IwqgUj_6icarus8commands3mcp6remove7execute0B9_
FNDA:0,_RNvNtNtNtCs4Q4w8IwqgUj_6icarus8commands3mcp6remove18remove_from_client
FNDA:0,_RNvNtNtNtCs4Q4w8IwqgUj_6icarus8commands3mcp6remove24find_clients_with_server
FNDA:0,_RNvNtNtNtCs4Q4w8IwqgUj_6icarus8commands3mcp6remove7execute
FNF:9
FNH:0
DA:14,0
DA:15,0
DA:16,0
DA:17,0
DA:18,0
DA:19,0
DA:20,0
DA:22,0
DA:23,0
DA:26,0
DA:27,0
DA:28,0
DA:29,0
DA:31,0
DA:32,0
DA:33,0
DA:34,0
DA:37,0
DA:39,0
DA:40,0
DA:42,0
DA:43,0
DA:44,0
DA:45,0
DA:46,0
DA:47,0
DA:49,0
DA:50,0
DA:54,0
DA:55,0
DA:56,0
DA:57,0
DA:58,0
DA:59,0
DA:60,0
DA:61,0
DA:62,0
DA:63,0
DA:64,0
DA:66,0
DA:69,0
DA:72,0
DA:73,0
DA:74,0
DA:75,0
DA:78,0
DA:79,0
DA:80,0
DA:81,0
DA:82,0
DA:84,0
DA:85,0
DA:86,0
DA:87,0
DA:89,0
DA:90,0
DA:91,0
DA:92,0
DA:93,0
DA:94,0
DA:95,0
DA:99,0
DA:100,0
DA:101,0
DA:103,0
DA:104,0
DA:106,0
DA:107,0
DA:108,0
DA:109,0
DA:110,0
DA:111,0
DA:112,0
DA:113,0
DA:114,0
DA:115,0
DA:119,0
DA:120,0
DA:121,0
DA:122,0
DA:123,0
DA:124,0
DA:125,0
DA:126,0
DA:127,0
DA:128,0
DA:129,0
DA:130,0
DA:131,0
DA:132,0
DA:133,0
DA:136,0
DA:137,0
DA:139,0
DA:140,0
DA:141,0
DA:142,0
DA:143,0
DA:144,0
DA:147,0
DA:148,0
DA:149,0
DA:150,0
DA:152,0
DA:153,0
DA:154,0
DA:155,0
DA:156,0
DA:159,0
DA:160,0
DA:161,0
DA:164,0
DA:166,0
DA:167,0
DA:168,0
DA:169,0
DA:170,0
DA:171,0
DA:172,0
DA:174,0
DA:175,0
DA:176,0
DA:177,0
DA:178,0
DA:180,0
DA:181,0
DA:183,0
DA:187,0
DA:188,0
DA:190,0
DA:191,0
DA:192,0
DA:193,0
DA:195,0
DA:198,0
DA:199,0
DA:200,0
DA:201,0
DA:202,0
DA:203,0
DA:205,0
DA:207,0
DA:210,0
DA:211,0
DA:212,0
DA:213,0
DA:215,0
DA:216,0
DA:217,0
DA:218,0
DA:220,0
DA:223,0
DA:225,0
DA:226,0
DA:227,0
DA:228,0
DA:229,0
DA:230,0
DA:232,0
DA:233,0
DA:235,0
DA:236,0
DA:239,0
DA:244,0
DA:245,0
DA:246,0
DA:247,0
DA:250,0
DA:251,0
DA:252,0
DA:254,0
DA:255,0
BRF:0
BRH:0
LF:178
LH:0
end_of_record
SF:/Users/goshea/projects/icarus/icarus-sdk/cli/src/commands/mcp/start.rs
FN:75,_RNCNvNtNtNtCs4Q4w8IwqgUj_6icarus8commands3mcp5start17start_daemon_mode0B9_
FN:43,_RNCNvNtNtNtCs4Q4w8IwqgUj_6icarus8commands3mcp5start20run_mcp_server_stdio0B9_
FN:65,_RNCNvNtNtNtCs4Q4w8IwqgUj_6icarus8commands3mcp5start21start_foreground_mode0B9_
FN:9,_RNCNvNtNtNtCs4Q4w8IwqgUj_6icarus8commands3mcp5start7execute0B9_
FN:75,_RNvNtNtNtCs4Q4w8IwqgUj_6icarus8commands3mcp5start17start_daemon_mode
FN:43,_RNvNtNtNtCs4Q4w8IwqgUj_6icarus8commands3mcp5start20run_mcp_server_stdio
FN:65,_RNvNtNtNtCs4Q4w8IwqgUj_6icarus8commands3mcp5start21start_foreground_mode
FN:9,_RNvNtNtNtCs4Q4w8IwqgUj_6icarus8commands3mcp5start7execute
FNDA:0,_RNCNvNtNtNtCs4Q4w8IwqgUj_6icarus8commands3mcp5start17start_daemon_mode0B9_
FNDA:0,_RNCNvNtNtNtCs4Q4w8IwqgUj_6icarus8commands3mcp5start20run_mcp_server_stdio0B9_
FNDA:0,_RNCNvNtNtNtCs4Q4w8IwqgUj_6icarus8commands3mcp5start21start_foreground_mode0B9_
FNDA:0,_RNCNvNtNtNtCs4Q4w8IwqgUj_6icarus8commands3mcp5start7execute0B9_
FNDA:0,_RNvNtNtNtCs4Q4w8IwqgUj_6icarus8commands3mcp5start17start_daemon_mode
FNDA:0,_RNvNtNtNtCs4Q4w8IwqgUj_6icarus8commands3mcp5start20run_mcp_server_stdio
FNDA:0,_RNvNtNtNtCs4Q4w8IwqgUj_6icarus8commands3mcp5start21start_foreground_mode
FNDA:0,_RNvNtNtNtCs4Q4w8IwqgUj_6icarus8commands3mcp5start7execute
FNF:8
FNH:0
DA:9,0
DA:11,0
DA:12,0
DA:16,0
DA:17,0
DA:19,0
DA:21,0
DA:22,0
DA:24,0
DA:27,0
DA:28,0
DA:30,0
DA:31,0
DA:32,0
DA:33,0
DA:35,0
DA:36,0
DA:38,0
DA:40,0
DA:43,0
DA:47,0
DA:50,0
DA:51,0
DA:52,0
DA:55,0
DA:56,0
DA:57,0
DA:58,0
DA:61,0
DA:62,0
DA:65,0
DA:66,0
DA:67,0
DA:68,0
DA:71,0
DA:72,0
DA:75,0
DA:76,0
DA:80,0
DA:82,0
DA:83,0
DA:84,0
DA:85,0
DA:89,0
DA:90,0
BRF:0
BRH:0
LF:49
LH:0
end_of_record
SF:/Users/goshea/projects/icarus/icarus-sdk/cli/src/commands/mcp/status.rs
FN:80,_RNCNCNvNtNtNtCs4Q4w8IwqgUj_6icarus8commands3mcp6status18find_mcp_instancess_00Bb_
FN:81,_RNCNCNvNtNtNtCs4Q4w8IwqgUj_6icarus8commands3mcp6status18find_mcp_instancess_0s_0Bb_
FN:73,_RNCNvNtNtNtCs4Q4w8IwqgUj_6icarus8commands3mcp6status18find_mcp_instances0B9_
FN:77,_RNCNvNtNtNtCs4Q4w8IwqgUj_6icarus8commands3mcp6status18find_mcp_instancess_0B9_
FN:16,_RNCNvNtNtNtCs4Q4w8IwqgUj_6icarus8commands3mcp6status7execute0B9_
FN:61,_RNvNtNtNtCs4Q4w8IwqgUj_6icarus8commands3mcp6status18find_mcp_instances
FN:103,_RNvNtNtNtCs4Q4w8IwqgUj_6icarus8commands3mcp6status19extract_canister_id
FN:16,_RNvNtNtNtCs4Q4w8IwqgUj_6icarus8commands3mcp6status7execute
FNDA:0,_RNCNCNvNtNtNtCs4Q4w8IwqgUj_6icarus8commands3mcp6status18find_mcp_instancess_00Bb_
FNDA:0,_RNCNCNvNtNtNtCs4Q4w8IwqgUj_6icarus8commands3mcp6status18find_mcp_instancess_0s_0Bb_
FNDA:0,_RNCNvNtNtNtCs4Q4w8IwqgUj_6icarus8commands3mcp6status18find_mcp_instances0B9_
FNDA:0,_RNCNvNtNtNtCs4Q4w8IwqgUj_6icarus8commands3mcp6status18find_mcp_instancess_0B9_
FNDA:0,_RNCNvNtNtNtCs4Q4w8IwqgUj_6icarus8commands3mcp6status7execute0B9_
FNDA:0,_RNvNtNtNtCs4Q4w8IwqgUj_6icarus8commands3mcp6status18find_mcp_instances
FNDA:0,_RNvNtNtNtCs4Q4w8IwqgUj_6icarus8commands3mcp6status19extract_canister_id
FNDA:0,_RNvNtNtNtCs4Q4w8IwqgUj_6icarus8commands3mcp6status7execute
FNF:8
FNH:0
DA:16,0
DA:17,0
DA:19,0
DA:21,0
DA:22,0
DA:23,0
DA:24,0
DA:25,0
DA:27,0
DA:28,0
DA:30,0
DA:31,0
DA:32,0
DA:33,0
DA:36,0
DA:37,0
DA:38,0
DA:40,0
DA:41,0
DA:42,0
DA:43,0
DA:44,0
DA:48,0
DA:49,0
DA:52,0
DA:53,0
DA:54,0
DA:55,0
DA:56,0
DA:58,0
DA:59,0
DA:61,0
DA:62,0
DA:63,0
DA:65,0
DA:67,0
DA:68,0
DA:71,0
DA:72,0
DA:73,0
DA:74,0
DA:77,0
DA:78,0
DA:79,0
DA:80,0
DA:81,0
DA:82,0
DA:84,0
DA:85,0
DA:86,0
DA:87,0
DA:88,0
DA:89,0
DA:90,0
DA:91,0
DA:92,0
DA:93,0
DA:94,0
DA:95,0
DA:96,0
DA:97,0
DA:100,0
DA:101,0
DA:103,0
DA:105,0
DA:106,0
DA:107,0
DA:108,0
DA:110,0
DA:111,0
BRF:0
BRH:0
LF:75
LH:0
end_of_record
SF:/Users/goshea/projects/icarus/icarus-sdk/cli/src/commands/mcp/stop.rs
FN:38,_RNCNCNCNvNtNtNtCs4Q4w8IwqgUj_6icarus8commands3mcp4stop20stop_all_mcp_servers0s_00Bd_
FN:39,_RNCNCNCNvNtNtNtCs4Q4w8IwqgUj_6icarus8commands3mcp4stop20stop_all_mcp_servers0s_0s_0Bd_
FN:85,_RNCNCNCNvNtNtNtCs4Q4w8IwqgUj_6icarus8commands3mcp4stop28stop_mcp_server_for_canister0s_00Bd_
FN:86,_RNCNCNCNvNtNtNtCs4Q4w8IwqgUj_6icarus8commands3mcp4stop28stop_mcp_server_for_canister0s_0s_0Bd_
FN:31,_RNCNCNvNtNtNtCs4Q4w8IwqgUj_6icarus8commands3mcp4stop20stop_all_mcp_servers00Bb_
FN:35,_RNCNCNvNtNtNtCs4Q4w8IwqgUj_6icarus8commands3mcp4stop20stop_all_mcp_servers0s_0Bb_
FN:78,_RNCNCNvNtNtNtCs4Q4w8IwqgUj_6icarus8commands3mcp4stop28stop_mcp_server_for_canister00Bb_
FN:87,_RNCNCNvNtNtNtCs4Q4w8IwqgUj_6icarus8commands3mcp4stop28stop_mcp_server_for_canister0s0_0Bb_
FN:82,_RNCNCNvNtNtNtCs4Q4w8IwqgUj_6icarus8commands3mcp4stop28stop_mcp_server_for_canister0s_0Bb_
FN:17,_RNCNvNtNtNtCs4Q4w8IwqgUj_6icarus8commands3mcp4stop20stop_all_mcp_servers0B9_
FN:61,_RNCNvNtNtNtCs4Q4w8IwqgUj_6icarus8commands3mcp4stop28stop_mcp_server_for_canister0B9_
FN:6,_RNCNvNtNtNtCs4Q4w8IwqgUj_6icarus8commands3mcp4stop7execute0B9_
FN:118,_RNvNtNtNtCs4Q4w8IwqgUj_6icarus8commands3mcp4stop12stop_process
FN:17,_RNvNtNtNtCs4Q4w8IwqgUj_6icarus8commands3mcp4stop20stop_all_mcp_servers
FN:61,_RNvNtNtNtCs4Q4w8IwqgUj_6icarus8commands3mcp4stop28stop_mcp_server_for_canister
FN:6,_RNvNtNtNtCs4Q4w8IwqgUj_6icarus8commands3mcp4stop7execute
FNDA:0,_RNCNCNCNvNtNtNtCs4Q4w8IwqgUj_6icarus8commands3mcp4stop20stop_all_mcp_servers0s_00Bd_
FNDA:0,_RNCNCNCNvNtNtNtCs4Q4w8IwqgUj_6icarus8commands3mcp4stop20stop_all_mcp_servers0s_0s_0Bd_
FNDA:0,_RNCNCNCNvNtNtNtCs4Q4w8IwqgUj_6icarus8commands3mcp4stop28stop_mcp_server_for_canister0s_00Bd_
FNDA:0,_RNCNCNCNvNtNtNtCs4Q4w8IwqgUj_6icarus8commands3mcp4stop28stop_mcp_server_for_canister0s_0s_0Bd_
FNDA:0,_RNCNCNvNtNtNtCs4Q4w8IwqgUj_6icarus8commands3mcp4stop20stop_all_mcp_servers00Bb_
FNDA:0,_RNCNCNvNtNtNtCs4Q4w8IwqgUj_6icarus8commands3mcp4stop20stop_all_mcp_servers0s_0Bb_
FNDA:0,_RNCNCNvNtNtNtCs4Q4w8IwqgUj_6icarus8commands3mcp4stop28stop_mcp_server_for_canister00Bb_
FNDA:0,_RNCNCNvNtNtNtCs4Q4w8IwqgUj_6icarus8commands3mcp4stop28stop_mcp_server_for_canister0s0_0Bb_
FNDA:0,_RNCNCNvNtNtNtCs4Q4w8IwqgUj_6icarus8commands3mcp4stop28stop_mcp_server_for_canister0s_0Bb_
FNDA:0,_RNCNvNtNtNtCs4Q4w8IwqgUj_6icarus8commands3mcp4stop20stop_all_mcp_servers0B9_
FNDA:0,_RNCNvNtNtNtCs4Q4w8IwqgUj_6icarus8commands3mcp4stop28stop_mcp_server_for_canister0B9_
FNDA:0,_RNCNvNtNtNtCs4Q4w8IwqgUj_6icarus8commands3mcp4stop7execute0B9_
FNDA:0,_RNvNtNtNtCs4Q4w8IwqgUj_6icarus8commands3mcp4stop12stop_process
FNDA:0,_RNvNtNtNtCs4Q4w8IwqgUj_6icarus8commands3mcp4stop20stop_all_mcp_servers
FNDA:0,_RNvNtNtNtCs4Q4w8IwqgUj_6icarus8commands3mcp4stop28stop_mcp_server_for_canister
FNDA:0,_RNvNtNtNtCs4Q4w8IwqgUj_6icarus8commands3mcp4stop7execute
FNF:16
FNH:0
DA:6,0
DA:7,0
DA:8,0
DA:9,0
DA:10,0
DA:12,0
DA:13,0
DA:15,0
DA:17,0
DA:18,0
DA:20,0
DA:21,0
DA:23,0
DA:25,0
DA:26,0
DA:29,0
DA:30,0
DA:31,0
DA:32,0
DA:35,0
DA:36,0
DA:37,0
DA:38,0
DA:39,0
DA:40,0
DA:42,0
DA:43,0
DA:44,0
DA:45,0
DA:46,0
DA:47,0
DA:48,0
DA:49,0
DA:52,0
DA:53,0
DA:54,0
DA:55,0
DA:56,0
DA:58,0
DA:59,0
DA:61,0
DA:62,0
DA:63,0
DA:64,0
DA:65,0
DA:67,0
DA:68,0
DA:70,0
DA:72,0
DA:73,0
DA:76,0
DA:77,0
DA:78,0
DA:79,0
DA:82,0
DA:83,0
DA:84,0
DA:85,0
DA:86,0
DA:87,0
DA:89,0
DA:90,0
DA:91,0
DA:92,0
DA:93,0
DA:94,0
DA:95,0
DA:96,0
DA:97,0
DA:98,0
DA:99,0
DA:100,0
DA:103,0
DA:104,0
DA:105,0
DA:106,0
DA:107,0
DA:108,0
DA:109,0
DA:110,0
DA:111,0
DA:112,0
DA:113,0
DA:115,0
DA:116,0
DA:118,0
DA:119,0
DA:121,0
DA:122,0
DA:125,0
DA:127,0
DA:130,0
DA:132,0
DA:133,0
DA:134,0
DA:137,0
DA:138,0
DA:139,0
DA:140,0
DA:141,0
DA:142,0
DA:143,0
DA:145,0
DA:146,0
DA:148,0
DA:149,0
DA:150,0
DA:151,0
DA:152,0
DA:154,0
BRF:0
BRH:0
LF:123
LH:0
end_of_record
SF:/Users/goshea/projects/icarus/icarus-sdk/cli/src/commands/new.rs
FN:347,_RNCNCNvNtNtCs4Q4w8IwqgUj_6icarus8commands3new25create_cargo_toml_content00B9_
FN:102,_RNCNvNtNtCs4Q4w8IwqgUj_6icarus8commands3new21is_valid_project_name0B7_
FN:346,_RNCNvNtNtCs4Q4w8IwqgUj_6icarus8commands3new25create_cargo_toml_content0B7_
FN:14,_RNCNvNtNtCs4Q4w8IwqgUj_6icarus8commands3new7execute0B7_
FN:474,_RNvNtNtCs4Q4w8IwqgUj_6icarus8commands3new13create_readme
FN:421,_RNvNtNtCs4Q4w8IwqgUj_6icarus8commands3new15create_dfx_json
FN:274,_RNvNtNtCs4Q4w8IwqgUj_6icarus8commands3new17create_cargo_toml
FN:141,_RNvNtNtCs4Q4w8IwqgUj_6icarus8commands3new19create_lib_template
FN:100,_RNvNtNtCs4Q4w8IwqgUj_6icarus8commands3new21is_valid_project_name
FN:287,_RNvNtNtCs4Q4w8IwqgUj_6icarus8commands3new22get_workspace_versions
FN:106,_RNvNtNtCs4Q4w8IwqgUj_6icarus8commands3new24create_project_structure
FN:339,_RNvNtNtCs4Q4w8IwqgUj_6icarus8commands3new25create_cargo_toml_content
FN:451,_RNvNtNtCs4Q4w8IwqgUj_6icarus8commands3new26create_minimal_candid_file
FN:9,_RNvNtNtCs4Q4w8IwqgUj_6icarus8commands3new7execute
FNDA:0,_RNCNCNvNtNtCs4Q4w8IwqgUj_6icarus8commands3new25create_cargo_toml_content00B9_
FNDA:0,_RNCNvNtNtCs4Q4w8IwqgUj_6icarus8commands3new21is_valid_project_name0B7_
FNDA:0,_RNCNvNtNtCs4Q4w8IwqgUj_6icarus8commands3new25create_cargo_toml_content0B7_
FNDA:0,_RNCNvNtNtCs4Q4w8IwqgUj_6icarus8commands3new7execute0B7_
FNDA:0,_RNvNtNtCs4Q4w8IwqgUj_6icarus8commands3new13create_readme
FNDA:0,_RNvNtNtCs4Q4w8IwqgUj_6icarus8commands3new15create_dfx_json
FNDA:0,_RNvNtNtCs4Q4w8IwqgUj_6icarus8commands3new17create_cargo_toml
FNDA:0,_RNvNtNtCs4Q4w8IwqgUj_6icarus8commands3new19create_lib_template
FNDA:0,_RNvNtNtCs4Q4w8IwqgUj_6icarus8commands3new21is_valid_project_name
FNDA:0,_RNvNtNtCs4Q4w8IwqgUj_6icarus8commands3new22get_workspace_versions
FNDA:0,_RNvNtNtCs4Q4w8IwqgUj_6icarus8commands3new24create_project_structure
FNDA:0,_RNvNtNtCs4Q4w8IwqgUj_6icarus8commands3new25create_cargo_toml_content
FNDA:0,_RNvNtNtCs4Q4w8IwqgUj_6icarus8commands3new26create_minimal_candid_file
FNDA:0,_RNvNtNtCs4Q4w8IwqgUj_6icarus8commands3new7execute
FNF:14
FNH:0
DA:9,0
DA:10,0
DA:11,0
DA:12,0
DA:13,0
DA:14,0
DA:16,0
DA:17,0
DA:18,0
DA:21,0
DA:22,0
DA:24,0
DA:28,0
DA:29,0
DA:30,0
DA:32,0
DA:34,0
DA:35,0
DA:36,0
DA:39,0
DA:42,0
DA:45,0
DA:46,0
DA:47,0
DA:48,0
DA:49,0
DA:51,0
DA:52,0
DA:53,0
DA:54,0
DA:55,0
DA:56,0
DA:57,0
DA:58,0
DA:61,0
DA:62,0
DA:63,0
DA:64,0
DA:65,0
DA:68,0
DA:69,0
DA:70,0
DA:71,0
DA:72,0
DA:73,0
DA:74,0
DA:75,0
DA:76,0
DA:77,0
DA:78,0
DA:79,0
DA:80,0
DA:81,0
DA:82,0
DA:83,0
DA:84,0
DA:85,0
DA:86,0
DA:87,0
DA:88,0
DA:90,0
DA:92,0
DA:93,0
DA:94,0
DA:95,0
DA:97,0
DA:98,0
DA:100,0
DA:101,0
DA:102,0
DA:103,0
DA:104,0
DA:106,0
DA:107,0
DA:108,0
DA:109,0
DA:110,0
DA:111,0
DA:113,0
DA:114,0
DA:117,0
DA:118,0
DA:119,0
DA:120,0
DA:123,0
DA:124,0
DA:127,0
DA:130,0
DA:133,0
DA:136,0
DA:138,0
DA:139,0
DA:141,0
DA:143,0
DA:144,0
DA:145,0
DA:146,0
DA:147,0
DA:148,0
DA:149,0
DA:150,0
DA:151,0
DA:152,0
DA:153,0
DA:154,0
DA:155,0
DA:156,0
DA:157,0
DA:158,0
DA:159,0
DA:160,0
DA:161,0
DA:162,0
DA:163,0
DA:164,0
DA:165,0
DA:166,0
DA:167,0
DA:168,0
DA:169,0
DA:170,0
DA:171,0
DA:172,0
DA:173,0
DA:174,0
DA:175,0
DA:176,0
DA:177,0
DA:178,0
DA:179,0
DA:180,0
DA:181,0
DA:182,0
DA:183,0
DA:184,0
DA:185,0
DA:186,0
DA:187,0
DA:188,0
DA:189,0
DA:190,0
DA:191,0
DA:192,0
DA:193,0
DA:194,0
DA:195,0
DA:196,0
DA:197,0
DA:198,0
DA:199,0
DA:200,0
DA:201,0
DA:202,0
DA:203,0
DA:204,0
DA:205,0
DA:206,0
DA:207,0
DA:208,0
DA:209,0
DA:210,0
DA:211,0
DA:212,0
DA:213,0
DA:214,0
DA:215,0
DA:216,0
DA:217,0
DA:218,0
DA:219,0
DA:220,0
DA:221,0
DA:222,0
DA:223,0
DA:224,0
DA:225,0
DA:226,0
DA:227,0
DA:228,0
DA:229,0
DA:230,0
DA:231,0
DA:232,0
DA:233,0
DA:234,0
DA:235,0
DA:236,0
DA:237,0
DA:238,0
DA:239,0
DA:240,0
DA:241,0
DA:242,0
DA:243,0
DA:244,0
DA:245,0
DA:246,0
DA:247,0
DA:248,0
DA:249,0
DA:250,0
DA:251,0
DA:252,0
DA:253,0
DA:254,0
DA:255,0
DA:256,0
DA:257,0
DA:258,0
DA:259,0
DA:260,0
DA:261,0
DA:262,0
DA:263,0
DA:264,0
DA:265,0
DA:266,0
DA:267,0
DA:268,0
DA:270,0
DA:271,0
DA:272,0
DA:274,0
DA:275,0
DA:276,0
DA:277,0
DA:278,0
DA:279,0
DA:281,0
DA:283,0
DA:284,0
DA:285,0
DA:287,0
DA:289,0
DA:290,0
DA:291,0
DA:292,0
DA:293,0
DA:294,0
DA:296,0
DA:297,0
DA:298,0
DA:299,0
DA:300,0
DA:301,0
DA:303,0
DA:304,0
DA:305,0
DA:306,0
DA:307,0
DA:308,0
DA:309,0
DA:311,0
DA:314,0
DA:316,0
DA:318,0
DA:319,0
DA:320,0
DA:321,0
DA:322,0
DA:323,0
DA:327,0
DA:328,0
DA:329,0
DA:330,0
DA:331,0
DA:332,0
DA:333,0
DA:334,0
DA:335,0
DA:336,0
DA:337,0
DA:339,0
DA:340,0
DA:341,0
DA:342,0
DA:343,0
DA:344,0
DA:346,0
DA:347,0
DA:348,0
DA:349,0
DA:350,0
DA:351,0
DA:352,0
DA:353,0
DA:354,0
DA:355,0
DA:356,0
DA:357,0
DA:358,0
DA:360,0
DA:361,0
DA:362,0
DA:363,0
DA:364,0
DA:365,0
DA:366,0
DA:367,0
DA:368,0
DA:369,0
DA:370,0
DA:371,0
DA:374,0
DA:377,0
DA:378,0
DA:380,0
DA:381,0
DA:382,0
DA:387,0
DA:388,0
DA:389,0
DA:390,0
DA:391,0
DA:392,0
DA:393,0
DA:394,0
DA:395,0
DA:396,0
DA:397,0
DA:398,0
DA:399,0
DA:400,0
DA:401,0
DA:402,0
DA:403,0
DA:404,0
DA:405,0
DA:406,0
DA:407,0
DA:408,0
DA:409,0
DA:410,0
DA:411,0
DA:412,0
DA:413,0
DA:414,0
DA:415,0
DA:416,0
DA:417,0
DA:418,0
DA:419,0
DA:421,0
DA:422,0
DA:423,0
DA:424,0
DA:425,0
DA:426,0
DA:427,0
DA:428,0
DA:429,0
DA:430,0
DA:431,0
DA:432,0
DA:433,0
DA:434,0
DA:435,0
DA:436,0
DA:437,0
DA:438,0
DA:439,0
DA:440,0
DA:441,0
DA:442,0
DA:443,0
DA:444,0
DA:447,0
DA:448,0
DA:449,0
DA:451,0
DA:454,0
DA:455,0
DA:456,0
DA:457,0
DA:458,0
DA:459,0
DA:460,0
DA:461,0
DA:462,0
DA:463,0
DA:464,0
DA:465,0
DA:466,0
DA:467,0
DA:469,0
DA:470,0
DA:471,0
DA:472,0
DA:474,0
DA:475,0
DA:476,0
DA:477,0
DA:478,0
DA:479,0
DA:480,0
DA:481,0
DA:482,0
DA:483,0
DA:484,0
DA:485,0
DA:486,0
DA:487,0
DA:488,0
DA:489,0
DA:490,0
DA:491,0
DA:492,0
DA:493,0
DA:494,0
DA:495,0
DA:496,0
DA:497,0
DA:498,0
DA:499,0
DA:500,0
DA:501,0
DA:502,0
DA:503,0
DA:504,0
DA:505,0
DA:506,0
DA:507,0
DA:508,0
DA:509,0
DA:510,0
DA:511,0
DA:512,0
DA:513,0
DA:514,0
DA:515,0
DA:516,0
DA:517,0
DA:518,0
DA:519,0
DA:520,0
DA:521,0
DA:522,0
DA:523,0
DA:524,0
DA:525,0
DA:526,0
DA:527,0
DA:528,0
DA:529,0
DA:530,0
DA:531,0
DA:532,0
DA:533,0
DA:534,0
DA:535,0
DA:538,0
DA:539,0
DA:540,0
BRF:0
BRH:0
LF:457
LH:0
end_of_record
SF:/Users/goshea/projects/icarus/icarus-sdk/cli/src/commands/profile/analyze.rs
FN:28,_RNCNCNvNtNtNtCs4Q4w8IwqgUj_6icarus8commands7profile7analyze7execute00Bb_
FN:82,_RNCNvNtNtNtCs4Q4w8IwqgUj_6icarus8commands7profile7analyze14find_wasm_file0B9_
FN:10,_RNCNvNtNtNtCs4Q4w8IwqgUj_6icarus8commands7profile7analyze7execute0B9_
FN:401,_RNvNtNtNtCs4Q4w8IwqgUj_6icarus8commands7profile7analyze13decode_leb128
FN:50,_RNvNtNtNtCs4Q4w8IwqgUj_6icarus8commands7profile7analyze14find_wasm_file
FN:345,_RNvNtNtNtCs4Q4w8IwqgUj_6icarus8commands7profile7analyze19parse_wasm_sections
FN:172,_RNvNtNtNtCs4Q4w8IwqgUj_6icarus8commands7profile7analyze22analyze_memory_section
FN:97,_RNvNtNtNtCs4Q4w8IwqgUj_6icarus8commands7profile7analyze24analyze_basic_properties
FN:227,_RNvNtNtNtCs4Q4w8IwqgUj_6icarus8commands7profile7analyze27estimate_optimization_level
FN:201,_RNvNtNtNtCs4Q4w8IwqgUj_6icarus8commands7profile7analyze28analyze_instruction_patterns
FN:242,_RNvNtNtNtCs4Q4w8IwqgUj_6icarus8commands7profile7analyze28analyze_performance_patterns
FN:139,_RNvNtNtNtCs4Q4w8IwqgUj_6icarus8commands7profile7analyze30analyze_memory_characteristics
FN:279,_RNvNtNtNtCs4Q4w8IwqgUj_6icarus8commands7profile7analyze36provide_optimization_recommendations
FN:10,_RNvNtNtNtCs4Q4w8IwqgUj_6icarus8commands7profile7analyze7execute
FNDA:0,_RNCNCNvNtNtNtCs4Q4w8IwqgUj_6icarus8commands7profile7analyze7execute00Bb_
FNDA:0,_RNCNvNtNtNtCs4Q4w8IwqgUj_6icarus8commands7profile7analyze14find_wasm_file0B9_
FNDA:0,_RNCNvNtNtNtCs4Q4w8IwqgUj_6icarus8commands7profile7analyze7execute0B9_
FNDA:0,_RNvNtNtNtCs4Q4w8IwqgUj_6icarus8commands7profile7analyze13decode_leb128
FNDA:0,_RNvNtNtNtCs4Q4w8IwqgUj_6icarus8commands7profile7analyze14find_wasm_file
FNDA:0,_RNvNtNtNtCs4Q4w8IwqgUj_6icarus8commands7profile7analyze19parse_wasm_sections
FNDA:0,_RNvNtNtNtCs4Q4w8IwqgUj_6icarus8commands7profile7analyze22analyze_memory_section
FNDA:0,_RNvNtNtNtCs4Q4w8IwqgUj_6icarus8commands7profile7analyze24analyze_basic_properties
FNDA:0,_RNvNtNtNtCs4Q4w8IwqgUj_6icarus8commands7profile7analyze27estimate_optimization_level
FNDA:0,_RNvNtNtNtCs4Q4w8IwqgUj_6icarus8commands7profile7analyze28analyze_instruction_patterns
FNDA:0,_RNvNtNtNtCs4Q4w8IwqgUj_6icarus8commands7profile7analyze28analyze_performance_patterns
FNDA:0,_RNvNtNtNtCs4Q4w8IwqgUj_6icarus8commands7profile7analyze30analyze_memory_characteristics
FNDA:0,_RNvNtNtNtCs4Q4w8IwqgUj_6icarus8commands7profile7analyze36provide_optimization_recommendations
FNDA:0,_RNvNtNtNtCs4Q4w8IwqgUj_6icarus8commands7profile7analyze7execute
FNF:14
FNH:0
DA:10,0
DA:11,0
DA:12,0
DA:13,0
DA:14,0
DA:15,0
DA:19,0
DA:20,0
DA:21,0
DA:22,0
DA:24,0
DA:27,0
DA:28,0
DA:30,0
DA:31,0
DA:33,0
DA:34,0
DA:35,0
DA:36,0
DA:38,0
DA:39,0
DA:40,0
DA:41,0
DA:43,0
DA:44,0
DA:46,0
DA:47,0
DA:50,0
DA:51,0
DA:52,0
DA:53,0
DA:54,0
DA:55,0
DA:56,0
DA:57,0
DA:60,0
DA:61,0
DA:62,0
DA:63,0
DA:64,0
DA:65,0
DA:66,0
DA:67,0
DA:68,0
DA:69,0
DA:70,0
DA:71,0
DA:72,0
DA:76,0
DA:77,0
DA:78,0
DA:79,0
DA:80,0
DA:81,0
DA:82,0
DA:83,0
DA:84,0
DA:85,0
DA:87,0
DA:88,0
DA:91,0
DA:92,0
DA:93,0
DA:94,0
DA:97,0
DA:98,0
DA:99,0
DA:100,0
DA:101,0
DA:105,0
DA:106,0
DA:107,0
DA:108,0
DA:109,0
DA:110,0
DA:111,0
DA:112,0
DA:113,0
DA:114,0
DA:115,0
DA:116,0
DA:119,0
DA:120,0
DA:121,0
DA:123,0
DA:124,0
DA:125,0
DA:126,0
DA:127,0
DA:128,0
DA:129,0
DA:130,0
DA:133,0
DA:135,0
DA:136,0
DA:139,0
DA:141,0
DA:143,0
DA:144,0
DA:145,0
DA:146,0
DA:147,0
DA:148,0
DA:149,0
DA:150,0
DA:151,0
DA:152,0
DA:153,0
DA:154,0
DA:155,0
DA:156,0
DA:157,0
DA:158,0
DA:163,0
DA:164,0
DA:165,0
DA:166,0
DA:168,0
DA:169,0
DA:172,0
DA:173,0
DA:174,0
DA:175,0
DA:178,0
DA:179,0
DA:180,0
DA:184,0
DA:185,0
DA:186,0
DA:188,0
DA:190,0
DA:191,0
DA:192,0
DA:193,0
DA:194,0
DA:195,0
DA:196,0
DA:197,0
DA:198,0
DA:201,0
DA:202,0
DA:204,0
DA:205,0
DA:206,0
DA:207,0
DA:208,0
DA:209,0
DA:210,0
DA:211,0
DA:212,0
DA:213,0
DA:214,0
DA:215,0
DA:216,0
DA:217,0
DA:218,0
DA:219,0
DA:220,0
DA:223,0
DA:224,0
DA:227,0
DA:228,0
DA:229,0
DA:230,0
DA:231,0
DA:232,0
DA:235,0
DA:236,0
DA:237,0
DA:239,0
DA:242,0
DA:244,0
DA:245,0
DA:246,0
DA:249,0
DA:250,0
DA:251,0
DA:252,0
DA:253,0
DA:254,0
DA:258,0
DA:259,0
DA:260,0
DA:261,0
DA:262,0
DA:263,0
DA:264,0
DA:265,0
DA:266,0
DA:267,0
DA:268,0
DA:269,0
DA:270,0
DA:271,0
DA:272,0
DA:273,0
DA:274,0
DA:275,0
DA:276,0
DA:279,0
DA:280,0
DA:283,0
DA:284,0
DA:285,0
DA:286,0
DA:287,0
DA:288,0
DA:289,0
DA:290,0
DA:291,0
DA:292,0
DA:293,0
DA:294,0
DA:297,0
DA:298,0
DA:299,0
DA:300,0
DA:301,0
DA:302,0
DA:305,0
DA:306,0
DA:307,0
DA:308,0
DA:309,0
DA:312,0
DA:313,0
DA:314,0
DA:315,0
DA:317,0
DA:318,0
DA:345,0
DA:346,0
DA:348,0
DA:349,0
DA:350,0
DA:353,0
DA:355,0
DA:356,0
DA:357,0
DA:358,0
DA:360,0
DA:361,0
DA:362,0
DA:363,0
DA:364,0
DA:365,0
DA:366,0
DA:367,0
DA:368,0
DA:369,0
DA:370,0
DA:371,0
DA:372,0
DA:373,0
DA:374,0
DA:375,0
DA:378,0
DA:381,0
DA:382,0
DA:384,0
DA:385,0
DA:386,0
DA:388,0
DA:389,0
DA:390,0
DA:391,0
DA:392,0
DA:394,0
DA:397,0
DA:398,0
DA:401,0
DA:402,0
DA:403,0
DA:404,0
DA:406,0
DA:408,0
DA:409,0
DA:411,0
DA:412,0
DA:413,0
DA:415,0
DA:416,0
DA:417,0
DA:418,0
DA:421,0
DA:422,0
BRF:0
BRH:0
LF:289
LH:0
end_of_record
SF:/Users/goshea/projects/icarus/icarus-sdk/cli/src/commands/profile/bench.rs
FN:47,_RNCNCNvNtNtNtCs4Q4w8IwqgUj_6icarus8commands7profile5bench7execute00Bb_
FN:127,_RNCNvNtNtNtCs4Q4w8IwqgUj_6icarus8commands7profile5bench22save_benchmark_results0B9_
FN:11,_RNCNvNtNtNtCs4Q4w8IwqgUj_6icarus8commands7profile5bench7execute0B9_
FN:170,_RNvNtNtNtCs4Q4w8IwqgUj_6icarus8commands7profile5bench20parse_benchmark_line
FN:106,_RNvNtNtNtCs4Q4w8IwqgUj_6icarus8commands7profile5bench21find_target_directory
FN:155,_RNvNtNtNtCs4Q4w8IwqgUj_6icarus8commands7profile5bench22parse_benchmark_output
FN:127,_RNvNtNtNtCs4Q4w8IwqgUj_6icarus8commands7profile5bench22save_benchmark_results
FN:250,_RNvNtNtNtCs4Q4w8IwqgUj_6icarus8commands7profile5bench22show_benchmark_summary
FN:206,_RNvNtNtNtCs4Q4w8IwqgUj_6icarus8commands7profile5bench25calculate_overall_summary
FN:11,_RNvNtNtNtCs4Q4w8IwqgUj_6icarus8commands7profile5bench7execute
FNDA:0,_RNCNCNvNtNtNtCs4Q4w8IwqgUj_6icarus8commands7profile5bench7execute00Bb_
FNDA:0,_RNCNvNtNtNtCs4Q4w8IwqgUj_6icarus8commands7profile5bench22save_benchmark_results0B9_
FNDA:0,_RNCNvNtNtNtCs4Q4w8IwqgUj_6icarus8commands7profile5bench7execute0B9_
FNDA:0,_RNvNtNtNtCs4Q4w8IwqgUj_6icarus8commands7profile5bench20parse_benchmark_line
FNDA:0,_RNvNtNtNtCs4Q4w8IwqgUj_6icarus8commands7profile5bench21find_target_directory
FNDA:0,_RNvNtNtNtCs4Q4w8IwqgUj_6icarus8commands7profile5bench22parse_benchmark_output
FNDA:0,_RNvNtNtNtCs4Q4w8IwqgUj_6icarus8commands7profile5bench22save_benchmark_results
FNDA:0,_RNvNtNtNtCs4Q4w8IwqgUj_6icarus8commands7profile5bench22show_benchmark_summary
FNDA:0,_RNvNtNtNtCs4Q4w8IwqgUj_6icarus8commands7profile5bench25calculate_overall_summary
FNDA:0,_RNvNtNtNtCs4Q4w8IwqgUj_6icarus8commands7profile5bench7execute
FNF:10
FNH:0
DA:11,0
DA:12,0
DA:13,0
DA:14,0
DA:18,0
DA:19,0
DA:21,0
DA:22,0
DA:23,0
DA:26,0
DA:27,0
DA:30,0
DA:31,0
DA:32,0
DA:33,0
DA:36,0
DA:37,0
DA:38,0
DA:39,0
DA:41,0
DA:44,0
DA:45,0
DA:46,0
DA:47,0
DA:49,0
DA:50,0
DA:51,0
DA:52,0
DA:53,0
DA:54,0
DA:55,0
DA:56,0
DA:59,0
DA:60,0
DA:63,0
DA:64,0
DA:65,0
DA:66,0
DA:69,0
DA:70,0
DA:71,0
DA:72,0
DA:73,0
DA:75,0
DA:76,0
DA:77,0
DA:78,0
DA:79,0
DA:80,0
DA:81,0
DA:82,0
DA:83,0
DA:84,0
DA:85,0
DA:86,0
DA:87,0
DA:88,0
DA:89,0
DA:90,0
DA:91,0
DA:92,0
DA:95,0
DA:97,0
DA:98,0
DA:99,0
DA:102,0
DA:103,0
DA:106,0
DA:107,0
DA:110,0
DA:111,0
DA:112,0
DA:113,0
DA:115,0
DA:116,0
DA:117,0
DA:118,0
DA:123,0
DA:124,0
DA:127,0
DA:128,0
DA:131,0
DA:132,0
DA:133,0
DA:136,0
DA:138,0
DA:139,0
DA:140,0
DA:141,0
DA:142,0
DA:144,0
DA:145,0
DA:148,0
DA:151,0
DA:152,0
DA:155,0
DA:156,0
DA:158,0
DA:159,0
DA:160,0
DA:161,0
DA:162,0
DA:163,0
DA:166,0
DA:167,0
DA:170,0
DA:172,0
DA:174,0
DA:175,0
DA:176,0
DA:178,0
DA:181,0
DA:182,0
DA:184,0
DA:185,0
DA:186,0
DA:187,0
DA:188,0
DA:189,0
DA:190,0
DA:191,0
DA:192,0
DA:193,0
DA:195,0
DA:196,0
DA:197,0
DA:198,0
DA:199,0
DA:201,0
DA:203,0
DA:206,0
DA:207,0
DA:209,0
DA:210,0
DA:211,0
DA:212,0
DA:213,0
DA:214,0
DA:215,0
DA:216,0
DA:217,0
DA:218,0
DA:219,0
DA:220,0
DA:222,0
DA:223,0
DA:225,0
DA:226,0
DA:227,0
DA:228,0
DA:229,0
DA:231,0
DA:232,0
DA:233,0
DA:234,0
DA:235,0
DA:237,0
DA:238,0
DA:239,0
DA:240,0
DA:241,0
DA:242,0
DA:243,0
DA:244,0
DA:245,0
DA:246,0
DA:247,0
DA:250,0
DA:251,0
DA:253,0
DA:254,0
DA:255,0
DA:256,0
DA:258,0
DA:259,0
DA:260,0
DA:261,0
DA:265,0
DA:266,0
DA:267,0
DA:268,0
DA:269,0
DA:270,0
DA:271,0
DA:272,0
DA:273,0
DA:274,0
DA:276,0
DA:277,0
DA:278,0
DA:279,0
DA:280,0
DA:281,0
DA:282,0
DA:283,0
DA:284,0
DA:285,0
DA:288,0
DA:289,0
DA:291,0
DA:292,0
DA:293,0
DA:295,0
BRF:0
BRH:0
LF:206
LH:0
end_of_record
SF:/Users/goshea/projects/icarus/icarus-sdk/cli/src/commands/profile/canister.rs
FN:61,_RNCNCNvNtNtNtCs4Q4w8IwqgUj_6icarus8commands7profile8canister12create_agent00Bb_
FN:68,_RNCNCNvNtNtNtCs4Q4w8IwqgUj_6icarus8commands7profile8canister12create_agent0s_0Bb_
FN:139,_RNCNCNvNtNtNtCs4Q4w8IwqgUj_6icarus8commands7profile8canister16profile_canister00Bb_
FN:78,_RNCNCNvNtNtNtCs4Q4w8IwqgUj_6icarus8commands7profile8canister17validate_canister00Bb_
FN:47,_RNCNvNtNtNtCs4Q4w8IwqgUj_6icarus8commands7profile8canister12create_agent0B9_
FN:119,_RNCNvNtNtNtCs4Q4w8IwqgUj_6icarus8commands7profile8canister16profile_canister0B9_
FN:211,_RNCNvNtNtNtCs4Q4w8IwqgUj_6icarus8commands7profile8canister17make_test_request0B9_
FN:75,_RNCNvNtNtNtCs4Q4w8IwqgUj_6icarus8commands7profile8canister17validate_canister0B9_
FN:18,_RNCNvNtNtNtCs4Q4w8IwqgUj_6icarus8commands7profile8canister7execute0B9_
FN:47,_RNvNtNtNtCs4Q4w8IwqgUj_6icarus8commands7profile8canister12create_agent
FN:114,_RNvNtNtNtCs4Q4w8IwqgUj_6icarus8commands7profile8canister16profile_canister
FN:211,_RNvNtNtNtCs4Q4w8IwqgUj_6icarus8commands7profile8canister17make_test_request
FN:75,_RNvNtNtNtCs4Q4w8IwqgUj_6icarus8commands7profile8canister17validate_canister
FN:286,_RNvNtNtNtCs4Q4w8IwqgUj_6icarus8commands7profile8canister18assess_performance
FN:225,_RNvNtNtNtCs4Q4w8IwqgUj_6icarus8commands7profile8canister25display_profiling_results
FN:13,_RNvNtNtNtCs4Q4w8IwqgUj_6icarus8commands7profile8canister7execute
FNDA:0,_RNCNCNvNtNtNtCs4Q4w8IwqgUj_6icarus8commands7profile8canister12create_agent00Bb_
FNDA:0,_RNCNCNvNtNtNtCs4Q4w8IwqgUj_6icarus8commands7profile8canister12create_agent0s_0Bb_
FNDA:0,_RNCNCNvNtNtNtCs4Q4w8IwqgUj_6icarus8commands7profile8canister16profile_canister00Bb_
FNDA:0,_RNCNCNvNtNtNtCs4Q4w8IwqgUj_6icarus8commands7profile8canister17validate_canister00Bb_
FNDA:0,_RNCNvNtNtNtCs4Q4w8IwqgUj_6icarus8commands7profile8canister12create_agent0B9_
FNDA:0,_RNCNvNtNtNtCs4Q4w8IwqgUj_6icarus8commands7profile8canister16profile_canister0B9_
FNDA:0,_RNCNvNtNtNtCs4Q4w8IwqgUj_6icarus8commands7profile8canister17make_test_request0B9_
FNDA:0,_RNCNvNtNtNtCs4Q4w8IwqgUj_6icarus8commands7profile8canister17validate_canister0B9_
FNDA:0,_RNCNvNtNtNtCs4Q4w8IwqgUj_6icarus8commands7profile8canister7execute0B9_
FNDA:0,_RNvNtNtNtCs4Q4w8IwqgUj_6icarus8commands7profile8canister12create_agent
FNDA:0,_RNvNtNtNtCs4Q4w8IwqgUj_6icarus8commands7profile8canister16profile_canister
FNDA:0,_RNvNtNtNtCs4Q4w8IwqgUj_6icarus8commands7profile8canister17make_test_request
FNDA:0,_RNvNtNtNtCs4Q4w8IwqgUj_6icarus8commands7profile8canister17validate_canister
FNDA:0,_RNvNtNtNtCs4Q4w8IwqgUj_6icarus8commands7profile8canister18assess_performance
FNDA:0,_RNvNtNtNtCs4Q4w8IwqgUj_6icarus8commands7profile8canister25display_profiling_results
FNDA:0,_RNvNtNtNtCs4Q4w8IwqgUj_6icarus8commands7profile8canister7execute
FNF:16
FNH:0
DA:13,0
DA:14,0
DA:15,0
DA:16,0
DA:17,0
DA:18,0
DA:19,0
DA:20,0
DA:21,0
DA:23,0
DA:24,0
DA:25,0
DA:26,0
DA:27,0
DA:30,0
DA:33,0
DA:35,0
DA:38,0
DA:41,0
DA:43,0
DA:44,0
DA:47,0
DA:48,0
DA:49,0
DA:50,0
DA:51,0
DA:54,0
DA:58,0
DA:59,0
DA:60,0
DA:61,0
DA:64,0
DA:65,0
DA:66,0
DA:67,0
DA:68,0
DA:69,0
DA:71,0
DA:72,0
DA:75,0
DA:76,0
DA:77,0
DA:78,0
DA:80,0
DA:83,0
DA:84,0
DA:85,0
DA:88,0
DA:89,0
DA:91,0
DA:93,0
DA:94,0
DA:95,0
DA:97,0
DA:100,0
DA:101,0
DA:104,0
DA:105,0
DA:106,0
DA:111,0
DA:114,0
DA:115,0
DA:116,0
DA:117,0
DA:118,0
DA:119,0
DA:120,0
DA:121,0
DA:123,0
DA:124,0
DA:125,0
DA:127,0
DA:128,0
DA:133,0
DA:135,0
DA:136,0
DA:137,0
DA:139,0
DA:140,0
DA:141,0
DA:142,0
DA:144,0
DA:145,0
DA:146,0
DA:147,0
DA:148,0
DA:149,0
DA:150,0
DA:151,0
DA:152,0
DA:153,0
DA:154,0
DA:157,0
DA:160,0
DA:163,0
DA:164,0
DA:165,0
DA:166,0
DA:167,0
DA:168,0
DA:169,0
DA:170,0
DA:171,0
DA:172,0
DA:173,0
DA:176,0
DA:177,0
DA:179,0
DA:183,0
DA:185,0
DA:186,0
DA:187,0
DA:188,0
DA:189,0
DA:190,0
DA:191,0
DA:192,0
DA:193,0
DA:194,0
DA:198,0
DA:200,0
DA:201,0
DA:202,0
DA:203,0
DA:204,0
DA:207,0
DA:208,0
DA:211,0
DA:213,0
DA:215,0
DA:217,0
DA:218,0
DA:219,0
DA:220,0
DA:222,0
DA:225,0
DA:226,0
DA:227,0
DA:229,0
DA:230,0
DA:233,0
DA:234,0
DA:235,0
DA:236,0
DA:238,0
DA:239,0
DA:240,0
DA:242,0
DA:243,0
DA:244,0
DA:246,0
DA:247,0
DA:248,0
DA:250,0
DA:251,0
DA:252,0
DA:254,0
DA:257,0
DA:258,0
DA:259,0
DA:261,0
DA:263,0
DA:264,0
DA:265,0
DA:267,0
DA:268,0
DA:269,0
DA:272,0
DA:273,0
DA:274,0
DA:275,0
DA:276,0
DA:277,0
DA:279,0
DA:282,0
DA:283,0
DA:286,0
DA:287,0
DA:290,0
DA:291,0
DA:292,0
DA:293,0
DA:294,0
DA:295,0
DA:296,0
DA:297,0
DA:298,0
DA:299,0
DA:300,0
DA:301,0
DA:302,0
DA:303,0
DA:304,0
DA:305,0
DA:306,0
DA:310,0
DA:311,0
DA:312,0
DA:313,0
DA:314,0
DA:315,0
DA:316,0
DA:317,0
DA:318,0
DA:319,0
DA:320,0
DA:321,0
DA:324,0
DA:325,0
DA:326,0
DA:327,0
DA:328,0
DA:329,0
DA:330,0
DA:331,0
DA:332,0
DA:333,0
DA:334,0
DA:335,0
DA:337,0
DA:340,0
DA:342,0
DA:343,0
DA:344,0
DA:345,0
DA:347,0
DA:348,0
DA:349,0
DA:350,0
DA:352,0
DA:353,0
DA:354,0
DA:355,0
DA:357,0
DA:358,0
DA:359,0
DA:360,0
DA:361,0
BRF:0
BRH:0
LF:247
LH:0
end_of_record
SF:/Users/goshea/projects/icarus/icarus-sdk/cli/src/commands/profile/mod.rs
FN:61,_RNCNvMNtNtCs4Q4w8IwqgUj_6icarus8commands7profileNtB4_15EnvironmentInfo7collect0B8_
FN:53,_RNvMNtNtCs4Q4w8IwqgUj_6icarus8commands7profileNtB2_15EnvironmentInfo7collect
FN:139,_RNvNtNtNtCs4Q4w8IwqgUj_6icarus8commands7profile5utils12format_bytes
FN:125,_RNvNtNtNtCs4Q4w8IwqgUj_6icarus8commands7profile5utils15format_duration
FN:74,_RNvNtNtNtCs4Q4w8IwqgUj_6icarus8commands7profile5utils17calculate_metrics
FNDA:0,_RNCNvMNtNtCs4Q4w8IwqgUj_6icarus8commands7profileNtB4_15EnvironmentInfo7collect0B8_
FNDA:0,_RNvMNtNtCs4Q4w8IwqgUj_6icarus8commands7profileNtB2_15EnvironmentInfo7collect
FNDA:0,_RNvNtNtNtCs4Q4w8IwqgUj_6icarus8commands7profile5utils12format_bytes
FNDA:0,_RNvNtNtNtCs4Q4w8IwqgUj_6icarus8commands7profile5utils15format_duration
FNDA:0,_RNvNtNtNtCs4Q4w8IwqgUj_6icarus8commands7profile5utils17calculate_metrics
FNF:5
FNH:0
DA:53,0
DA:54,0
DA:56,0
DA:57,0
DA:58,0
DA:59,0
DA:60,0
DA:61,0
DA:62,0
DA:63,0
DA:65,0
DA:74,0
DA:75,0
DA:76,0
DA:77,0
DA:78,0
DA:79,0
DA:80,0
DA:81,0
DA:82,0
DA:83,0
DA:84,0
DA:85,0
DA:86,0
DA:87,0
DA:88,0
DA:89,0
DA:90,0
DA:92,0
DA:93,0
DA:94,0
DA:96,0
DA:97,0
DA:99,0
DA:100,0
DA:101,0
DA:102,0
DA:103,0
DA:104,0
DA:105,0
DA:107,0
DA:108,0
DA:109,0
DA:110,0
DA:112,0
DA:113,0
DA:114,0
DA:115,0
DA:116,0
DA:117,0
DA:118,0
DA:119,0
DA:120,0
DA:121,0
DA:122,0
DA:125,0
DA:126,0
DA:127,0
DA:128,0
DA:129,0
DA:130,0
DA:131,0
DA:132,0
DA:134,0
DA:136,0
DA:139,0
DA:141,0
DA:142,0
DA:144,0
DA:145,0
DA:146,0
DA:147,0
DA:149,0
DA:150,0
BRF:0
BRH:0
LF:75
LH:0
end_of_record
SF:/Users/goshea/projects/icarus/icarus-sdk/cli/src/commands/validate.rs
FN:15,_RNCNCNvNtNtCs4Q4w8IwqgUj_6icarus8commands8validate7execute00B9_
FN:640,_RNCNvNtNtCs4Q4w8IwqgUj_6icarus8commands8validate16normalize_candid0B7_
FN:641,_RNCNvNtNtCs4Q4w8IwqgUj_6icarus8commands8validate16normalize_candids_0B7_
FN:647,_RNCNvNtNtCs4Q4w8IwqgUj_6icarus8commands8validate21cleanup_test_canister0B7_
FN:627,_RNCNvNtNtCs4Q4w8IwqgUj_6icarus8commands8validate21parse_candid_response0B7_
FN:629,_RNCNvNtNtCs4Q4w8IwqgUj_6icarus8commands8validate21parse_candid_responses_0B7_
FN:682,_RNCNvNtNtCs4Q4w8IwqgUj_6icarus8commands8validate22find_default_wasm_path0B7_
FN:737,_RNCNvNtNtCs4Q4w8IwqgUj_6icarus8commands8validate22find_default_wasm_paths0_0B7_
FN:738,_RNCNvNtNtCs4Q4w8IwqgUj_6icarus8commands8validate22find_default_wasm_paths1_0B7_
FN:685,_RNCNvNtNtCs4Q4w8IwqgUj_6icarus8commands8validate22find_default_wasm_paths_0B7_
FN:534,_RNCNvNtNtCs4Q4w8IwqgUj_6icarus8commands8validate29retrieve_candid_from_canister0B7_
FN:340,_RNCNvNtNtCs4Q4w8IwqgUj_6icarus8commands8validate37deploy_and_verify_candid_preservation0B7_
FN:14,_RNCNvNtNtCs4Q4w8IwqgUj_6icarus8commands8validate7execute0B7_
FN:637,_RNvNtNtCs4Q4w8IwqgUj_6icarus8commands8validate16normalize_candid
FN:232,_RNvNtNtCs4Q4w8IwqgUj_6icarus8commands8validate19check_wasm_metadata
FN:273,_RNvNtNtCs4Q4w8IwqgUj_6icarus8commands8validate20check_init_signature
FN:647,_RNvNtNtCs4Q4w8IwqgUj_6icarus8commands8validate21cleanup_test_canister
FN:625,_RNvNtNtCs4Q4w8IwqgUj_6icarus8commands8validate21parse_candid_response
FN:672,_RNvNtNtCs4Q4w8IwqgUj_6icarus8commands8validate22find_default_wasm_path
FN:302,_RNvNtNtCs4Q4w8IwqgUj_6icarus8commands8validate22validate_candid_syntax
FN:252,_RNvNtNtCs4Q4w8IwqgUj_6icarus8commands8validate24extract_candid_from_wasm
FN:534,_RNvNtNtCs4Q4w8IwqgUj_6icarus8commands8validate29retrieve_candid_from_canister
FN:336,_RNvNtNtCs4Q4w8IwqgUj_6icarus8commands8validate37deploy_and_verify_candid_preservation
FN:10,_RNvNtNtCs4Q4w8IwqgUj_6icarus8commands8validate7execute
FNDA:0,_RNCNCNvNtNtCs4Q4w8IwqgUj_6icarus8commands8validate7execute00B9_
FNDA:0,_RNCNvNtNtCs4Q4w8IwqgUj_6icarus8commands8validate16normalize_candid0B7_
FNDA:0,_RNCNvNtNtCs4Q4w8IwqgUj_6icarus8commands8validate16normalize_candids_0B7_
FNDA:0,_RNCNvNtNtCs4Q4w8IwqgUj_6icarus8commands8validate21cleanup_test_canister0B7_
FNDA:0,_RNCNvNtNtCs4Q4w8IwqgUj_6icarus8commands8validate21parse_candid_response0B7_
FNDA:0,_RNCNvNtNtCs4Q4w8IwqgUj_6icarus8commands8validate21parse_candid_responses_0B7_
FNDA:0,_RNCNvNtNtCs4Q4w8IwqgUj_6icarus8commands8validate22find_default_wasm_path0B7_
FNDA:0,_RNCNvNtNtCs4Q4w8IwqgUj_6icarus8commands8validate22find_default_wasm_paths0_0B7_
FNDA:0,_RNCNvNtNtCs4Q4w8IwqgUj_6icarus8commands8validate22find_default_wasm_paths1_0B7_
FNDA:0,_RNCNvNtNtCs4Q4w8IwqgUj_6icarus8commands8validate22find_default_wasm_paths_0B7_
FNDA:0,_RNCNvNtNtCs4Q4w8IwqgUj_6icarus8commands8validate29retrieve_candid_from_canister0B7_
FNDA:0,_RNCNvNtNtCs4Q4w8IwqgUj_6icarus8commands8validate37deploy_and_verify_candid_preservation0B7_
FNDA:0,_RNCNvNtNtCs4Q4w8IwqgUj_6icarus8commands8validate7execute0B7_
FNDA:0,_RNvNtNtCs4Q4w8IwqgUj_6icarus8commands8validate16normalize_candid
FNDA:0,_RNvNtNtCs4Q4w8IwqgUj_6icarus8commands8validate19check_wasm_metadata
FNDA:0,_RNvNtNtCs4Q4w8IwqgUj_6icarus8commands8validate20check_init_signature
FNDA:0,_RNvNtNtCs4Q4w8IwqgUj_6icarus8commands8validate21cleanup_test_canister
FNDA:0,_RNvNtNtCs4Q4w8IwqgUj_6icarus8commands8validate21parse_candid_response
FNDA:0,_RNvNtNtCs4Q4w8IwqgUj_6icarus8commands8validate22find_default_wasm_path
FNDA:0,_RNvNtNtCs4Q4w8IwqgUj_6icarus8commands8validate22validate_candid_syntax
FNDA:0,_RNvNtNtCs4Q4w8IwqgUj_6icarus8commands8validate24extract_candid_from_wasm
FNDA:0,_RNvNtNtCs4Q4w8IwqgUj_6icarus8commands8validate29retrieve_candid_from_canister
FNDA:0,_RNvNtNtCs4Q4w8IwqgUj_6icarus8commands8validate37deploy_and_verify_candid_preservation
FNDA:0,_RNvNtNtCs4Q4w8IwqgUj_6icarus8commands8validate7execute
FNF:24
FNH:0
DA:10,0
DA:11,0
DA:12,0
DA:13,0
DA:14,0
DA:15,0
DA:18,0
DA:19,0
DA:22,0
DA:25,0
DA:26,0
DA:27,0
DA:29,0
DA:30,0
DA:31,0
DA:32,0
DA:35,0
DA:36,0
DA:37,0
DA:39,0
DA:40,0
DA:41,0
DA:42,0
DA:43,0
DA:44,0
DA:45,0
DA:46,0
DA:47,0
DA:49,0
DA:50,0
DA:51,0
DA:52,0
DA:53,0
DA:55,0
DA:59,0
DA:60,0
DA:61,0
DA:62,0
DA:63,0
DA:64,0
DA:65,0
DA:67,0
DA:68,0
DA:69,0
DA:72,0
DA:74,0
DA:75,0
DA:76,0
DA:77,0
DA:80,0
DA:81,0
DA:82,0
DA:83,0
DA:84,0
DA:85,0
DA:86,0
DA:87,0
DA:88,0
DA:91,0
DA:92,0
DA:93,0
DA:94,0
DA:95,0
DA:96,0
DA:97,0
DA:98,0
DA:99,0
DA:100,0
DA:105,0
DA:106,0
DA:107,0
DA:108,0
DA:109,0
DA:112,0
DA:113,0
DA:114,0
DA:115,0
DA:116,0
DA:117,0
DA:119,0
DA:120,0
DA:121,0
DA:122,0
DA:126,0
DA:127,0
DA:128,0
DA:129,0
DA:130,0
DA:131,0
DA:132,0
DA:133,0
DA:134,0
DA:135,0
DA:138,0
DA:139,0
DA:140,0
DA:141,0
DA:143,0
DA:144,0
DA:145,0
DA:146,0
DA:148,0
DA:149,0
DA:150,0
DA:151,0
DA:152,0
DA:153,0
DA:154,0
DA:155,0
DA:158,0
DA:159,0
DA:160,0
DA:161,0
DA:163,0
DA:165,0
DA:166,0
DA:168,0
DA:171,0
DA:172,0
DA:173,0
DA:175,0
DA:176,0
DA:177,0
DA:178,0
DA:179,0
DA:180,0
DA:181,0
DA:182,0
DA:183,0
DA:184,0
DA:185,0
DA:188,0
DA:190,0
DA:191,0
DA:193,0
DA:194,0
DA:195,0
DA:196,0
DA:197,0
DA:198,0
DA:199,0
DA:200,0
DA:201,0
DA:202,0
DA:203,0
DA:204,0
DA:205,0
DA:206,0
DA:207,0
DA:208,0
DA:211,0
DA:212,0
DA:213,0
DA:214,0
DA:215,0
DA:216,0
DA:218,0
DA:219,0
DA:220,0
DA:221,0
DA:222,0
DA:223,0
DA:224,0
DA:225,0
DA:226,0
DA:228,0
DA:229,0
DA:232,0
DA:234,0
DA:236,0
DA:237,0
DA:240,0
DA:241,0
DA:242,0
DA:243,0
DA:244,0
DA:245,0
DA:248,0
DA:249,0
DA:252,0
DA:254,0
DA:255,0
DA:256,0
DA:258,0
DA:259,0
DA:260,0
DA:261,0
DA:262,0
DA:263,0
DA:265,0
DA:266,0
DA:267,0
DA:269,0
DA:270,0
DA:273,0
DA:277,0
DA:278,0
DA:281,0
DA:282,0
DA:285,0
DA:286,0
DA:288,0
DA:289,0
DA:291,0
DA:293,0
DA:294,0
DA:295,0
DA:298,0
DA:299,0
DA:302,0
DA:303,0
DA:304,0
DA:305,0
DA:308,0
DA:309,0
DA:310,0
DA:313,0
DA:315,0
DA:316,0
DA:318,0
DA:319,0
DA:320,0
DA:321,0
DA:322,0
DA:324,0
DA:326,0
DA:327,0
DA:328,0
DA:329,0
DA:330,0
DA:332,0
DA:333,0
DA:336,0
DA:337,0
DA:338,0
DA:339,0
DA:340,0
DA:342,0
DA:343,0
DA:344,0
DA:345,0
DA:346,0
DA:349,0
DA:352,0
DA:353,0
DA:357,0
DA:358,0
DA:359,0
DA:360,0
DA:361,0
DA:362,0
DA:363,0
DA:364,0
DA:365,0
DA:366,0
DA:367,0
DA:368,0
DA:369,0
DA:370,0
DA:371,0
DA:372,0
DA:375,0
DA:378,0
DA:379,0
DA:380,0
DA:381,0
DA:382,0
DA:384,0
DA:386,0
DA:387,0
DA:388,0
DA:389,0
DA:390,0
DA:391,0
DA:394,0
DA:395,0
DA:396,0
DA:397,0
DA:398,0
DA:400,0
DA:401,0
DA:402,0
DA:403,0
DA:406,0
DA:407,0
DA:408,0
DA:409,0
DA:410,0
DA:412,0
DA:413,0
DA:414,0
DA:415,0
DA:417,0
DA:418,0
DA:419,0
DA:421,0
DA:422,0
DA:423,0
DA:426,0
DA:427,0
DA:428,0
DA:429,0
DA:431,0
DA:432,0
DA:433,0
DA:436,0
DA:437,0
DA:438,0
DA:439,0
DA:441,0
DA:442,0
DA:443,0
DA:445,0
DA:446,0
DA:447,0
DA:448,0
DA:449,0
DA:450,0
DA:454,0
DA:455,0
DA:456,0
DA:457,0
DA:458,0
DA:459,0
DA:460,0
DA:461,0
DA:462,0
DA:463,0
DA:464,0
DA:465,0
DA:466,0
DA:467,0
DA:468,0
DA:469,0
DA:471,0
DA:472,0
DA:473,0
DA:474,0
DA:479,0
DA:480,0
DA:481,0
DA:482,0
DA:483,0
DA:484,0
DA:485,0
DA:486,0
DA:487,0
DA:488,0
DA:491,0
DA:496,0
DA:497,0
DA:499,0
DA:501,0
DA:502,0
DA:503,0
DA:504,0
DA:505,0
DA:506,0
DA:507,0
DA:508,0
DA:509,0
DA:510,0
DA:511,0
DA:512,0
DA:513,0
DA:514,0
DA:515,0
DA:516,0
DA:517,0
DA:518,0
DA:519,0
DA:520,0
DA:521,0
DA:522,0
DA:523,0
DA:524,0
DA:525,0
DA:528,0
DA:530,0
DA:531,0
DA:534,0
DA:536,0
DA:537,0
DA:538,0
DA:539,0
DA:540,0
DA:541,0
DA:542,0
DA:543,0
DA:544,0
DA:545,0
DA:546,0
DA:548,0
DA:549,0
DA:550,0
DA:551,0
DA:552,0
DA:553,0
DA:557,0
DA:559,0
DA:560,0
DA:561,0
DA:562,0
DA:566,0
DA:569,0
DA:570,0
DA:571,0
DA:572,0
DA:573,0
DA:574,0
DA:575,0
DA:576,0
DA:577,0
DA:578,0
DA:579,0
DA:580,0
DA:581,0
DA:583,0
DA:584,0
DA:585,0
DA:587,0
DA:588,0
DA:589,0
DA:592,0
DA:593,0
DA:594,0
DA:595,0
DA:596,0
DA:597,0
DA:598,0
DA:599,0
DA:600,0
DA:601,0
DA:602,0
DA:603,0
DA:604,0
DA:606,0
DA:607,0
DA:608,0
DA:609,0
DA:610,0
DA:611,0
DA:614,0
DA:615,0
DA:616,0
DA:617,0
DA:618,0
DA:622,0
DA:625,0
DA:626,0
DA:627,0
DA:628,0
DA:629,0
DA:630,0
DA:631,0
DA:632,0
DA:633,0
DA:634,0
DA:637,0
DA:638,0
DA:639,0
DA:640,0
DA:641,0
DA:642,0
DA:643,0
DA:644,0
DA:647,0
DA:648,0
DA:650,0
DA:651,0
DA:652,0
DA:653,0
DA:654,0
DA:655,0
DA:656,0
DA:657,0
DA:658,0
DA:659,0
DA:660,0
DA:662,0
DA:663,0
DA:664,0
DA:665,0
DA:666,0
DA:668,0
DA:669,0
DA:672,0
DA:673,0
DA:676,0
DA:677,0
DA:678,0
DA:679,0
DA:682,0
DA:685,0
DA:687,0
DA:688,0
DA:689,0
DA:691,0
DA:692,0
DA:693,0
DA:694,0
DA:695,0
DA:696,0
DA:697,0
DA:699,0
DA:700,0
DA:701,0
DA:702,0
DA:703,0
DA:704,0
DA:705,0
DA:707,0
DA:708,0
DA:709,0
DA:712,0
DA:713,0
DA:714,0
DA:715,0
DA:716,0
DA:717,0
DA:718,0
DA:720,0
DA:721,0
DA:722,0
DA:723,0
DA:726,0
DA:727,0
DA:730,0
DA:731,0
DA:732,0
DA:733,0
DA:735,0
DA:736,0
DA:737,0
DA:738,0
DA:741,0
DA:742,0
DA:743,0
DA:744,0
DA:745,0
DA:746,0
DA:748,0
DA:749,0
DA:750,0
DA:753,0
DA:754,0
DA:755,0
DA:756,0
DA:757,0
DA:758,0
DA:759,0
DA:761,0
DA:762,0
DA:763,0
DA:764,0
DA:767,0
DA:768,0
DA:770,0
DA:771,0
DA:773,0
BRF:0
BRH:0
LF:573
LH:0
end_of_record
SF:/Users/goshea/projects/icarus/icarus-sdk/cli/src/config/cargo_config.rs
FN:60,_RNCNvNtNtCs4Q4w8IwqgUj_6icarus6config12cargo_config20load_from_cargo_toml0B7_
FN:61,_RNCNvNtNtCs4Q4w8IwqgUj_6icarus6config12cargo_config20load_from_cargo_tomls_0B7_
FN:47,_RNvNtNtCs4Q4w8IwqgUj_6icarus6config12cargo_config20load_from_cargo_toml
FN:73,_RNvNtNtCs4Q4w8IwqgUj_6icarus6config12cargo_config22get_claude_config_path
FN:30,_RNvXNtNtCs4Q4w8IwqgUj_6icarus6config12cargo_configNtB2_19ClaudeDesktopConfigNtNtCsaNl6UpbT7bw_4core7default7Default7default
FN:39,_RNvXs_NtNtCs4Q4w8IwqgUj_6icarus6config12cargo_configNtB4_14IcarusMetadataNtNtCsaNl6UpbT7bw_4core7default7Default7default
FNDA:0,_RNCNvNtNtCs4Q4w8IwqgUj_6icarus6config12cargo_config20load_from_cargo_toml0B7_
FNDA:0,_RNCNvNtNtCs4Q4w8IwqgUj_6icarus6config12cargo_config20load_from_cargo_tomls_0B7_
FNDA:0,_RNvNtNtCs4Q4w8IwqgUj_6icarus6config12cargo_config20load_from_cargo_toml
FNDA:0,_RNvNtNtCs4Q4w8IwqgUj_6icarus6config12cargo_config22get_claude_config_path
FNDA:0,_RNvXNtNtCs4Q4w8IwqgUj_6icarus6config12cargo_configNtB2_19ClaudeDesktopConfigNtNtCsaNl6UpbT7bw_4core7default7Default7default
FNDA:0,_RNvXs_NtNtCs4Q4w8IwqgUj_6icarus6config12cargo_configNtB4_14IcarusMetadataNtNtCsaNl6UpbT7bw_4core7default7Default7default
FNF:6
FNH:0
DA:30,0
DA:31,0
DA:32,0
DA:33,0
DA:34,0
DA:35,0
DA:39,0
DA:40,0
DA:41,0
DA:42,0
DA:43,0
DA:47,0
DA:48,0
DA:50,0
DA:51,0
DA:52,0
DA:54,0
DA:55,0
DA:58,0
DA:59,0
DA:60,0
DA:61,0
DA:63,0
DA:64,0
DA:65,0
DA:66,0
DA:68,0
DA:70,0
DA:73,0
DA:74,0
DA:75,0
DA:77,0
DA:78,0
DA:79,0
DA:82,0
DA:85,0
BRF:0
BRH:0
LF:38
LH:0
end_of_record
SF:/Users/goshea/projects/icarus/icarus-sdk/cli/src/config/marketplace.rs
FN:50,_RNvMs_NtNtCs4Q4w8IwqgUj_6icarus6config11marketplaceNtB4_19MarketplaceMetadata4load
FN:55,_RNvMs_NtNtCs4Q4w8IwqgUj_6icarus6config11marketplaceNtB4_19MarketplaceMetadata4save
FN:61,_RNvMs_NtNtCs4Q4w8IwqgUj_6icarus6config11marketplaceNtB4_19MarketplaceMetadata8validate
FN:27,_RNvXNtNtCs4Q4w8IwqgUj_6icarus6config11marketplaceNtB2_19MarketplaceMetadataNtNtCsaNl6UpbT7bw_4core7default7Default7default
FNDA:0,_RNvMs_NtNtCs4Q4w8IwqgUj_6icarus6config11marketplaceNtB4_19MarketplaceMetadata4load
FNDA:0,_RNvMs_NtNtCs4Q4w8IwqgUj_6icarus6config11marketplaceNtB4_19MarketplaceMetadata4save
FNDA:0,_RNvMs_NtNtCs4Q4w8IwqgUj_6icarus6config11marketplaceNtB4_19MarketplaceMetadata8validate
FNDA:0,_RNvXNtNtCs4Q4w8IwqgUj_6icarus6config11marketplaceNtB2_19MarketplaceMetadataNtNtCsaNl6UpbT7bw_4core7default7Default7default
FNF:4
FNH:0
DA:27,0
DA:28,0
DA:29,0
DA:30,0
DA:31,0
DA:32,0
DA:33,0
DA:34,0
DA:35,0
DA:36,0
DA:37,0
DA:38,0
DA:39,0
DA:40,0
DA:41,0
DA:42,0
DA:43,0
DA:44,0
DA:45,0
DA:46,0
DA:50,0
DA:51,0
DA:52,0
DA:53,0
DA:55,0
DA:56,0
DA:57,0
DA:58,0
DA:59,0
DA:61,0
DA:62,0
DA:63,0
DA:64,0
DA:65,0
DA:66,0
DA:67,0
DA:68,0
DA:69,0
DA:70,0
DA:71,0
DA:72,0
DA:73,0
DA:74,0
DA:75,0
DA:76,0
DA:77,0
DA:78,0
DA:79,0
DA:80,0
DA:81,0
DA:82,0
DA:83,0
DA:84,0
BRF:0
BRH:0
LF:53
LH:0
end_of_record
SF:/Users/goshea/projects/icarus/icarus-sdk/cli/src/config/mod.rs
FN:69,_RNCNvMs_NtCs4Q4w8IwqgUj_6icarus6configNtB6_12IcarusConfig10config_dir0B8_
FN:64,_RNCNvMs_NtCs4Q4w8IwqgUj_6icarus6configNtB6_12IcarusConfig11config_path0B8_
FN:68,_RNvMs_NtCs4Q4w8IwqgUj_6icarus6configNtB4_12IcarusConfig10config_dir
FN:63,_RNvMs_NtCs4Q4w8IwqgUj_6icarus6configNtB4_12IcarusConfig11config_path
FN:43,_RNvMs_NtCs4Q4w8IwqgUj_6icarus6configNtB4_12IcarusConfig4load
FN:53,_RNvMs_NtCs4Q4w8IwqgUj_6icarus6configNtB4_12IcarusConfig4save
FN:74,_RNvNtCs4Q4w8IwqgUj_6icarus6config19get_marketplace_url
FN:82,_RNvNtCs4Q4w8IwqgUj_6icarus6config27get_marketplace_canister_id
FN:32,_RNvXNtCs4Q4w8IwqgUj_6icarus6configNtB2_12IcarusConfigNtNtCsaNl6UpbT7bw_4core7default7Default7default
FNDA:0,_RNCNvMs_NtCs4Q4w8IwqgUj_6icarus6configNtB6_12IcarusConfig10config_dir0B8_
FNDA:0,_RNCNvMs_NtCs4Q4w8IwqgUj_6icarus6configNtB6_12IcarusConfig11config_path0B8_
FNDA:0,_RNvMs_NtCs4Q4w8IwqgUj_6icarus6configNtB4_12IcarusConfig10config_dir
FNDA:0,_RNvMs_NtCs4Q4w8IwqgUj_6icarus6configNtB4_12IcarusConfig11config_path
FNDA:0,_RNvMs_NtCs4Q4w8IwqgUj_6icarus6configNtB4_12IcarusConfig4load
FNDA:0,_RNvMs_NtCs4Q4w8IwqgUj_6icarus6configNtB4_12IcarusConfig4save
FNDA:0,_RNvNtCs4Q4w8IwqgUj_6icarus6config19get_marketplace_url
FNDA:0,_RNvNtCs4Q4w8IwqgUj_6icarus6config27get_marketplace_canister_id
FNDA:0,_RNvXNtCs4Q4w8IwqgUj_6icarus6configNtB2_12IcarusConfigNtNtCsaNl6UpbT7bw_4core7default7Default7default
FNF:9
FNH:0
DA:32,0
DA:33,0
DA:34,0
DA:35,0
DA:36,0
DA:37,0
DA:38,0
DA:39,0
DA:43,0
DA:44,0
DA:45,0
DA:46,0
DA:47,0
DA:49,0
DA:51,0
DA:53,0
DA:54,0
DA:55,0
DA:56,0
DA:57,0
DA:58,0
DA:59,0
DA:60,0
DA:61,0
DA:63,0
DA:64,0
DA:65,0
DA:66,0
DA:68,0
DA:69,0
DA:70,0
DA:71,0
DA:74,0
DA:75,0
DA:76,0
DA:77,0
DA:78,0
DA:80,0
DA:82,0
DA:83,0
DA:84,0
DA:85,0
DA:86,0
DA:88,0
BRF:0
BRH:0
LF:46
LH:0
end_of_record
SF:/Users/goshea/projects/icarus/icarus-sdk/cli/src/main.rs
FN:221,_RNCNvCs4Q4w8IwqgUj_6icarus4main0B3_
FN:221,_RNvCs4Q4w8IwqgUj_6icarus4main
FNDA:0,_RNCNvCs4Q4w8IwqgUj_6icarus4main0B3_
FNDA:0,_RNvCs4Q4w8IwqgUj_6icarus4main
FNF:2
FNH:0
DA:221,0
DA:222,0
DA:225,0
DA:226,0
DA:227,0
DA:228,0
DA:229,0
DA:231,0
DA:235,0
DA:238,0
DA:240,0
DA:241,0
DA:243,0
DA:246,0
DA:247,0
DA:248,0
DA:249,0
DA:250,0
DA:251,0
DA:252,0
DA:255,0
DA:256,0
DA:257,0
DA:260,0
DA:262,0
DA:263,0
DA:264,0
DA:265,0
DA:266,0
DA:267,0
DA:268,0
DA:269,0
DA:270,0
DA:271,0
DA:272,0
DA:273,0
DA:274,0
DA:275,0
DA:276,0
DA:277,0
DA:278,0
DA:279,0
DA:280,0
DA:281,0
DA:282,0
DA:283,0
DA:284,0
DA:285,0
DA:286,0
DA:287,0
DA:288,0
DA:289,0
DA:290,0
DA:291,0
DA:292,0
DA:293,0
DA:294,0
DA:295,0
DA:296,0
DA:297,0
DA:298,0
DA:299,0
DA:300,0
DA:301,0
DA:302,0
DA:303,0
DA:304,0
DA:305,0
DA:306,0
DA:307,0
DA:308,0
DA:309,0
DA:310,0
DA:311,0
DA:312,0
DA:313,0
DA:314,0
DA:315,0
DA:316,0
DA:317,0
DA:318,0
DA:319,0
DA:320,0
DA:321,0
DA:322,0
DA:323,0
DA:324,0
DA:325,0
DA:326,0
DA:327,0
DA:328,0
DA:329,0
DA:330,0
DA:331,0
DA:332,0
DA:333,0
DA:334,0
DA:335,0
DA:336,0
DA:337,0
DA:338,0
DA:339,0
DA:340,0
DA:341,0
DA:342,0
DA:343,0
DA:344,0
DA:345,0
DA:346,0
DA:347,0
DA:348,0
DA:349,0
DA:350,0
DA:351,0
DA:352,0
DA:353,0
DA:354,0
DA:355,0
DA:356,0
DA:357,0
DA:358,0
DA:359,0
DA:360,0
DA:361,0
DA:362,0
DA:363,0
DA:364,0
DA:365,0
DA:366,0
DA:367,0
DA:368,0
DA:369,0
DA:370,0
DA:371,0
DA:372,0
DA:373,0
DA:374,0
DA:375,0
DA:376,0
DA:377,0
DA:378,0
DA:379,0
DA:380,0
DA:381,0
DA:382,0
DA:383,0
DA:384,0
DA:385,0
BRF:0
BRH:0
LF:234
LH:0
end_of_record
SF:/Users/goshea/projects/icarus/icarus-sdk/cli/src/utils/claude_desktop.rs
FN:105,_RNCNvNtNtCs4Q4w8IwqgUj_6icarus5utils14claude_desktop20update_claude_config0B7_
FN:114,_RNCNvNtNtCs4Q4w8IwqgUj_6icarus5utils14claude_desktop20update_claude_configs_0B7_
FN:42,_RNCNvNtNtCs4Q4w8IwqgUj_6icarus5utils14claude_desktop21find_claude_directory0B7_
FN:80,_RNvNtNtCs4Q4w8IwqgUj_6icarus5utils14claude_desktop20update_claude_config
FN:41,_RNvNtNtCs4Q4w8IwqgUj_6icarus5utils14claude_desktop21find_claude_directory
FN:10,_RNvNtNtCs4Q4w8IwqgUj_6icarus5utils14claude_desktop23find_claude_config_path
FN:69,_RNvNtNtCs4Q4w8IwqgUj_6icarus5utils14claude_desktop29generate_claude_server_config
FNDA:0,_RNCNvNtNtCs4Q4w8IwqgUj_6icarus5utils14claude_desktop20update_claude_config0B7_
FNDA:0,_RNCNvNtNtCs4Q4w8IwqgUj_6icarus5utils14claude_desktop20update_claude_configs_0B7_
FNDA:0,_RNCNvNtNtCs4Q4w8IwqgUj_6icarus5utils14claude_desktop21find_claude_directory0B7_
FNDA:0,_RNvNtNtCs4Q4w8IwqgUj_6icarus5utils14claude_desktop20update_claude_config
FNDA:0,_RNvNtNtCs4Q4w8IwqgUj_6icarus5utils14claude_desktop21find_claude_directory
FNDA:0,_RNvNtNtCs4Q4w8IwqgUj_6icarus5utils14claude_desktop23find_claude_config_path
FNDA:0,_RNvNtNtCs4Q4w8IwqgUj_6icarus5utils14claude_desktop29generate_claude_server_config
FNF:7
FNH:0
DA:10,0
DA:12,0
DA:13,0
DA:15,0
DA:17,0
DA:18,0
DA:19,0
DA:20,0
DA:21,0
DA:22,0
DA:23,0
DA:24,0
DA:26,0
DA:29,0
DA:32,0
DA:33,0
DA:34,0
DA:35,0
DA:37,0
DA:38,0
DA:41,0
DA:42,0
DA:45,0
DA:46,0
DA:47,0
DA:48,0
DA:51,0
DA:52,0
DA:53,0
DA:54,0
DA:59,0
DA:66,0
DA:69,0
DA:70,0
DA:71,0
DA:72,0
DA:73,0
DA:74,0
DA:77,0
DA:80,0
DA:81,0
DA:82,0
DA:83,0
DA:84,0
DA:85,0
DA:86,0
DA:87,0
DA:88,0
DA:91,0
DA:92,0
DA:93,0
DA:96,0
DA:97,0
DA:98,0
DA:99,0
DA:100,0
DA:105,0
DA:106,0
DA:107,0
DA:108,0
DA:109,0
DA:110,0
DA:113,0
DA:114,0
DA:115,0
DA:116,0
DA:117,0
DA:118,0
DA:119,0
DA:120,0
DA:124,0
DA:125,0
DA:127,0
DA:128,0
BRF:0
BRH:0
LF:77
LH:0
end_of_record
SF:/Users/goshea/projects/icarus/icarus-sdk/cli/src/utils/mcp_clients/chatgpt_desktop.rs
FN:128,_RNvMNtNtNtCs4Q4w8IwqgUj_6icarus5utils11mcp_clients15chatgpt_desktopNtB2_20ChatGptDesktopClient20list_chatgpt_servers
FN:109,_RNvMNtNtNtCs4Q4w8IwqgUj_6icarus5utils11mcp_clients15chatgpt_desktopNtB2_20ChatGptDesktopClient21remove_chatgpt_config
FN:63,_RNvMNtNtNtCs4Q4w8IwqgUj_6icarus5utils11mcp_clients15chatgpt_desktopNtB2_20ChatGptDesktopClient21update_chatgpt_config
FN:17,_RNvMNtNtNtCs4Q4w8IwqgUj_6icarus5utils11mcp_clients15chatgpt_desktopNtB2_20ChatGptDesktopClient22find_chatgpt_directory
FN:35,_RNvMNtNtNtCs4Q4w8IwqgUj_6icarus5utils11mcp_clients15chatgpt_desktopNtB2_20ChatGptDesktopClient24find_chatgpt_config_path
FN:46,_RNvMNtNtNtCs4Q4w8IwqgUj_6icarus5utils11mcp_clients15chatgpt_desktopNtB2_20ChatGptDesktopClient30generate_chatgpt_server_config
FN:12,_RNvMNtNtNtCs4Q4w8IwqgUj_6icarus5utils11mcp_clients15chatgpt_desktopNtB2_20ChatGptDesktopClient3new
FN:147,_RNvXs_NtNtNtCs4Q4w8IwqgUj_6icarus5utils11mcp_clients15chatgpt_desktopNtB4_20ChatGptDesktopClientNtB6_9McpClient11client_type
FN:192,_RNvXs_NtNtNtCs4Q4w8IwqgUj_6icarus5utils11mcp_clients15chatgpt_desktopNtB4_20ChatGptDesktopClientNtB6_9McpClient12list_servers
FN:188,_RNvXs_NtNtNtCs4Q4w8IwqgUj_6icarus5utils11mcp_clients15chatgpt_desktopNtB4_20ChatGptDesktopClientNtB6_9McpClient13remove_config
FN:184,_RNvXs_NtNtNtCs4Q4w8IwqgUj_6icarus5utils11mcp_clients15chatgpt_desktopNtB4_20ChatGptDesktopClientNtB6_9McpClient13update_config
FN:196,_RNvXs_NtNtNtCs4Q4w8IwqgUj_6icarus5utils11mcp_clients15chatgpt_desktopNtB4_20ChatGptDesktopClientNtB6_9McpClient15validate_config
FN:176,_RNvXs_NtNtNtCs4Q4w8IwqgUj_6icarus5utils11mcp_clients15chatgpt_desktopNtB4_20ChatGptDesktopClientNtB6_9McpClient16find_config_path
FN:151,_RNvXs_NtNtNtCs4Q4w8IwqgUj_6icarus5utils11mcp_clients15chatgpt_desktopNtB4_20ChatGptDesktopClientNtB6_9McpClient19detect_installation
FN:180,_RNvXs_NtNtNtCs4Q4w8IwqgUj_6icarus5utils11mcp_clients15chatgpt_desktopNtB4_20ChatGptDesktopClientNtB6_9McpClient22generate_server_config
FN:138,_RNCNvMNtNtNtCs4Q4w8IwqgUj_6icarus5utils11mcp_clients15chatgpt_desktopNtB4_20ChatGptDesktopClient20list_chatgpt_servers0Ba_
FN:139,_RNCNvMNtNtNtCs4Q4w8IwqgUj_6icarus5utils11mcp_clients15chatgpt_desktopNtB4_20ChatGptDesktopClient20list_chatgpt_serverss_0Ba_
FN:117,_RNCNvMNtNtNtCs4Q4w8IwqgUj_6icarus5utils11mcp_clients15chatgpt_desktopNtB4_20ChatGptDesktopClient21remove_chatgpt_config0Ba_
FN:83,_RNCNvMNtNtNtCs4Q4w8IwqgUj_6icarus5utils11mcp_clients15chatgpt_desktopNtB4_20ChatGptDesktopClient21update_chatgpt_config0Ba_
FN:92,_RNCNvMNtNtNtCs4Q4w8IwqgUj_6icarus5utils11mcp_clients15chatgpt_desktopNtB4_20ChatGptDesktopClient21update_chatgpt_configs_0Ba_
FN:49,_RNCNvMNtNtNtCs4Q4w8IwqgUj_6icarus5utils11mcp_clients15chatgpt_desktopNtB4_20ChatGptDesktopClient30generate_chatgpt_server_config0Ba_
FN:50,_RNCNvMNtNtNtCs4Q4w8IwqgUj_6icarus5utils11mcp_clients15chatgpt_desktopNtB4_20ChatGptDesktopClient30generate_chatgpt_server_configs_0Ba_
FN:161,_RNCNvXs_NtNtNtCs4Q4w8IwqgUj_6icarus5utils11mcp_clients15chatgpt_desktopNtB6_20ChatGptDesktopClientNtB8_9McpClient19detect_installation0Bc_
FNDA:0,_RNvMNtNtNtCs4Q4w8IwqgUj_6icarus5utils11mcp_clients15chatgpt_desktopNtB2_20ChatGptDesktopClient20list_chatgpt_servers
FNDA:0,_RNvMNtNtNtCs4Q4w8IwqgUj_6icarus5utils11mcp_clients15chatgpt_desktopNtB2_20ChatGptDesktopClient21remove_chatgpt_config
FNDA:0,_RNvMNtNtNtCs4Q4w8IwqgUj_6icarus5utils11mcp_clients15chatgpt_desktopNtB2_20ChatGptDesktopClient21update_chatgpt_config
FNDA:2,_RNvMNtNtNtCs4Q4w8IwqgUj_6icarus5utils11mcp_clients15chatgpt_desktopNtB2_20ChatGptDesktopClient22find_chatgpt_directory
FNDA:2,_RNvMNtNtNtCs4Q4w8IwqgUj_6icarus5utils11mcp_clients15chatgpt_desktopNtB2_20ChatGptDesktopClient24find_chatgpt_config_path
FNDA:0,_RNvMNtNtNtCs4Q4w8IwqgUj_6icarus5utils11mcp_clients15chatgpt_desktopNtB2_20ChatGptDesktopClient30generate_chatgpt_server_config
FNDA:4,_RNvMNtNtNtCs4Q4w8IwqgUj_6icarus5utils11mcp_clients15chatgpt_desktopNtB2_20ChatGptDesktopClient3new
FNDA:3,_RNvXs_NtNtNtCs4Q4w8IwqgUj_6icarus5utils11mcp_clients15chatgpt_desktopNtB4_20ChatGptDesktopClientNtB6_9McpClient11client_type
FNDA:0,_RNvXs_NtNtNtCs4Q4w8IwqgUj_6icarus5utils11mcp_clients15chatgpt_desktopNtB4_20ChatGptDesktopClientNtB6_9McpClient12list_servers
FNDA:0,_RNvXs_NtNtNtCs4Q4w8IwqgUj_6icarus5utils11mcp_clients15chatgpt_desktopNtB4_20ChatGptDesktopClientNtB6_9McpClient13remove_config
FNDA:0,_RNvXs_NtNtNtCs4Q4w8IwqgUj_6icarus5utils11mcp_clients15chatgpt_desktopNtB4_20ChatGptDesktopClientNtB6_9McpClient13update_config
FNDA:0,_RNvXs_NtNtNtCs4Q4w8IwqgUj_6icarus5utils11mcp_clients15chatgpt_desktopNtB4_20ChatGptDesktopClientNtB6_9McpClient15validate_config
FNDA:0,_RNvXs_NtNtNtCs4Q4w8IwqgUj_6icarus5utils11mcp_clients15chatgpt_desktopNtB4_20ChatGptDesktopClientNtB6_9McpClient16find_config_path
FNDA:2,_RNvXs_NtNtNtCs4Q4w8IwqgUj_6icarus5utils11mcp_clients15chatgpt_desktopNtB4_20ChatGptDesktopClientNtB6_9McpClient19detect_installation
FNDA:0,_RNvXs_NtNtNtCs4Q4w8IwqgUj_6icarus5utils11mcp_clients15chatgpt_desktopNtB4_20ChatGptDesktopClientNtB6_9McpClient22generate_server_config
FNDA:0,_RNCNvMNtNtNtCs4Q4w8IwqgUj_6icarus5utils11mcp_clients15chatgpt_desktopNtB4_20ChatGptDesktopClient20list_chatgpt_servers0Ba_
FNDA:0,_RNCNvMNtNtNtCs4Q4w8IwqgUj_6icarus5utils11mcp_clients15chatgpt_desktopNtB4_20ChatGptDesktopClient20list_chatgpt_serverss_0Ba_
FNDA:0,_RNCNvMNtNtNtCs4Q4w8IwqgUj_6icarus5utils11mcp_clients15chatgpt_desktopNtB4_20ChatGptDesktopClient21remove_chatgpt_config0Ba_
FNDA:0,_RNCNvMNtNtNtCs4Q4w8IwqgUj_6icarus5utils11mcp_clients15chatgpt_desktopNtB4_20ChatGptDesktopClient21update_chatgpt_config0Ba_
FNDA:0,_RNCNvMNtNtNtCs4Q4w8IwqgUj_6icarus5utils11mcp_clients15chatgpt_desktopNtB4_20ChatGptDesktopClient21update_chatgpt_configs_0Ba_
FNDA:0,_RNCNvMNtNtNtCs4Q4w8IwqgUj_6icarus5utils11mcp_clients15chatgpt_desktopNtB4_20ChatGptDesktopClient30generate_chatgpt_server_config0Ba_
FNDA:0,_RNCNvMNtNtNtCs4Q4w8IwqgUj_6icarus5utils11mcp_clients15chatgpt_desktopNtB4_20ChatGptDesktopClient30generate_chatgpt_server_configs_0Ba_
FNDA:0,_RNCNvXs_NtNtNtCs4Q4w8IwqgUj_6icarus5utils11mcp_clients15chatgpt_desktopNtB6_20ChatGptDesktopClientNtB8_9McpClient19detect_installation0Bc_
FNF:23
FNH:5
DA:12,4
DA:13,4
DA:14,4
DA:17,2
DA:18,2
DA:23,2
DA:24,2
DA:32,2
DA:35,2
DA:36,2
DA:40,2
DA:42,2
DA:43,2
DA:46,0
DA:48,0
DA:49,0
DA:50,0
DA:52,0
DA:53,0
DA:54,0
DA:55,0
DA:56,0
DA:57,0
DA:60,0
DA:63,0
DA:64,0
DA:65,0
DA:66,0
DA:67,0
DA:69,0
DA:70,0
DA:71,0
DA:74,0
DA:75,0
DA:76,0
DA:77,0
DA:78,0
DA:83,0
DA:84,0
DA:85,0
DA:86,0
DA:87,0
DA:88,0
DA:91,0
DA:92,0
DA:93,0
DA:94,0
DA:95,0
DA:96,0
DA:97,0
DA:98,0
DA:102,0
DA:103,0
DA:105,0
DA:106,0
DA:109,0
DA:110,0
DA:111,0
DA:112,0
DA:114,0
DA:115,0
DA:117,0
DA:118,0
DA:119,0
DA:121,0
DA:122,0
DA:124,0
DA:125,0
DA:128,0
DA:129,0
DA:130,0
DA:131,0
DA:133,0
DA:134,0
DA:136,0
DA:137,0
DA:138,0
DA:139,0
DA:140,0
DA:142,0
DA:143,0
DA:147,3
DA:148,3
DA:149,3
DA:151,2
DA:154,2
DA:160,2
DA:161,2
DA:162,0
DA:163,0
DA:165,0
DA:169,2
DA:170,2
DA:171,2
DA:172,2
DA:173,2
DA:174,2
DA:176,0
DA:177,0
DA:178,0
DA:180,0
DA:181,0
DA:182,0
DA:184,0
DA:185,0
DA:186,0
DA:188,0
DA:189,0
DA:190,0
DA:192,0
DA:193,0
DA:194,0
DA:196,0
DA:197,0
DA:198,0
DA:199,0
DA:201,0
DA:202,0
DA:205,0
DA:206,0
BRF:0
BRH:0
LF:128
LH:26
end_of_record
SF:/Users/goshea/projects/icarus/icarus-sdk/cli/src/utils/mcp_clients/claude_code.rs
FN:135,_RNvMNtNtNtCs4Q4w8IwqgUj_6icarus5utils11mcp_clients11claude_codeNtB2_16ClaudeCodeClient19is_vscode_installed
FN:117,_RNvMNtNtNtCs4Q4w8IwqgUj_6icarus5utils11mcp_clients11claude_codeNtB2_16ClaudeCodeClient24list_claude_code_servers
FN:98,_RNvMNtNtNtCs4Q4w8IwqgUj_6icarus5utils11mcp_clients11claude_codeNtB2_16ClaudeCodeClient25remove_claude_code_config
FN:52,_RNvMNtNtNtCs4Q4w8IwqgUj_6icarus5utils11mcp_clients11claude_codeNtB2_16ClaudeCodeClient25update_claude_code_config
FN:17,_RNvMNtNtNtCs4Q4w8IwqgUj_6icarus5utils11mcp_clients11claude_codeNtB2_16ClaudeCodeClient26find_claude_code_directory
FN:27,_RNvMNtNtNtCs4Q4w8IwqgUj_6icarus5utils11mcp_clients11claude_codeNtB2_16ClaudeCodeClient28find_claude_code_config_path
FN:35,_RNvMNtNtNtCs4Q4w8IwqgUj_6icarus5utils11mcp_clients11claude_codeNtB2_16ClaudeCodeClient34generate_claude_code_server_config
FN:141,_RNvMNtNtNtCs4Q4w8IwqgUj_6icarus5utils11mcp_clients11claude_codeNtB2_16ClaudeCodeClient34is_claude_code_extension_installed
FN:12,_RNvMNtNtNtCs4Q4w8IwqgUj_6icarus5utils11mcp_clients11claude_codeNtB2_16ClaudeCodeClient3new
FN:151,_RNvXs_NtNtNtCs4Q4w8IwqgUj_6icarus5utils11mcp_clients11claude_codeNtB4_16ClaudeCodeClientNtB6_9McpClient11client_type
FN:193,_RNvXs_NtNtNtCs4Q4w8IwqgUj_6icarus5utils11mcp_clients11claude_codeNtB4_16ClaudeCodeClientNtB6_9McpClient12list_servers
FN:189,_RNvXs_NtNtNtCs4Q4w8IwqgUj_6icarus5utils11mcp_clients11claude_codeNtB4_16ClaudeCodeClientNtB6_9McpClient13remove_config
FN:185,_RNvXs_NtNtNtCs4Q4w8IwqgUj_6icarus5utils11mcp_clients11claude_codeNtB4_16ClaudeCodeClientNtB6_9McpClient13update_config
FN:197,_RNvXs_NtNtNtCs4Q4w8IwqgUj_6icarus5utils11mcp_clients11claude_codeNtB4_16ClaudeCodeClientNtB6_9McpClient15validate_config
FN:177,_RNvXs_NtNtNtCs4Q4w8IwqgUj_6icarus5utils11mcp_clients11claude_codeNtB4_16ClaudeCodeClientNtB6_9McpClient16find_config_path
FN:155,_RNvXs_NtNtNtCs4Q4w8IwqgUj_6icarus5utils11mcp_clients11claude_codeNtB4_16ClaudeCodeClientNtB6_9McpClient19detect_installation
FN:181,_RNvXs_NtNtNtCs4Q4w8IwqgUj_6icarus5utils11mcp_clients11claude_codeNtB4_16ClaudeCodeClientNtB6_9McpClient22generate_server_config
FN:127,_RNCNvMNtNtNtCs4Q4w8IwqgUj_6icarus5utils11mcp_clients11claude_codeNtB4_16ClaudeCodeClient24list_claude_code_servers0Ba_
FN:128,_RNCNvMNtNtNtCs4Q4w8IwqgUj_6icarus5utils11mcp_clients11claude_codeNtB4_16ClaudeCodeClient24list_claude_code_serverss_0Ba_
FN:106,_RNCNvMNtNtNtCs4Q4w8IwqgUj_6icarus5utils11mcp_clients11claude_codeNtB4_16ClaudeCodeClient25remove_claude_code_config0Ba_
FN:72,_RNCNvMNtNtNtCs4Q4w8IwqgUj_6icarus5utils11mcp_clients11claude_codeNtB4_16ClaudeCodeClient25update_claude_code_config0Ba_
FN:81,_RNCNvMNtNtNtCs4Q4w8IwqgUj_6icarus5utils11mcp_clients11claude_codeNtB4_16ClaudeCodeClient25update_claude_code_configs_0Ba_
FN:38,_RNCNvMNtNtNtCs4Q4w8IwqgUj_6icarus5utils11mcp_clients11claude_codeNtB4_16ClaudeCodeClient34generate_claude_code_server_config0Ba_
FN:39,_RNCNvMNtNtNtCs4Q4w8IwqgUj_6icarus5utils11mcp_clients11claude_codeNtB4_16ClaudeCodeClient34generate_claude_code_server_configs_0Ba_
FN:163,_RNCNvXs_NtNtNtCs4Q4w8IwqgUj_6icarus5utils11mcp_clients11claude_codeNtB6_16ClaudeCodeClientNtB8_9McpClient19detect_installation0Bc_
FNDA:2,_RNvMNtNtNtCs4Q4w8IwqgUj_6icarus5utils11mcp_clients11claude_codeNtB2_16ClaudeCodeClient19is_vscode_installed
FNDA:0,_RNvMNtNtNtCs4Q4w8IwqgUj_6icarus5utils11mcp_clients11claude_codeNtB2_16ClaudeCodeClient24list_claude_code_servers
FNDA:0,_RNvMNtNtNtCs4Q4w8IwqgUj_6icarus5utils11mcp_clients11claude_codeNtB2_16ClaudeCodeClient25remove_claude_code_config
FNDA:0,_RNvMNtNtNtCs4Q4w8IwqgUj_6icarus5utils11mcp_clients11claude_codeNtB2_16ClaudeCodeClient25update_claude_code_config
FNDA:2,_RNvMNtNtNtCs4Q4w8IwqgUj_6icarus5utils11mcp_clients11claude_codeNtB2_16ClaudeCodeClient26find_claude_code_directory
FNDA:0,_RNvMNtNtNtCs4Q4w8IwqgUj_6icarus5utils11mcp_clients11claude_codeNtB2_16ClaudeCodeClient28find_claude_code_config_path
FNDA:0,_RNvMNtNtNtCs4Q4w8IwqgUj_6icarus5utils11mcp_clients11claude_codeNtB2_16ClaudeCodeClient34generate_claude_code_server_config
FNDA:2,_RNvMNtNtNtCs4Q4w8IwqgUj_6icarus5utils11mcp_clients11claude_codeNtB2_16ClaudeCodeClient34is_claude_code_extension_installed
FNDA:4,_RNvMNtNtNtCs4Q4w8IwqgUj_6icarus5utils11mcp_clients11claude_codeNtB2_16ClaudeCodeClient3new
FNDA:2,_RNvXs_NtNtNtCs4Q4w8IwqgUj_6icarus5utils11mcp_clients11claude_codeNtB4_16ClaudeCodeClientNtB6_9McpClient11client_type
FNDA:0,_RNvXs_NtNtNtCs4Q4w8IwqgUj_6icarus5utils11mcp_clients11claude_codeNtB4_16ClaudeCodeClientNtB6_9McpClient12list_servers
FNDA:0,_RNvXs_NtNtNtCs4Q4w8IwqgUj_6icarus5utils11mcp_clients11claude_codeNtB4_16ClaudeCodeClientNtB6_9McpClient13remove_config
FNDA:0,_RNvXs_NtNtNtCs4Q4w8IwqgUj_6icarus5utils11mcp_clients11claude_codeNtB4_16ClaudeCodeClientNtB6_9McpClient13update_config
FNDA:0,_RNvXs_NtNtNtCs4Q4w8IwqgUj_6icarus5utils11mcp_clients11claude_codeNtB4_16ClaudeCodeClientNtB6_9McpClient15validate_config
FNDA:0,_RNvXs_NtNtNtCs4Q4w8IwqgUj_6icarus5utils11mcp_clients11claude_codeNtB4_16ClaudeCodeClientNtB6_9McpClient16find_config_path
FNDA:2,_RNvXs_NtNtNtCs4Q4w8IwqgUj_6icarus5utils11mcp_clients11claude_codeNtB4_16ClaudeCodeClientNtB6_9McpClient19detect_installation
FNDA:0,_RNvXs_NtNtNtCs4Q4w8IwqgUj_6icarus5utils11mcp_clients11claude_codeNtB4_16ClaudeCodeClientNtB6_9McpClient22generate_server_config
FNDA:0,_RNCNvMNtNtNtCs4Q4w8IwqgUj_6icarus5utils11mcp_clients11claude_codeNtB4_16ClaudeCodeClient24list_claude_code_servers0Ba_
FNDA:0,_RNCNvMNtNtNtCs4Q4w8IwqgUj_6icarus5utils11mcp_clients11claude_codeNtB4_16ClaudeCodeClient24list_claude_code_serverss_0Ba_
FNDA:0,_RNCNvMNtNtNtCs4Q4w8IwqgUj_6icarus5utils11mcp_clients11claude_codeNtB4_16ClaudeCodeClient25remove_claude_code_config0Ba_
FNDA:0,_RNCNvMNtNtNtCs4Q4w8IwqgUj_6icarus5utils11mcp_clients11claude_codeNtB4_16ClaudeCodeClient25update_claude_code_config0Ba_
FNDA:0,_RNCNvMNtNtNtCs4Q4w8IwqgUj_6icarus5utils11mcp_clients11claude_codeNtB4_16ClaudeCodeClient25update_claude_code_configs_0Ba_
FNDA:0,_RNCNvMNtNtNtCs4Q4w8IwqgUj_6icarus5utils11mcp_clients11claude_codeNtB4_16ClaudeCodeClient34generate_claude_code_server_config0Ba_
FNDA:0,_RNCNvMNtNtNtCs4Q4w8IwqgUj_6icarus5utils11mcp_clients11claude_codeNtB4_16ClaudeCodeClient34generate_claude_code_server_configs_0Ba_
FNDA:0,_RNCNvXs_NtNtNtCs4Q4w8IwqgUj_6icarus5utils11mcp_clients11claude_codeNtB6_16ClaudeCodeClientNtB8_9McpClient19detect_installation0Bc_
FNF:25
FNH:6
DA:12,4
DA:13,4
DA:14,4
DA:17,2
DA:18,2
DA:21,2
DA:23,2
DA:24,2
DA:27,0
DA:28,0
DA:29,0
DA:31,0
DA:32,0
DA:35,0
DA:37,0
DA:38,0
DA:39,0
DA:41,0
DA:42,0
DA:43,0
DA:44,0
DA:45,0
DA:46,0
DA:49,0
DA:52,0
DA:53,0
DA:54,0
DA:55,0
DA:56,0
DA:58,0
DA:59,0
DA:60,0
DA:63,0
DA:64,0
DA:65,0
DA:66,0
DA:67,0
DA:72,0
DA:73,0
DA:74,0
DA:75,0
DA:76,0
DA:77,0
DA:80,0
DA:81,0
DA:82,0
DA:83,0
DA:84,0
DA:85,0
DA:86,0
DA:87,0
DA:91,0
DA:92,0
DA:94,0
DA:95,0
DA:98,0
DA:99,0
DA:100,0
DA:101,0
DA:103,0
DA:104,0
DA:106,0
DA:107,0
DA:108,0
DA:110,0
DA:111,0
DA:113,0
DA:114,0
DA:117,0
DA:118,0
DA:119,0
DA:120,0
DA:122,0
DA:123,0
DA:125,0
DA:126,0
DA:127,0
DA:128,0
DA:129,0
DA:131,0
DA:132,0
DA:135,2
DA:136,2
DA:137,0
DA:138,2
DA:141,2
DA:142,2
DA:143,2
DA:145,0
DA:147,2
DA:151,2
DA:152,2
DA:153,2
DA:155,2
DA:157,2
DA:158,2
DA:159,2
DA:162,2
DA:163,0
DA:164,0
DA:165,0
DA:167,2
DA:170,2
DA:171,2
DA:172,2
DA:173,2
DA:174,2
DA:175,2
DA:177,0
DA:178,0
DA:179,0
DA:181,0
DA:182,0
DA:183,0
DA:185,0
DA:186,0
DA:187,0
DA:189,0
DA:190,0
DA:191,0
DA:193,0
DA:194,0
DA:195,0
DA:197,0
DA:198,0
DA:199,0
DA:200,0
DA:202,0
DA:203,0
DA:206,0
DA:207,0
BRF:0
BRH:0
LF:139
LH:30
end_of_record
SF:/Users/goshea/projects/icarus/icarus-sdk/cli/src/utils/mcp_clients/claude_desktop.rs
[...]
FNDA:0,_RINvNtNtCse2FGHvVELmL_10icarus_mcp7storage9streaming15write_stream_toppEB6_
FNDA:0,_RNCINvNtNtCse2FGHvVELmL_10icarus_mcp7storage9streaming15write_stream_toppE0B8_
FNDA:0,_RNvMs3_NtNtCse2FGHvVELmL_10icarus_mcp7storage9streamingINtB5_17StreamingResponsepE10new_pooledB9_
FNDA:0,_RNvMs3_NtNtCse2FGHvVELmL_10icarus_mcp7storage9streamingINtB5_17StreamingResponsepE13with_capacityB9_
FNDA:0,_RNvMs3_NtNtCse2FGHvVELmL_10icarus_mcp7storage9streamingINtB5_17StreamingResponsepE16with_size_pooledB9_
FNDA:0,_RNvMs5_NtNtCse2FGHvVELmL_10icarus_mcp7storage9streamingINtB5_17StreamingResponsepE10into_bytesB9_
FNDA:0,_RNvMs5_NtNtCse2FGHvVELmL_10icarus_mcp7storage9streamingINtB5_17StreamingResponsepE11fast_equalsB9_
FNDA:0,_RNvMs5_NtNtCse2FGHvVELmL_10icarus_mcp7storage9streamingINtB5_17StreamingResponsepE11into_stringB9_
FNDA:0,_RNvMs5_NtNtCse2FGHvVELmL_10icarus_mcp7storage9streamingINtB5_17StreamingResponsepE19try_parse_json_simdB9_
FNDA:0,_RNvMs7_NtNtCse2FGHvVELmL_10icarus_mcp7storage9streamingINtB5_14ResponseStreampE10into_innerB9_
FNDA:0,_RNvXININtNtCse2FGHvVELmL_10icarus_mcp7storage9streamings2_0pEINtB5_17StreamingResponsepENtNtCsaNl6UpbT7bw_4core7default7Default7defaultB9_
FNDA:0,_RNvXININtNtCse2FGHvVELmL_10icarus_mcp7storage9streamings6_0pEINtB5_17StreamingResponsepENtNtNtCsgM4nsg7eHGH_5tokio2io10async_read9AsyncRead9poll_readB9_
FNDA:1,_RNvMs4_NtNtCse2FGHvVELmL_10icarus_mcp7storage9streamingNtB5_17StreamingResponse11new_default
FNDA:1,_RNvMs4_NtNtCse2FGHvVELmL_10icarus_mcp7storage9streamingNtB5_17StreamingResponse17with_size_default
FNF:43
FNH:31
DA:87,0
DA:88,0
DA:89,0
DA:94,10
DA:95,10
DA:96,10
DA:97,10
DA:98,10
DA:99,10
DA:100,10
DA:101,10
DA:102,10
DA:106,0
DA:107,0
DA:108,0
DA:109,0
DA:110,0
DA:111,0
DA:112,0
DA:113,0
DA:114,0
DA:117,2
DA:118,2
DA:119,2
DA:120,2
DA:121,2
DA:122,2
DA:123,2
DA:124,2
DA:125,2
DA:126,2
DA:130,0
DA:131,0
DA:132,0
DA:133,0
DA:134,0
DA:135,0
DA:136,0
DA:137,0
DA:138,0
DA:139,0
DA:140,0
DA:141,0
DA:144,0
DA:145,0
DA:146,0
DA:147,0
DA:148,0
DA:149,0
DA:150,0
DA:151,0
DA:152,0
DA:156,6
DA:157,6
DA:158,6
DA:164,1
DA:165,1
DA:166,1
DA:167,1
DA:168,1
DA:169,1
DA:170,1
DA:171,1
DA:172,1
DA:173,1
DA:176,1
DA:177,1
DA:178,1
DA:179,1
DA:180,1
DA:181,1
DA:182,1
DA:183,1
DA:184,1
DA:185,1
DA:190,6
DA:191,6
DA:192,5
DA:193,0
DA:195,5
DA:197,5
DA:198,6
DA:202,11
DA:203,11
DA:204,11
DA:208,4
DA:209,4
DA:210,4
DA:213,9
DA:214,9
DA:215,9
DA:216,9
DA:220,1
DA:221,1
DA:223,1
DA:224,1
DA:226,1
DA:227,0
DA:228,0
DA:229,0
DA:230,1
DA:231,0
DA:232,0
DA:233,0
DA:234,0
DA:235,1
DA:236,1
DA:239,6
DA:240,6
DA:241,3
DA:242,3
DA:244,3
DA:245,3
DA:246,3
DA:247,6
DA:250,2
DA:251,2
DA:252,2
DA:257,2
DA:258,2
DA:259,0
DA:260,2
DA:262,2
DA:263,1
DA:264,1
DA:266,1
DA:267,1
DA:269,0
DA:270,0
DA:271,0
DA:274,2
DA:278,0
DA:279,0
DA:280,0
DA:281,0
DA:284,0
DA:285,0
DA:286,0
DA:288,0
DA:289,0
DA:290,0
DA:291,0
DA:292,0
DA:294,0
DA:295,0
DA:296,0
DA:299,0
DA:303,1
DA:304,1
DA:305,1
DA:309,1
DA:310,1
DA:311,1
DA:315,0
DA:316,0
DA:317,0
DA:320,0
DA:321,0
DA:322,0
DA:325,0
DA:326,0
DA:327,0
DA:328,0
DA:332,0
DA:333,0
DA:334,0
DA:335,0
DA:336,0
DA:337,0
DA:339,0
DA:340,0
DA:341,0
DA:343,0
DA:345,0
DA:347,0
DA:348,0
DA:349,0
DA:351,0
DA:352,0
DA:362,2
DA:363,2
DA:364,2
DA:367,0
DA:368,0
DA:369,0
DA:375,4
DA:376,4
DA:378,4
DA:379,2
DA:380,2
DA:381,2
DA:383,0
DA:385,4
DA:389,1
DA:390,1
DA:391,1
DA:392,1
DA:393,1
DA:395,2
DA:396,1
DA:397,1
DA:400,1
DA:401,1
DA:404,0
DA:405,0
DA:406,0
DA:407,0
DA:408,0
DA:411,0
DA:413,0
DA:414,0
DA:415,0
DA:416,0
DA:419,0
DA:420,0
DA:421,0
DA:429,1
DA:430,1
DA:431,1
DA:432,1
DA:433,1
DA:434,1
DA:435,1
DA:438,1
DA:441,1
DA:442,1
DA:443,1
DA:444,1
DA:445,1
DA:446,1
DA:449,1
DA:450,1
DA:451,1
DA:453,1
DA:454,1
DA:455,1
DA:457,1
DA:458,1
DA:459,1
DA:460,1
DA:463,1
DA:464,1
DA:465,1
DA:467,1
DA:468,1
DA:469,1
DA:471,1
DA:472,1
DA:473,1
DA:476,1
DA:477,1
DA:480,1
DA:481,1
DA:484,1
DA:485,1
DA:486,1
DA:487,1
DA:488,1
DA:491,1
DA:493,1
DA:494,1
DA:495,1
DA:498,1
DA:499,1
DA:500,1
DA:501,1
DA:506,1
DA:507,1
DA:508,1
DA:509,1
DA:511,1
DA:512,1
DA:513,1
DA:514,1
DA:515,1
DA:518,1
DA:519,1
DA:520,1
DA:521,1
DA:523,1
DA:524,1
DA:525,1
DA:526,1
DA:528,1
DA:529,1
DA:530,1
DA:533,1
DA:534,1
DA:535,1
DA:536,1
DA:537,1
DA:539,1
DA:540,1
DA:541,1
DA:542,1
DA:545,1
DA:547,1
DA:548,1
DA:550,1
DA:551,1
DA:552,1
DA:553,1
BRF:0
BRH:0
LF:307
LH:203
end_of_record
SF:/Users/goshea/projects/icarus/icarus-sdk/crates/icarus-mcp/src/storage/zerocopy.rs
FN:108,_RINvMs0_NtNtCse2FGHvVELmL_10icarus_mcp7storage8zerocopyNtB6_20ZeroCopyDeserializer11deserializeNtNtB6_5tests8TestDataEBa_
FN:114,_RINvMs0_NtNtCse2FGHvVELmL_10icarus_mcp7storage8zerocopyNtB6_20ZeroCopyDeserializer20deserialize_borrowedNtNtB6_5tests8TestDataEBa_
FN:73,_RINvMs_NtNtCse2FGHvVELmL_10icarus_mcp7storage8zerocopyNtB5_18ZeroCopySerializer14serialize_intoNtNtB5_5tests8TestDataEB9_
FN:52,_RINvMs_NtNtCse2FGHvVELmL_10icarus_mcp7storage8zerocopyNtB5_18ZeroCopySerializer9serializeNtNtB5_5tests8TestDataEB9_
FN:537,_RNvNtNtNtCse2FGHvVELmL_10icarus_mcp7storage8zerocopy5testss_17test_buffer_split
FN:550,_RNvNtNtNtCse2FGHvVELmL_10icarus_mcp7storage8zerocopy5testss_17test_json_parsing
FN:459,_RNvNtNtNtCse2FGHvVELmL_10icarus_mcp7storage8zerocopy5testss_19test_serialize_into
FN:561,_RNvNtNtNtCse2FGHvVELmL_10icarus_mcp7storage8zerocopy5testss_21test_serializer_reuse
FN:491,_RNvNtNtNtCse2FGHvVELmL_10icarus_mcp7storage8zerocopy5testss_21test_zero_copy_buffer
FN:477,_RNvNtNtNtCse2FGHvVELmL_10icarus_mcp7storage8zerocopy5testss_21test_zero_copy_string
FN:514,_RNvNtNtNtCse2FGHvVELmL_10icarus_mcp7storage8zerocopy5testss_25test_memory_mapped_buffer
FN:426,_RNvNtNtNtCse2FGHvVELmL_10icarus_mcp7storage8zerocopy5testss_25test_zero_copy_serializer
FN:444,_RNvNtNtNtCse2FGHvVELmL_10icarus_mcp7storage8zerocopy5testss_27test_zero_copy_deserializer
FN:136,_RINvMs0_NtNtCse2FGHvVELmL_10icarus_mcp7storage8zerocopyNtB6_20ZeroCopyDeserializer15parse_streamingpEBa_
FN:246,_RINvMs6_NtNtCse2FGHvVELmL_10icarus_mcp7storage8zerocopyNtB6_14ZeroCopyBuffer3putpEBa_
FN:128,_RNvMs0_NtNtCse2FGHvVELmL_10icarus_mcp7storage8zerocopyNtB5_20ZeroCopyDeserializer11parse_slice
FN:169,_RNvMs1_NtNtCse2FGHvVELmL_10icarus_mcp7storage8zerocopyNtB5_14ZeroCopyString10into_owned
FN:184,_RNvMs1_NtNtCse2FGHvVELmL_10icarus_mcp7storage8zerocopyNtB5_14ZeroCopyString8is_empty
FN:275,_RNvMs6_NtNtCse2FGHvVELmL_10icarus_mcp7storage8zerocopyNtB5_14ZeroCopyBuffer5clear
FN:298,_RNvMs6_NtNtCse2FGHvVELmL_10icarus_mcp7storage8zerocopyNtB5_14ZeroCopyBuffer7reserve
FN:270,_RNvMs6_NtNtCse2FGHvVELmL_10icarus_mcp7storage8zerocopyNtB5_14ZeroCopyBuffer8capacity
FN:265,_RNvMs6_NtNtCse2FGHvVELmL_10icarus_mcp7storage8zerocopyNtB5_14ZeroCopyBuffer8is_empty
FN:303,_RNvMs6_NtNtCse2FGHvVELmL_10icarus_mcp7storage8zerocopyNtB5_14ZeroCopyBuffer8truncate
FN:357,_RNvMs7_NtNtCse2FGHvVELmL_10icarus_mcp7storage8zerocopyNtB5_18MemoryMappedBuffer12set_position
FN:382,_RNvMs7_NtNtCse2FGHvVELmL_10icarus_mcp7storage8zerocopyNtB5_18MemoryMappedBuffer5reset
FN:377,_RNvMs7_NtNtCse2FGHvVELmL_10icarus_mcp7storage8zerocopyNtB5_18MemoryMappedBuffer8is_empty
FN:91,_RNvMs_NtNtCse2FGHvVELmL_10icarus_mcp7storage8zerocopyNtB4_18ZeroCopySerializer5reset
FN:86,_RNvMs_NtNtCse2FGHvVELmL_10icarus_mcp7storage8zerocopyNtB4_18ZeroCopySerializer8capacity
FN:20,_RNvXNtNtCse2FGHvVELmL_10icarus_mcp7storage8zerocopyNtB2_18ZeroCopySerializerNtNtCsaNl6UpbT7bw_4core7default7Default7default
FN:192,_RNvXs2_NtNtCse2FGHvVELmL_10icarus_mcp7storage8zerocopyNtB5_14ZeroCopyStringNtNtNtCsaNl6UpbT7bw_4core3ops5deref5Deref5deref
FN:198,_RNvXs3_NtNtCse2FGHvVELmL_10icarus_mcp7storage8zerocopyNtB5_14ZeroCopyStringINtNtCsaNl6UpbT7bw_4core7convert4FromReE4from
FN:204,_RNvXs4_NtNtCse2FGHvVELmL_10icarus_mcp7storage8zerocopyNtB5_14ZeroCopyStringINtNtCsaNl6UpbT7bw_4core7convert4FromNtNtCsiTraAjBDcu4_5alloc6string6StringE4from
FN:218,_RNvXs5_NtNtCse2FGHvVELmL_10icarus_mcp7storage8zerocopyNtB5_14ZeroCopyBufferNtNtCsaNl6UpbT7bw_4core7default7Default7default
FN:388,_RNvXs8_NtNtCse2FGHvVELmL_10icarus_mcp7storage8zerocopyNtB5_18MemoryMappedBufferNtNtCsht3nMU9UgFu_3std2io4Read4read
FN:404,_RNvXs9_NtNtCse2FGHvVELmL_10icarus_mcp7storage8zerocopyNtB5_18MemoryMappedBufferNtNtNtCs4o22YPnZA0i_5bytes3buf8buf_impl3Buf5chunk
FN:408,_RNvXs9_NtNtCse2FGHvVELmL_10icarus_mcp7storage8zerocopyNtB5_18MemoryMappedBufferNtNtNtCs4o22YPnZA0i_5bytes3buf8buf_impl3Buf7advance
FN:400,_RNvXs9_NtNtCse2FGHvVELmL_10icarus_mcp7storage8zerocopyNtB5_18MemoryMappedBufferNtNtNtCs4o22YPnZA0i_5bytes3buf8buf_impl3Buf9remaining
FN:122,_RNvMs0_NtNtCse2FGHvVELmL_10icarus_mcp7storage8zerocopyNtB5_20ZeroCopyDeserializer5parse
FN:174,_RNvMs1_NtNtCse2FGHvVELmL_10icarus_mcp7storage8zerocopyNtB5_14ZeroCopyString11is_borrowed
FN:179,_RNvMs1_NtNtCse2FGHvVELmL_10icarus_mcp7storage8zerocopyNtB5_14ZeroCopyString3len
FN:157,_RNvMs1_NtNtCse2FGHvVELmL_10icarus_mcp7storage8zerocopyNtB5_14ZeroCopyString5owned
FN:164,_RNvMs1_NtNtCse2FGHvVELmL_10icarus_mcp7storage8zerocopyNtB5_14ZeroCopyString6as_str
FN:150,_RNvMs1_NtNtCse2FGHvVELmL_10icarus_mcp7storage8zerocopyNtB5_14ZeroCopyString8borrowed
FN:293,_RNvMs6_NtNtCse2FGHvVELmL_10icarus_mcp7storage8zerocopyNtB5_14ZeroCopyBuffer10into_bytes
FN:233,_RNvMs6_NtNtCse2FGHvVELmL_10icarus_mcp7storage8zerocopyNtB5_14ZeroCopyBuffer13with_capacity
FN:241,_RNvMs6_NtNtCse2FGHvVELmL_10icarus_mcp7storage8zerocopyNtB5_14ZeroCopyBuffer17extend_from_slice
FN:260,_RNvMs6_NtNtCse2FGHvVELmL_10icarus_mcp7storage8zerocopyNtB5_14ZeroCopyBuffer3len
FN:225,_RNvMs6_NtNtCse2FGHvVELmL_10icarus_mcp7storage8zerocopyNtB5_14ZeroCopyBuffer3new
FN:253,_RNvMs6_NtNtCse2FGHvVELmL_10icarus_mcp7storage8zerocopyNtB5_14ZeroCopyBuffer8snapshot
FN:283,_RNvMs6_NtNtCse2FGHvVELmL_10icarus_mcp7storage8zerocopyNtB5_14ZeroCopyBuffer8split_to
FN:288,_RNvMs6_NtNtCse2FGHvVELmL_10icarus_mcp7storage8zerocopyNtB5_14ZeroCopyBuffer9snapshots
FN:372,_RNvMs7_NtNtCse2FGHvVELmL_10icarus_mcp7storage8zerocopyNtB5_18MemoryMappedBuffer3len
FN:318,_RNvMs7_NtNtCse2FGHvVELmL_10icarus_mcp7storage8zerocopyNtB5_18MemoryMappedBuffer3new
FN:343,_RNvMs7_NtNtCse2FGHvVELmL_10icarus_mcp7storage8zerocopyNtB5_18MemoryMappedBuffer4peek
FN:332,_RNvMs7_NtNtCse2FGHvVELmL_10icarus_mcp7storage8zerocopyNtB5_18MemoryMappedBuffer4read
FN:323,_RNvMs7_NtNtCse2FGHvVELmL_10icarus_mcp7storage8zerocopyNtB5_18MemoryMappedBuffer5slice
FN:352,_RNvMs7_NtNtCse2FGHvVELmL_10icarus_mcp7storage8zerocopyNtB5_18MemoryMappedBuffer8position
FN:367,_RNvMs7_NtNtCse2FGHvVELmL_10icarus_mcp7storage8zerocopyNtB5_18MemoryMappedBuffer9remaining
FN:35,_RNvMs_NtNtCse2FGHvVELmL_10icarus_mcp7storage8zerocopyNtB4_18ZeroCopySerializer13with_capacity
FN:27,_RNvMs_NtNtCse2FGHvVELmL_10icarus_mcp7storage8zerocopyNtB4_18ZeroCopySerializer3new
FN:43,_RNvMs_NtNtCse2FGHvVELmL_10icarus_mcp7storage8zerocopyNtB4_18ZeroCopySerializer7compact
FNDA:3,_RINvMs0_NtNtCse2FGHvVELmL_10icarus_mcp7storage8zerocopyNtB6_20ZeroCopyDeserializer11deserializeNtNtB6_5tests8TestDataEBa_
FNDA:1,_RINvMs0_NtNtCse2FGHvVELmL_10icarus_mcp7storage8zerocopyNtB6_20ZeroCopyDeserializer20deserialize_borrowedNtNtB6_5tests8TestDataEBa_
FNDA:1,_RINvMs_NtNtCse2FGHvVELmL_10icarus_mcp7storage8zerocopyNtB5_18ZeroCopySerializer14serialize_intoNtNtB5_5tests8TestDataEB9_
FNDA:4,_RINvMs_NtNtCse2FGHvVELmL_10icarus_mcp7storage8zerocopyNtB5_18ZeroCopySerializer9serializeNtNtB5_5tests8TestDataEB9_
FNDA:1,_RNvNtNtNtCse2FGHvVELmL_10icarus_mcp7storage8zerocopy5testss_17test_buffer_split
FNDA:1,_RNvNtNtNtCse2FGHvVELmL_10icarus_mcp7storage8zerocopy5testss_17test_json_parsing
FNDA:1,_RNvNtNtNtCse2FGHvVELmL_10icarus_mcp7storage8zerocopy5testss_19test_serialize_into
FNDA:1,_RNvNtNtNtCse2FGHvVELmL_10icarus_mcp7storage8zerocopy5testss_21test_serializer_reuse
FNDA:1,_RNvNtNtNtCse2FGHvVELmL_10icarus_mcp7storage8zerocopy5testss_21test_zero_copy_buffer
FNDA:1,_RNvNtNtNtCse2FGHvVELmL_10icarus_mcp7storage8zerocopy5testss_21test_zero_copy_string
FNDA:1,_RNvNtNtNtCse2FGHvVELmL_10icarus_mcp7storage8zerocopy5testss_25test_memory_mapped_buffer
FNDA:1,_RNvNtNtNtCse2FGHvVELmL_10icarus_mcp7storage8zerocopy5testss_25test_zero_copy_serializer
FNDA:1,_RNvNtNtNtCse2FGHvVELmL_10icarus_mcp7storage8zerocopy5testss_27test_zero_copy_deserializer
FNDA:0,_RINvMs0_NtNtCse2FGHvVELmL_10icarus_mcp7storage8zerocopyNtB6_20ZeroCopyDeserializer15parse_streamingpEBa_
FNDA:0,_RINvMs6_NtNtCse2FGHvVELmL_10icarus_mcp7storage8zerocopyNtB6_14ZeroCopyBuffer3putpEBa_
FNDA:0,_RNvMs0_NtNtCse2FGHvVELmL_10icarus_mcp7storage8zerocopyNtB5_20ZeroCopyDeserializer11parse_slice
FNDA:0,_RNvMs1_NtNtCse2FGHvVELmL_10icarus_mcp7storage8zerocopyNtB5_14ZeroCopyString10into_owned
FNDA:0,_RNvMs1_NtNtCse2FGHvVELmL_10icarus_mcp7storage8zerocopyNtB5_14ZeroCopyString8is_empty
FNDA:0,_RNvMs6_NtNtCse2FGHvVELmL_10icarus_mcp7storage8zerocopyNtB5_14ZeroCopyBuffer5clear
FNDA:0,_RNvMs6_NtNtCse2FGHvVELmL_10icarus_mcp7storage8zerocopyNtB5_14ZeroCopyBuffer7reserve
FNDA:0,_RNvMs6_NtNtCse2FGHvVELmL_10icarus_mcp7storage8zerocopyNtB5_14ZeroCopyBuffer8capacity
FNDA:0,_RNvMs6_NtNtCse2FGHvVELmL_10icarus_mcp7storage8zerocopyNtB5_14ZeroCopyBuffer8is_empty
FNDA:0,_RNvMs6_NtNtCse2FGHvVELmL_10icarus_mcp7storage8zerocopyNtB5_14ZeroCopyBuffer8truncate
FNDA:0,_RNvMs7_NtNtCse2FGHvVELmL_10icarus_mcp7storage8zerocopyNtB5_18MemoryMappedBuffer12set_position
FNDA:0,_RNvMs7_NtNtCse2FGHvVELmL_10icarus_mcp7storage8zerocopyNtB5_18MemoryMappedBuffer5reset
FNDA:0,_RNvMs7_NtNtCse2FGHvVELmL_10icarus_mcp7storage8zerocopyNtB5_18MemoryMappedBuffer8is_empty
FNDA:0,_RNvMs_NtNtCse2FGHvVELmL_10icarus_mcp7storage8zerocopyNtB4_18ZeroCopySerializer5reset
FNDA:0,_RNvMs_NtNtCse2FGHvVELmL_10icarus_mcp7storage8zerocopyNtB4_18ZeroCopySerializer8capacity
FNDA:0,_RNvXNtNtCse2FGHvVELmL_10icarus_mcp7storage8zerocopyNtB2_18ZeroCopySerializerNtNtCsaNl6UpbT7bw_4core7default7Default7default
FNDA:0,_RNvXs2_NtNtCse2FGHvVELmL_10icarus_mcp7storage8zerocopyNtB5_14ZeroCopyStringNtNtNtCsaNl6UpbT7bw_4core3ops5deref5Deref5deref
FNDA:0,_RNvXs3_NtNtCse2FGHvVELmL_10icarus_mcp7storage8zerocopyNtB5_14ZeroCopyStringINtNtCsaNl6UpbT7bw_4core7convert4FromReE4from
FNDA:0,_RNvXs4_NtNtCse2FGHvVELmL_10icarus_mcp7storage8zerocopyNtB5_14ZeroCopyStringINtNtCsaNl6UpbT7bw_4core7convert4FromNtNtCsiTraAjBDcu4_5alloc6string6StringE4from
FNDA:0,_RNvXs5_NtNtCse2FGHvVELmL_10icarus_mcp7storage8zerocopyNtB5_14ZeroCopyBufferNtNtCsaNl6UpbT7bw_4core7default7Default7default
FNDA:0,_RNvXs8_NtNtCse2FGHvVELmL_10icarus_mcp7storage8zerocopyNtB5_18MemoryMappedBufferNtNtCsht3nMU9UgFu_3std2io4Read4read
FNDA:0,_RNvXs9_NtNtCse2FGHvVELmL_10icarus_mcp7storage8zerocopyNtB5_18MemoryMappedBufferNtNtNtCs4o22YPnZA0i_5bytes3buf8buf_impl3Buf5chunk
FNDA:0,_RNvXs9_NtNtCse2FGHvVELmL_10icarus_mcp7storage8zerocopyNtB5_18MemoryMappedBufferNtNtNtCs4o22YPnZA0i_5bytes3buf8buf_impl3Buf7advance
FNDA:0,_RNvXs9_NtNtCse2FGHvVELmL_10icarus_mcp7storage8zerocopyNtB5_18MemoryMappedBufferNtNtNtCs4o22YPnZA0i_5bytes3buf8buf_impl3Buf9remaining
FNDA:1,_RNvMs0_NtNtCse2FGHvVELmL_10icarus_mcp7storage8zerocopyNtB5_20ZeroCopyDeserializer5parse
FNDA:2,_RNvMs1_NtNtCse2FGHvVELmL_10icarus_mcp7storage8zerocopyNtB5_14ZeroCopyString11is_borrowed
FNDA:2,_RNvMs1_NtNtCse2FGHvVELmL_10icarus_mcp7storage8zerocopyNtB5_14ZeroCopyString3len
FNDA:1,_RNvMs1_NtNtCse2FGHvVELmL_10icarus_mcp7storage8zerocopyNtB5_14ZeroCopyString5owned
FNDA:1,_RNvMs1_NtNtCse2FGHvVELmL_10icarus_mcp7storage8zerocopyNtB5_14ZeroCopyString6as_str
FNDA:1,_RNvMs1_NtNtCse2FGHvVELmL_10icarus_mcp7storage8zerocopyNtB5_14ZeroCopyString8borrowed
FNDA:1,_RNvMs6_NtNtCse2FGHvVELmL_10icarus_mcp7storage8zerocopyNtB5_14ZeroCopyBuffer10into_bytes
FNDA:1,_RNvMs6_NtNtCse2FGHvVELmL_10icarus_mcp7storage8zerocopyNtB5_14ZeroCopyBuffer13with_capacity
FNDA:3,_RNvMs6_NtNtCse2FGHvVELmL_10icarus_mcp7storage8zerocopyNtB5_14ZeroCopyBuffer17extend_from_slice
FNDA:3,_RNvMs6_NtNtCse2FGHvVELmL_10icarus_mcp7storage8zerocopyNtB5_14ZeroCopyBuffer3len
FNDA:1,_RNvMs6_NtNtCse2FGHvVELmL_10icarus_mcp7storage8zerocopyNtB5_14ZeroCopyBuffer3new
FNDA:2,_RNvMs6_NtNtCse2FGHvVELmL_10icarus_mcp7storage8zerocopyNtB5_14ZeroCopyBuffer8snapshot
FNDA:1,_RNvMs6_NtNtCse2FGHvVELmL_10icarus_mcp7storage8zerocopyNtB5_14ZeroCopyBuffer8split_to
FNDA:1,_RNvMs6_NtNtCse2FGHvVELmL_10icarus_mcp7storage8zerocopyNtB5_14ZeroCopyBuffer9snapshots
FNDA:1,_RNvMs7_NtNtCse2FGHvVELmL_10icarus_mcp7storage8zerocopyNtB5_18MemoryMappedBuffer3len
FNDA:1,_RNvMs7_NtNtCse2FGHvVELmL_10icarus_mcp7storage8zerocopyNtB5_18MemoryMappedBuffer3new
FNDA:1,_RNvMs7_NtNtCse2FGHvVELmL_10icarus_mcp7storage8zerocopyNtB5_18MemoryMappedBuffer4peek
FNDA:1,_RNvMs7_NtNtCse2FGHvVELmL_10icarus_mcp7storage8zerocopyNtB5_18MemoryMappedBuffer4read
FNDA:1,_RNvMs7_NtNtCse2FGHvVELmL_10icarus_mcp7storage8zerocopyNtB5_18MemoryMappedBuffer5slice
FNDA:3,_RNvMs7_NtNtCse2FGHvVELmL_10icarus_mcp7storage8zerocopyNtB5_18MemoryMappedBuffer8position
FNDA:1,_RNvMs7_NtNtCse2FGHvVELmL_10icarus_mcp7storage8zerocopyNtB5_18MemoryMappedBuffer9remaining
FNDA:1,_RNvMs_NtNtCse2FGHvVELmL_10icarus_mcp7storage8zerocopyNtB4_18ZeroCopySerializer13with_capacity
FNDA:3,_RNvMs_NtNtCse2FGHvVELmL_10icarus_mcp7storage8zerocopyNtB4_18ZeroCopySerializer3new
FNDA:1,_RNvMs_NtNtCse2FGHvVELmL_10icarus_mcp7storage8zerocopyNtB4_18ZeroCopySerializer7compact
FNF:61
FNH:37
DA:20,0
DA:21,0
DA:22,0
DA:27,3
DA:28,3
DA:29,3
DA:30,3
DA:31,3
DA:32,3
DA:35,1
DA:36,1
DA:37,1
DA:38,1
DA:39,1
DA:40,1
DA:43,1
DA:44,1
DA:45,1
DA:46,1
DA:52,4
DA:54,4
DA:57,4
DA:58,0
DA:60,4
DA:63,4
DA:66,4
DA:67,4
DA:73,1
DA:75,1
DA:76,1
DA:78,0
DA:81,1
DA:82,1
DA:83,1
DA:86,0
DA:87,0
DA:88,0
DA:91,0
DA:92,0
DA:93,0
DA:94,0
DA:95,0
DA:96,0
DA:97,0
DA:98,0
DA:108,3
DA:109,3
DA:110,3
DA:111,3
DA:114,1
DA:115,1
DA:116,1
DA:117,1
DA:122,1
DA:123,1
DA:124,1
DA:125,1
DA:128,0
DA:129,0
DA:130,0
DA:131,0
DA:136,0
DA:137,0
DA:138,0
DA:139,0
DA:150,1
DA:151,1
DA:152,1
DA:153,1
DA:154,1
DA:157,1
DA:158,1
DA:159,1
DA:160,1
DA:161,1
DA:164,1
DA:165,1
DA:166,1
DA:169,0
DA:170,0
DA:171,0
DA:174,2
DA:175,2
DA:176,2
DA:179,2
DA:180,2
DA:181,2
DA:184,0
DA:185,0
DA:186,0
DA:192,0
DA:193,0
DA:194,0
DA:198,0
DA:199,0
DA:200,0
DA:204,0
DA:205,0
DA:206,0
DA:218,0
DA:219,0
DA:220,0
DA:225,1
DA:226,1
DA:227,1
DA:228,1
DA:229,1
DA:230,1
DA:233,1
DA:234,1
DA:235,1
DA:236,1
DA:237,1
DA:238,1
DA:241,3
DA:242,3
DA:243,3
DA:246,0
DA:247,0
DA:248,0
DA:253,2
DA:254,2
DA:255,2
DA:256,2
DA:257,2
DA:260,3
DA:261,3
DA:262,3
DA:265,0
DA:266,0
DA:267,0
DA:270,0
DA:271,0
DA:272,0
DA:275,0
DA:276,0
DA:277,0
DA:283,1
DA:284,1
DA:285,1
DA:288,1
DA:289,1
DA:290,1
DA:293,1
DA:294,1
DA:295,1
DA:298,0
DA:299,0
DA:300,0
DA:303,0
DA:304,0
DA:305,0
DA:318,1
DA:319,1
DA:320,1
DA:323,1
DA:324,1
DA:325,1
DA:327,0
DA:329,1
DA:332,1
DA:333,1
DA:334,1
DA:335,1
DA:336,1
DA:338,0
DA:340,1
DA:343,1
DA:344,1
DA:345,1
DA:347,0
DA:349,1
DA:352,3
DA:353,3
DA:354,3
DA:357,0
DA:358,0
DA:359,0
DA:360,0
DA:362,0
DA:364,0
DA:367,1
DA:368,1
DA:369,1
DA:372,1
DA:373,1
DA:374,1
DA:377,0
DA:378,0
DA:379,0
DA:382,0
DA:383,0
DA:384,0
DA:388,0
DA:389,0
DA:390,0
DA:391,0
DA:392,0
DA:393,0
DA:394,0
DA:395,0
DA:396,0
DA:400,0
DA:401,0
DA:402,0
DA:404,0
DA:405,0
DA:406,0
DA:408,0
DA:409,0
DA:410,0
DA:426,1
DA:427,1
DA:429,1
DA:430,1
DA:431,1
DA:432,1
DA:433,1
DA:435,1
DA:436,1
DA:439,1
DA:440,1
DA:441,1
DA:444,1
DA:445,1
DA:446,1
DA:447,1
DA:448,1
DA:449,1
DA:451,1
DA:452,1
DA:454,1
DA:455,1
DA:456,1
DA:459,1
DA:460,1
DA:461,1
DA:462,1
DA:463,1
DA:464,1
DA:466,1
DA:467,1
DA:469,1
DA:470,1
DA:472,1
DA:473,1
DA:474,1
DA:477,1
DA:478,1
DA:479,1
DA:481,1
DA:482,1
DA:483,1
DA:485,1
DA:486,1
DA:487,1
DA:488,1
DA:491,1
DA:492,1
DA:494,1
DA:495,1
DA:497,1
DA:498,1
DA:500,1
DA:501,1
DA:503,1
DA:504,1
DA:507,1
DA:508,1
DA:510,1
DA:511,1
DA:514,1
DA:515,1
DA:516,1
DA:518,1
DA:519,1
DA:521,1
DA:522,1
DA:524,1
DA:525,1
DA:526,1
DA:528,1
DA:529,1
DA:530,1
DA:532,1
DA:533,1
DA:534,1
DA:537,1
DA:538,1
DA:539,1
DA:541,1
DA:542,1
DA:543,1
DA:545,1
DA:546,1
DA:547,1
DA:550,1
DA:551,1
DA:552,1
DA:554,1
DA:555,1
DA:556,1
DA:557,1
DA:558,1
DA:561,1
DA:562,1
DA:564,1
DA:565,1
DA:566,1
DA:567,1
DA:568,1
DA:570,1
DA:571,1
DA:574,1
DA:575,1
DA:576,1
DA:577,1
DA:578,1
DA:580,1
DA:581,1
DA:584,1
DA:587,1
DA:588,1
DA:590,1
DA:591,1
DA:592,1
BRF:0
BRH:0
LF:326
LH:233
end_of_record