SF:/Users/goshea/projects/icarus/icarus-sdk/cli/src/commands/analyze.rs
FN:169,_RNCNvNtNtCs9I76lDWc7yg_6icarus8commands7analyze16get_project_name0B7_
FN:171,_RNCNvNtNtCs9I76lDWc7yg_6icarus8commands7analyze16get_project_names0_0B7_
FN:172,_RNCNvNtNtCs9I76lDWc7yg_6icarus8commands7analyze16get_project_names1_0B7_
FN:170,_RNCNvNtNtCs9I76lDWc7yg_6icarus8commands7analyze16get_project_names_0B7_
FN:8,_RNCNvNtNtCs9I76lDWc7yg_6icarus8commands7analyze7execute0B7_
FN:163,_RNvNtNtCs9I76lDWc7yg_6icarus8commands7analyze16get_project_name
FN:159,_RNvNtNtCs9I76lDWc7yg_6icarus8commands7analyze17is_icarus_project
FN:95,_RNvNtNtCs9I76lDWc7yg_6icarus8commands7analyze19show_basic_analysis
FN:115,_RNvNtNtCs9I76lDWc7yg_6icarus8commands7analyze29show_optimization_suggestions
FN:8,_RNvNtNtCs9I76lDWc7yg_6icarus8commands7analyze7execute
FN:169,_RNCNvNtNtCs56Gb0ALyL37_6icarus8commands7analyze16get_project_name0B7_
FN:171,_RNCNvNtNtCs56Gb0ALyL37_6icarus8commands7analyze16get_project_names0_0B7_
FN:172,_RNCNvNtNtCs56Gb0ALyL37_6icarus8commands7analyze16get_project_names1_0B7_
FN:170,_RNCNvNtNtCs56Gb0ALyL37_6icarus8commands7analyze16get_project_names_0B7_
FN:8,_RNCNvNtNtCs56Gb0ALyL37_6icarus8commands7analyze7execute0B7_
FN:163,_RNvNtNtCs56Gb0ALyL37_6icarus8commands7analyze16get_project_name
FN:159,_RNvNtNtCs56Gb0ALyL37_6icarus8commands7analyze17is_icarus_project
FN:95,_RNvNtNtCs56Gb0ALyL37_6icarus8commands7analyze19show_basic_analysis
FN:115,_RNvNtNtCs56Gb0ALyL37_6icarus8commands7analyze29show_optimization_suggestions
FN:8,_RNvNtNtCs56Gb0ALyL37_6icarus8commands7analyze7execute
FNDA:0,_RNCNvNtNtCs9I76lDWc7yg_6icarus8commands7analyze16get_project_name0B7_
FNDA:0,_RNCNvNtNtCs9I76lDWc7yg_6icarus8commands7analyze16get_project_names0_0B7_
FNDA:0,_RNCNvNtNtCs9I76lDWc7yg_6icarus8commands7analyze16get_project_names1_0B7_
FNDA:0,_RNCNvNtNtCs9I76lDWc7yg_6icarus8commands7analyze16get_project_names_0B7_
FNDA:0,_RNCNvNtNtCs9I76lDWc7yg_6icarus8commands7analyze7execute0B7_
FNDA:0,_RNvNtNtCs9I76lDWc7yg_6icarus8commands7analyze16get_project_name
FNDA:0,_RNvNtNtCs9I76lDWc7yg_6icarus8commands7analyze17is_icarus_project
FNDA:0,_RNvNtNtCs9I76lDWc7yg_6icarus8commands7analyze19show_basic_analysis
FNDA:0,_RNvNtNtCs9I76lDWc7yg_6icarus8commands7analyze29show_optimization_suggestions
FNDA:0,_RNvNtNtCs9I76lDWc7yg_6icarus8commands7analyze7execute
FNDA:0,_RNCNvNtNtCs56Gb0ALyL37_6icarus8commands7analyze16get_project_name0B7_
FNDA:0,_RNCNvNtNtCs56Gb0ALyL37_6icarus8commands7analyze16get_project_names0_0B7_
FNDA:0,_RNCNvNtNtCs56Gb0ALyL37_6icarus8commands7analyze16get_project_names1_0B7_
FNDA:0,_RNCNvNtNtCs56Gb0ALyL37_6icarus8commands7analyze16get_project_names_0B7_
FNDA:0,_RNCNvNtNtCs56Gb0ALyL37_6icarus8commands7analyze7execute0B7_
FNDA:0,_RNvNtNtCs56Gb0ALyL37_6icarus8commands7analyze16get_project_name
FNDA:0,_RNvNtNtCs56Gb0ALyL37_6icarus8commands7analyze17is_icarus_project
FNDA:0,_RNvNtNtCs56Gb0ALyL37_6icarus8commands7analyze19show_basic_analysis
FNDA:0,_RNvNtNtCs56Gb0ALyL37_6icarus8commands7analyze29show_optimization_suggestions
FNDA:0,_RNvNtNtCs56Gb0ALyL37_6icarus8commands7analyze7execute
FNF:10
FNH:0
DA:8,0
DA:10,0
DA:11,0
DA:12,0
DA:13,0
DA:16,0
DA:17,0
DA:18,0
DA:19,0
DA:20,0
DA:21,0
DA:23,0
DA:24,0
DA:25,0
DA:28,0
DA:29,0
DA:30,0
DA:31,0
DA:34,0
DA:35,0
DA:36,0
DA:38,0
DA:39,0
DA:40,0
DA:41,0
DA:42,0
DA:43,0
DA:46,0
DA:47,0
DA:48,0
DA:49,0
DA:50,0
DA:52,0
DA:53,0
DA:56,0
DA:57,0
DA:58,0
DA:59,0
DA:60,0
DA:61,0
DA:64,0
DA:65,0
DA:66,0
DA:67,0
DA:68,0
DA:72,0
DA:75,0
DA:76,0
DA:78,0
DA:79,0
DA:80,0
DA:82,0
DA:83,0
DA:84,0
DA:85,0
DA:86,0
DA:89,0
DA:92,0
DA:93,0
DA:95,0
DA:96,0
DA:99,0
DA:100,0
DA:103,0
DA:104,0
DA:105,0
DA:106,0
DA:107,0
DA:108,0
DA:109,0
DA:110,0
DA:112,0
DA:113,0
DA:115,0
DA:116,0
DA:118,0
DA:120,0
DA:121,0
DA:122,0
DA:123,0
DA:124,0
DA:125,0
DA:126,0
DA:127,0
DA:128,0
DA:130,0
DA:131,0
DA:132,0
DA:133,0
DA:134,0
DA:137,0
DA:138,0
DA:140,0
DA:141,0
DA:142,0
DA:143,0
DA:144,0
DA:145,0
DA:146,0
DA:147,0
DA:148,0
DA:149,0
DA:150,0
DA:151,0
DA:152,0
DA:153,0
DA:154,0
DA:156,0
DA:157,0
DA:159,0
DA:160,0
DA:161,0
DA:163,0
DA:164,0
DA:165,0
DA:166,0
DA:168,0
DA:169,0
DA:170,0
DA:171,0
DA:172,0
DA:173,0
BRF:0
BRH:0
LF:127
LH:0
end_of_record
SF:/Users/goshea/projects/icarus/icarus-sdk/cli/src/commands/deploy.rs
FN:339,_RNCNCNvNtNtCs9I76lDWc7yg_6icarus8commands6deploy28handle_claude_desktop_config00B9_
FN:340,_RNCNCNvNtNtCs9I76lDWc7yg_6icarus8commands6deploy28handle_claude_desktop_config0s_0B9_
FN:80,_RNCNCNvNtNtCs9I76lDWc7yg_6icarus8commands6deploy7execute00B9_
FN:172,_RNCNvNtNtCs9I76lDWc7yg_6icarus8commands6deploy13optimize_wasm0B7_
FN:136,_RNCNvNtNtCs9I76lDWc7yg_6icarus8commands6deploy16get_project_name0B7_
FN:138,_RNCNvNtNtCs9I76lDWc7yg_6icarus8commands6deploy16get_project_names0_0B7_
FN:139,_RNCNvNtNtCs9I76lDWc7yg_6icarus8commands6deploy16get_project_names1_0B7_
FN:137,_RNCNvNtNtCs9I76lDWc7yg_6icarus8commands6deploy16get_project_names_0B7_
FN:252,_RNCNvNtNtCs9I76lDWc7yg_6icarus8commands6deploy23update_candid_from_wasm0B7_
FN:313,_RNCNvNtNtCs9I76lDWc7yg_6icarus8commands6deploy28handle_claude_desktop_config0B7_
FN:407,_RNCNvNtNtCs9I76lDWc7yg_6icarus8commands6deploy30generate_claude_desktop_config0B7_
FN:408,_RNCNvNtNtCs9I76lDWc7yg_6icarus8commands6deploy30generate_claude_desktop_configs_0B7_
FN:14,_RNCNvNtNtCs9I76lDWc7yg_6icarus8commands6deploy7execute0B7_
FN:235,_RNvNtNtCs9I76lDWc7yg_6icarus8commands6deploy11format_size
FN:172,_RNvNtNtCs9I76lDWc7yg_6icarus8commands6deploy13optimize_wasm
FN:130,_RNvNtNtCs9I76lDWc7yg_6icarus8commands6deploy16get_project_name
FN:142,_RNvNtNtCs9I76lDWc7yg_6icarus8commands6deploy16save_canister_id
FN:126,_RNvNtNtCs9I76lDWc7yg_6icarus8commands6deploy17is_icarus_project
FN:252,_RNvNtNtCs9I76lDWc7yg_6icarus8commands6deploy23update_candid_from_wasm
FN:309,_RNvNtNtCs9I76lDWc7yg_6icarus8commands6deploy28handle_claude_desktop_config
FN:404,_RNvNtNtCs9I76lDWc7yg_6icarus8commands6deploy30generate_claude_desktop_config
FN:14,_RNvNtNtCs9I76lDWc7yg_6icarus8commands6deploy7execute
FN:339,_RNCNCNvNtNtCs56Gb0ALyL37_6icarus8commands6deploy28handle_claude_desktop_config00B9_
FN:340,_RNCNCNvNtNtCs56Gb0ALyL37_6icarus8commands6deploy28handle_claude_desktop_config0s_0B9_
FN:80,_RNCNCNvNtNtCs56Gb0ALyL37_6icarus8commands6deploy7execute00B9_
FN:172,_RNCNvNtNtCs56Gb0ALyL37_6icarus8commands6deploy13optimize_wasm0B7_
FN:136,_RNCNvNtNtCs56Gb0ALyL37_6icarus8commands6deploy16get_project_name0B7_
FN:138,_RNCNvNtNtCs56Gb0ALyL37_6icarus8commands6deploy16get_project_names0_0B7_
FN:139,_RNCNvNtNtCs56Gb0ALyL37_6icarus8commands6deploy16get_project_names1_0B7_
FN:137,_RNCNvNtNtCs56Gb0ALyL37_6icarus8commands6deploy16get_project_names_0B7_
FN:252,_RNCNvNtNtCs56Gb0ALyL37_6icarus8commands6deploy23update_candid_from_wasm0B7_
FN:313,_RNCNvNtNtCs56Gb0ALyL37_6icarus8commands6deploy28handle_claude_desktop_config0B7_
FN:407,_RNCNvNtNtCs56Gb0ALyL37_6icarus8commands6deploy30generate_claude_desktop_config0B7_
FN:408,_RNCNvNtNtCs56Gb0ALyL37_6icarus8commands6deploy30generate_claude_desktop_configs_0B7_
FN:14,_RNCNvNtNtCs56Gb0ALyL37_6icarus8commands6deploy7execute0B7_
FN:235,_RNvNtNtCs56Gb0ALyL37_6icarus8commands6deploy11format_size
FN:172,_RNvNtNtCs56Gb0ALyL37_6icarus8commands6deploy13optimize_wasm
FN:130,_RNvNtNtCs56Gb0ALyL37_6icarus8commands6deploy16get_project_name
FN:142,_RNvNtNtCs56Gb0ALyL37_6icarus8commands6deploy16save_canister_id
FN:126,_RNvNtNtCs56Gb0ALyL37_6icarus8commands6deploy17is_icarus_project
FN:252,_RNvNtNtCs56Gb0ALyL37_6icarus8commands6deploy23update_candid_from_wasm
FN:309,_RNvNtNtCs56Gb0ALyL37_6icarus8commands6deploy28handle_claude_desktop_config
FN:404,_RNvNtNtCs56Gb0ALyL37_6icarus8commands6deploy30generate_claude_desktop_config
FN:14,_RNvNtNtCs56Gb0ALyL37_6icarus8commands6deploy7execute
FNDA:0,_RNCNCNvNtNtCs9I76lDWc7yg_6icarus8commands6deploy28handle_claude_desktop_config00B9_
FNDA:0,_RNCNCNvNtNtCs9I76lDWc7yg_6icarus8commands6deploy28handle_claude_desktop_config0s_0B9_
FNDA:0,_RNCNCNvNtNtCs9I76lDWc7yg_6icarus8commands6deploy7execute00B9_
FNDA:0,_RNCNvNtNtCs9I76lDWc7yg_6icarus8commands6deploy13optimize_wasm0B7_
FNDA:0,_RNCNvNtNtCs9I76lDWc7yg_6icarus8commands6deploy16get_project_name0B7_
FNDA:0,_RNCNvNtNtCs9I76lDWc7yg_6icarus8commands6deploy16get_project_names0_0B7_
FNDA:0,_RNCNvNtNtCs9I76lDWc7yg_6icarus8commands6deploy16get_project_names1_0B7_
FNDA:0,_RNCNvNtNtCs9I76lDWc7yg_6icarus8commands6deploy16get_project_names_0B7_
FNDA:0,_RNCNvNtNtCs9I76lDWc7yg_6icarus8commands6deploy23update_candid_from_wasm0B7_
FNDA:0,_RNCNvNtNtCs9I76lDWc7yg_6icarus8commands6deploy28handle_claude_desktop_config0B7_
FNDA:0,_RNCNvNtNtCs9I76lDWc7yg_6icarus8commands6deploy30generate_claude_desktop_config0B7_
FNDA:0,_RNCNvNtNtCs9I76lDWc7yg_6icarus8commands6deploy30generate_claude_desktop_configs_0B7_
FNDA:0,_RNCNvNtNtCs9I76lDWc7yg_6icarus8commands6deploy7execute0B7_
FNDA:0,_RNvNtNtCs9I76lDWc7yg_6icarus8commands6deploy11format_size
FNDA:0,_RNvNtNtCs9I76lDWc7yg_6icarus8commands6deploy13optimize_wasm
FNDA:0,_RNvNtNtCs9I76lDWc7yg_6icarus8commands6deploy16get_project_name
FNDA:0,_RNvNtNtCs9I76lDWc7yg_6icarus8commands6deploy16save_canister_id
FNDA:0,_RNvNtNtCs9I76lDWc7yg_6icarus8commands6deploy17is_icarus_project
FNDA:0,_RNvNtNtCs9I76lDWc7yg_6icarus8commands6deploy23update_candid_from_wasm
FNDA:0,_RNvNtNtCs9I76lDWc7yg_6icarus8commands6deploy28handle_claude_desktop_config
FNDA:0,_RNvNtNtCs9I76lDWc7yg_6icarus8commands6deploy30generate_claude_desktop_config
FNDA:0,_RNvNtNtCs9I76lDWc7yg_6icarus8commands6deploy7execute
FNDA:0,_RNCNCNvNtNtCs56Gb0ALyL37_6icarus8commands6deploy28handle_claude_desktop_config00B9_
FNDA:0,_RNCNCNvNtNtCs56Gb0ALyL37_6icarus8commands6deploy28handle_claude_desktop_config0s_0B9_
FNDA:0,_RNCNCNvNtNtCs56Gb0ALyL37_6icarus8commands6deploy7execute00B9_
FNDA:0,_RNCNvNtNtCs56Gb0ALyL37_6icarus8commands6deploy13optimize_wasm0B7_
FNDA:0,_RNCNvNtNtCs56Gb0ALyL37_6icarus8commands6deploy16get_project_name0B7_
FNDA:0,_RNCNvNtNtCs56Gb0ALyL37_6icarus8commands6deploy16get_project_names0_0B7_
FNDA:0,_RNCNvNtNtCs56Gb0ALyL37_6icarus8commands6deploy16get_project_names1_0B7_
FNDA:0,_RNCNvNtNtCs56Gb0ALyL37_6icarus8commands6deploy16get_project_names_0B7_
FNDA:0,_RNCNvNtNtCs56Gb0ALyL37_6icarus8commands6deploy23update_candid_from_wasm0B7_
FNDA:0,_RNCNvNtNtCs56Gb0ALyL37_6icarus8commands6deploy28handle_claude_desktop_config0B7_
FNDA:0,_RNCNvNtNtCs56Gb0ALyL37_6icarus8commands6deploy30generate_claude_desktop_config0B7_
FNDA:0,_RNCNvNtNtCs56Gb0ALyL37_6icarus8commands6deploy30generate_claude_desktop_configs_0B7_
FNDA:0,_RNCNvNtNtCs56Gb0ALyL37_6icarus8commands6deploy7execute0B7_
FNDA:0,_RNvNtNtCs56Gb0ALyL37_6icarus8commands6deploy11format_size
FNDA:0,_RNvNtNtCs56Gb0ALyL37_6icarus8commands6deploy13optimize_wasm
FNDA:0,_RNvNtNtCs56Gb0ALyL37_6icarus8commands6deploy16get_project_name
FNDA:0,_RNvNtNtCs56Gb0ALyL37_6icarus8commands6deploy16save_canister_id
FNDA:0,_RNvNtNtCs56Gb0ALyL37_6icarus8commands6deploy17is_icarus_project
FNDA:0,_RNvNtNtCs56Gb0ALyL37_6icarus8commands6deploy23update_candid_from_wasm
FNDA:0,_RNvNtNtCs56Gb0ALyL37_6icarus8commands6deploy28handle_claude_desktop_config
FNDA:0,_RNvNtNtCs56Gb0ALyL37_6icarus8commands6deploy30generate_claude_desktop_config
FNDA:0,_RNvNtNtCs56Gb0ALyL37_6icarus8commands6deploy7execute
FNF:22
FNH:0
DA:14,0
DA:16,0
DA:17,0
DA:18,0
DA:21,0
DA:22,0
DA:23,0
DA:24,0
DA:27,0
DA:29,0
DA:30,0
DA:31,0
DA:32,0
DA:35,0
DA:36,0
DA:37,0
DA:38,0
DA:39,0
DA:40,0
DA:41,0
DA:44,0
DA:47,0
DA:48,0
DA:51,0
DA:52,0
DA:53,0
DA:54,0
DA:57,0
DA:60,0
DA:61,0
DA:62,0
DA:63,0
DA:64,0
DA:65,0
DA:66,0
DA:69,0
DA:70,0
DA:71,0
DA:72,0
DA:74,0
DA:75,0
DA:76,0
DA:77,0
DA:80,0
DA:83,0
DA:86,0
DA:87,0
DA:88,0
DA:89,0
DA:90,0
DA:91,0
DA:92,0
DA:94,0
DA:95,0
DA:96,0
DA:97,0
DA:100,0
DA:103,0
DA:105,0
DA:106,0
DA:107,0
DA:108,0
DA:109,0
DA:110,0
DA:111,0
DA:112,0
DA:113,0
DA:114,0
DA:115,0
DA:116,0
DA:117,0
DA:118,0
DA:119,0
DA:121,0
DA:123,0
DA:124,0
DA:126,0
DA:127,0
DA:128,0
DA:130,0
DA:131,0
DA:132,0
DA:133,0
DA:135,0
DA:136,0
DA:137,0
DA:138,0
DA:139,0
DA:140,0
DA:142,0
DA:143,0
DA:145,0
DA:146,0
DA:147,0
DA:149,0
DA:152,0
DA:154,0
DA:155,0
DA:156,0
DA:158,0
DA:160,0
DA:161,0
DA:162,0
DA:164,0
DA:166,0
DA:167,0
DA:169,0
DA:170,0
DA:172,0
DA:176,0
DA:177,0
DA:178,0
DA:180,0
DA:181,0
DA:184,0
DA:185,0
DA:186,0
DA:187,0
DA:188,0
DA:189,0
DA:191,0
DA:193,0
DA:194,0
DA:197,0
DA:199,0
DA:202,0
DA:203,0
DA:204,0
DA:205,0
DA:206,0
DA:207,0
DA:208,0
DA:210,0
DA:211,0
DA:213,0
DA:214,0
DA:216,0
DA:217,0
DA:218,0
DA:219,0
DA:220,0
DA:221,0
DA:223,0
DA:224,0
DA:225,0
DA:226,0
DA:227,0
DA:228,0
DA:229,0
DA:232,0
DA:233,0
DA:235,0
DA:237,0
DA:238,0
DA:240,0
DA:241,0
DA:242,0
DA:243,0
DA:245,0
DA:246,0
DA:248,0
DA:250,0
DA:252,0
DA:256,0
DA:257,0
DA:258,0
DA:259,0
DA:260,0
DA:261,0
DA:263,0
DA:264,0
DA:265,0
DA:268,0
DA:269,0
DA:270,0
DA:273,0
DA:276,0
DA:277,0
DA:278,0
DA:279,0
DA:280,0
DA:283,0
DA:284,0
DA:285,0
DA:286,0
DA:288,0
DA:289,0
DA:290,0
DA:291,0
DA:292,0
DA:293,0
DA:296,0
DA:299,0
DA:300,0
DA:301,0
DA:302,0
DA:303,0
DA:304,0
DA:306,0
DA:307,0
DA:309,0
DA:310,0
DA:311,0
DA:312,0
DA:313,0
DA:315,0
DA:316,0
DA:317,0
DA:318,0
DA:319,0
DA:322,0
DA:323,0
DA:325,0
DA:327,0
DA:331,0
DA:334,0
DA:335,0
DA:336,0
DA:338,0
DA:339,0
DA:340,0
DA:341,0
DA:342,0
DA:343,0
DA:345,0
DA:346,0
DA:347,0
DA:349,0
DA:350,0
DA:351,0
DA:352,0
DA:353,0
DA:354,0
DA:355,0
DA:356,0
DA:357,0
DA:358,0
DA:359,0
DA:360,0
DA:361,0
DA:362,0
DA:363,0
DA:365,0
DA:366,0
DA:369,0
DA:371,0
DA:372,0
DA:373,0
DA:374,0
DA:376,0
DA:377,0
DA:378,0
DA:379,0
DA:381,0
DA:384,0
DA:386,0
DA:387,0
DA:388,0
DA:389,0
DA:390,0
DA:392,0
DA:394,0
DA:395,0
DA:396,0
DA:397,0
DA:399,0
DA:401,0
DA:402,0
DA:404,0
DA:406,0
DA:407,0
DA:408,0
DA:410,0
DA:411,0
DA:412,0
DA:413,0
DA:414,0
DA:415,0
DA:419,0
BRF:0
BRH:0
LF:292
LH:0
end_of_record
SF:/Users/goshea/projects/icarus/icarus-sdk/cli/src/commands/mcp/add.rs
FN:26,_RNCNCNvNtNtNtCs9I76lDWc7yg_6icarus8commands3mcp3add7execute00Bb_
FN:73,_RNCNCNvNtNtNtCs9I76lDWc7yg_6icarus8commands3mcp3add7execute0s0_0Bb_
FN:87,_RNCNCNvNtNtNtCs9I76lDWc7yg_6icarus8commands3mcp3add7execute0s1_0Bb_
FN:243,_RNCNvNtNtNtCs9I76lDWc7yg_6icarus8commands3mcp3add16configure_client0B9_
FN:20,_RNCNvNtNtNtCs9I76lDWc7yg_6icarus8commands3mcp3add7execute0B9_
FN:237,_RNvNtNtNtCs9I76lDWc7yg_6icarus8commands3mcp3add16configure_client
FN:14,_RNvNtNtNtCs9I76lDWc7yg_6icarus8commands3mcp3add7execute
FN:237,_RNvNtNtNtCs56Gb0ALyL37_6icarus8commands3mcp3add16configure_client
FN:14,_RNvNtNtNtCs56Gb0ALyL37_6icarus8commands3mcp3add7execute
FN:26,_RNCNCNvNtNtNtCs56Gb0ALyL37_6icarus8commands3mcp3add7execute00Bb_
FN:73,_RNCNCNvNtNtNtCs56Gb0ALyL37_6icarus8commands3mcp3add7execute0s0_0Bb_
FN:87,_RNCNCNvNtNtNtCs56Gb0ALyL37_6icarus8commands3mcp3add7execute0s1_0Bb_
FN:243,_RNCNvNtNtNtCs56Gb0ALyL37_6icarus8commands3mcp3add16configure_client0B9_
FN:20,_RNCNvNtNtNtCs56Gb0ALyL37_6icarus8commands3mcp3add7execute0B9_
FNDA:0,_RNCNCNvNtNtNtCs9I76lDWc7yg_6icarus8commands3mcp3add7execute00Bb_
FNDA:0,_RNCNCNvNtNtNtCs9I76lDWc7yg_6icarus8commands3mcp3add7execute0s0_0Bb_
FNDA:0,_RNCNCNvNtNtNtCs9I76lDWc7yg_6icarus8commands3mcp3add7execute0s1_0Bb_
FNDA:0,_RNCNvNtNtNtCs9I76lDWc7yg_6icarus8commands3mcp3add16configure_client0B9_
FNDA:0,_RNCNvNtNtNtCs9I76lDWc7yg_6icarus8commands3mcp3add7execute0B9_
FNDA:0,_RNvNtNtNtCs9I76lDWc7yg_6icarus8commands3mcp3add16configure_client
FNDA:0,_RNvNtNtNtCs9I76lDWc7yg_6icarus8commands3mcp3add7execute
FNDA:0,_RNvNtNtNtCs56Gb0ALyL37_6icarus8commands3mcp3add16configure_client
FNDA:0,_RNvNtNtNtCs56Gb0ALyL37_6icarus8commands3mcp3add7execute
FNDA:0,_RNCNCNvNtNtNtCs56Gb0ALyL37_6icarus8commands3mcp3add7execute00Bb_
FNDA:0,_RNCNCNvNtNtNtCs56Gb0ALyL37_6icarus8commands3mcp3add7execute0s0_0Bb_
FNDA:0,_RNCNCNvNtNtNtCs56Gb0ALyL37_6icarus8commands3mcp3add7execute0s1_0Bb_
FNDA:0,_RNCNvNtNtNtCs56Gb0ALyL37_6icarus8commands3mcp3add16configure_client0B9_
FNDA:0,_RNCNvNtNtNtCs56Gb0ALyL37_6icarus8commands3mcp3add7execute0B9_
FNF:7
FNH:0
DA:14,0
DA:15,0
DA:16,0
DA:17,0
DA:18,0
DA:19,0
DA:20,0
DA:22,0
DA:23,0
DA:24,0
DA:26,0
DA:28,0
DA:29,0
DA:31,0
DA:32,0
DA:34,0
DA:35,0
DA:38,0
DA:39,0
DA:40,0
DA:41,0
DA:43,0
DA:44,0
DA:45,0
DA:46,0
DA:47,0
DA:48,0
DA:49,0
DA:50,0
DA:51,0
DA:54,0
DA:56,0
DA:57,0
DA:59,0
DA:60,0
DA:61,0
DA:62,0
DA:63,0
DA:64,0
DA:66,0
DA:67,0
DA:71,0
DA:72,0
DA:73,0
DA:74,0
DA:75,0
DA:76,0
DA:77,0
DA:78,0
DA:79,0
DA:80,0
DA:81,0
DA:83,0
DA:86,0
DA:87,0
DA:90,0
DA:91,0
DA:92,0
DA:93,0
DA:96,0
DA:97,0
DA:98,0
DA:99,0
DA:101,0
DA:102,0
DA:103,0
DA:104,0
DA:107,0
DA:110,0
DA:111,0
DA:113,0
DA:114,0
DA:115,0
DA:119,0
DA:120,0
DA:121,0
DA:122,0
DA:126,0
DA:127,0
DA:128,0
DA:129,0
DA:130,0
DA:131,0
DA:132,0
DA:133,0
DA:134,0
DA:137,0
DA:140,0
DA:141,0
DA:142,0
DA:143,0
DA:144,0
DA:145,0
DA:146,0
DA:149,0
DA:150,0
DA:152,0
DA:153,0
DA:154,0
DA:155,0
DA:157,0
DA:158,0
DA:159,0
DA:160,0
DA:163,0
DA:164,0
DA:165,0
DA:166,0
DA:167,0
DA:168,0
DA:169,0
DA:170,0
DA:172,0
DA:175,0
DA:178,0
DA:180,0
DA:181,0
DA:183,0
DA:184,0
DA:185,0
DA:186,0
DA:187,0
DA:188,0
DA:189,0
DA:190,0
DA:191,0
DA:192,0
DA:193,0
DA:194,0
DA:195,0
DA:196,0
DA:197,0
DA:198,0
DA:199,0
DA:200,0
DA:201,0
DA:202,0
DA:203,0
DA:207,0
DA:208,0
DA:209,0
DA:210,0
DA:211,0
DA:212,0
DA:213,0
DA:214,0
DA:215,0
DA:216,0
DA:217,0
DA:218,0
DA:219,0
DA:220,0
DA:221,0
DA:222,0
DA:223,0
DA:224,0
DA:225,0
DA:226,0
DA:227,0
DA:228,0
DA:229,0
DA:230,0
DA:233,0
DA:234,0
DA:237,0
DA:238,0
DA:239,0
DA:240,0
DA:241,0
DA:242,0
DA:243,0
DA:245,0
DA:246,0
DA:248,0
DA:249,0
DA:252,0
DA:257,0
DA:258,0
DA:259,0
DA:260,0
DA:263,0
DA:266,0
DA:267,0
DA:268,0
DA:271,0
DA:272,0
DA:273,0
DA:275,0
DA:276,0
BRF:0
BRH:0
LF:194
LH:0
end_of_record
SF:/Users/goshea/projects/icarus/icarus-sdk/cli/src/commands/mcp/dashboard.rs
FN:89,_RNCNCNvNtNtNtCs9I76lDWc7yg_6icarus8commands3mcp9dashboard7execute0s0_0Bb_
FN:90,_RNCNCNvNtNtNtCs9I76lDWc7yg_6icarus8commands3mcp9dashboard7execute0s1_0Bb_
FN:91,_RNCNCNvNtNtNtCs9I76lDWc7yg_6icarus8commands3mcp9dashboard7execute0s2_0Bb_
FN:88,_RNCNCNvNtNtNtCs9I76lDWc7yg_6icarus8commands3mcp9dashboard7execute0s_0Bb_
FN:13,_RNCNvNtNtNtCs9I76lDWc7yg_6icarus8commands3mcp9dashboard7execute0B9_
FN:13,_RNvNtNtNtCs9I76lDWc7yg_6icarus8commands3mcp9dashboard7execute
FN:89,_RNCNCNvNtNtNtCs56Gb0ALyL37_6icarus8commands3mcp9dashboard7execute0s0_0Bb_
FN:90,_RNCNCNvNtNtNtCs56Gb0ALyL37_6icarus8commands3mcp9dashboard7execute0s1_0Bb_
FN:91,_RNCNCNvNtNtNtCs56Gb0ALyL37_6icarus8commands3mcp9dashboard7execute0s2_0Bb_
FN:88,_RNCNCNvNtNtNtCs56Gb0ALyL37_6icarus8commands3mcp9dashboard7execute0s_0Bb_
FN:13,_RNCNvNtNtNtCs56Gb0ALyL37_6icarus8commands3mcp9dashboard7execute0B9_
FN:13,_RNvNtNtNtCs56Gb0ALyL37_6icarus8commands3mcp9dashboard7execute
FNDA:0,_RNCNCNvNtNtNtCs9I76lDWc7yg_6icarus8commands3mcp9dashboard7execute0s0_0Bb_
FNDA:0,_RNCNCNvNtNtNtCs9I76lDWc7yg_6icarus8commands3mcp9dashboard7execute0s1_0Bb_
FNDA:0,_RNCNCNvNtNtNtCs9I76lDWc7yg_6icarus8commands3mcp9dashboard7execute0s2_0Bb_
FNDA:0,_RNCNCNvNtNtNtCs9I76lDWc7yg_6icarus8commands3mcp9dashboard7execute0s_0Bb_
FNDA:0,_RNCNvNtNtNtCs9I76lDWc7yg_6icarus8commands3mcp9dashboard7execute0B9_
FNDA:0,_RNvNtNtNtCs9I76lDWc7yg_6icarus8commands3mcp9dashboard7execute
FNDA:0,_RNCNCNvNtNtNtCs56Gb0ALyL37_6icarus8commands3mcp9dashboard7execute0s0_0Bb_
FNDA:0,_RNCNCNvNtNtNtCs56Gb0ALyL37_6icarus8commands3mcp9dashboard7execute0s1_0Bb_
FNDA:0,_RNCNCNvNtNtNtCs56Gb0ALyL37_6icarus8commands3mcp9dashboard7execute0s2_0Bb_
FNDA:0,_RNCNCNvNtNtNtCs56Gb0ALyL37_6icarus8commands3mcp9dashboard7execute0s_0Bb_
FNDA:0,_RNCNvNtNtNtCs56Gb0ALyL37_6icarus8commands3mcp9dashboard7execute0B9_
FNDA:0,_RNvNtNtNtCs56Gb0ALyL37_6icarus8commands3mcp9dashboard7execute
FNF:6
FNH:0
DA:13,0
DA:14,0
DA:16,0
DA:18,0
DA:19,0
DA:21,0
DA:24,0
DA:25,0
DA:26,0
DA:27,0
DA:30,0
DA:31,0
DA:33,0
DA:34,0
DA:36,0
DA:37,0
DA:38,0
DA:39,0
DA:40,0
DA:43,0
DA:44,0
DA:45,0
DA:47,0
DA:48,0
DA:49,0
DA:50,0
DA:51,0
DA:52,0
DA:53,0
DA:55,0
DA:58,0
DA:59,0
DA:62,0
DA:63,0
DA:66,0
DA:67,0
DA:68,0
DA:69,0
DA:70,0
DA:74,0
DA:75,0
DA:76,0
DA:77,0
DA:78,0
DA:81,0
DA:82,0
DA:84,0
DA:87,0
DA:88,0
DA:89,0
DA:90,0
DA:91,0
DA:94,0
DA:96,0
DA:100,0
DA:102,0
DA:103,0
DA:104,0
DA:105,0
DA:106,0
DA:108,0
DA:111,0
DA:114,0
DA:115,0
DA:116,0
DA:118,0
DA:121,0
DA:124,0
DA:126,0
DA:127,0
DA:132,0
DA:133,0
DA:134,0
DA:138,0
DA:139,0
DA:140,0
DA:142,0
DA:143,0
DA:147,0
DA:149,0
DA:150,0
DA:151,0
DA:152,0
DA:153,0
DA:154,0
DA:155,0
DA:156,0
DA:157,0
DA:158,0
DA:159,0
DA:160,0
DA:161,0
DA:162,0
DA:163,0
DA:164,0
DA:165,0
DA:168,0
DA:169,0
DA:170,0
DA:171,0
DA:173,0
DA:174,0
BRF:0
BRH:0
LF:107
LH:0
end_of_record
SF:/Users/goshea/projects/icarus/icarus-sdk/cli/src/commands/mcp/list.rs
FN:94,_RNCNCNCNvNtNtNtCs9I76lDWc7yg_6icarus8commands3mcp4list7execute0s0_00Bd_
FN:34,_RNCNCNvNtNtNtCs9I76lDWc7yg_6icarus8commands3mcp4list7execute00Bb_
FN:91,_RNCNCNvNtNtNtCs9I76lDWc7yg_6icarus8commands3mcp4list7execute0s0_0Bb_
FN:105,_RNCNCNvNtNtNtCs9I76lDWc7yg_6icarus8commands3mcp4list7execute0s1_0Bb_
FN:113,_RNCNCNvNtNtNtCs9I76lDWc7yg_6icarus8commands3mcp4list7execute0s2_0Bb_
FN:115,_RNCNCNvNtNtNtCs9I76lDWc7yg_6icarus8commands3mcp4list7execute0s3_0Bb_
FN:132,_RNCNCNvNtNtNtCs9I76lDWc7yg_6icarus8commands3mcp4list7execute0s4_0Bb_
FN:13,_RNCNvNtNtNtCs9I76lDWc7yg_6icarus8commands3mcp4list7execute0B9_
FN:13,_RNvNtNtNtCs9I76lDWc7yg_6icarus8commands3mcp4list7execute
FN:13,_RNvNtNtNtCs56Gb0ALyL37_6icarus8commands3mcp4list7execute
FN:94,_RNCNCNCNvNtNtNtCs56Gb0ALyL37_6icarus8commands3mcp4list7execute0s0_00Bd_
FN:34,_RNCNCNvNtNtNtCs56Gb0ALyL37_6icarus8commands3mcp4list7execute00Bb_
FN:91,_RNCNCNvNtNtNtCs56Gb0ALyL37_6icarus8commands3mcp4list7execute0s0_0Bb_
FN:105,_RNCNCNvNtNtNtCs56Gb0ALyL37_6icarus8commands3mcp4list7execute0s1_0Bb_
FN:113,_RNCNCNvNtNtNtCs56Gb0ALyL37_6icarus8commands3mcp4list7execute0s2_0Bb_
FN:115,_RNCNCNvNtNtNtCs56Gb0ALyL37_6icarus8commands3mcp4list7execute0s3_0Bb_
FN:132,_RNCNCNvNtNtNtCs56Gb0ALyL37_6icarus8commands3mcp4list7execute0s4_0Bb_
FN:13,_RNCNvNtNtNtCs56Gb0ALyL37_6icarus8commands3mcp4list7execute0B9_
FNDA:0,_RNCNCNCNvNtNtNtCs9I76lDWc7yg_6icarus8commands3mcp4list7execute0s0_00Bd_
FNDA:0,_RNCNCNvNtNtNtCs9I76lDWc7yg_6icarus8commands3mcp4list7execute00Bb_
FNDA:0,_RNCNCNvNtNtNtCs9I76lDWc7yg_6icarus8commands3mcp4list7execute0s0_0Bb_
FNDA:0,_RNCNCNvNtNtNtCs9I76lDWc7yg_6icarus8commands3mcp4list7execute0s1_0Bb_
FNDA:0,_RNCNCNvNtNtNtCs9I76lDWc7yg_6icarus8commands3mcp4list7execute0s2_0Bb_
FNDA:0,_RNCNCNvNtNtNtCs9I76lDWc7yg_6icarus8commands3mcp4list7execute0s3_0Bb_
FNDA:0,_RNCNCNvNtNtNtCs9I76lDWc7yg_6icarus8commands3mcp4list7execute0s4_0Bb_
FNDA:0,_RNCNvNtNtNtCs9I76lDWc7yg_6icarus8commands3mcp4list7execute0B9_
FNDA:0,_RNvNtNtNtCs9I76lDWc7yg_6icarus8commands3mcp4list7execute
FNDA:0,_RNvNtNtNtCs56Gb0ALyL37_6icarus8commands3mcp4list7execute
FNDA:0,_RNCNCNCNvNtNtNtCs56Gb0ALyL37_6icarus8commands3mcp4list7execute0s0_00Bd_
FNDA:0,_RNCNCNvNtNtNtCs56Gb0ALyL37_6icarus8commands3mcp4list7execute00Bb_
FNDA:0,_RNCNCNvNtNtNtCs56Gb0ALyL37_6icarus8commands3mcp4list7execute0s0_0Bb_
FNDA:0,_RNCNCNvNtNtNtCs56Gb0ALyL37_6icarus8commands3mcp4list7execute0s1_0Bb_
FNDA:0,_RNCNCNvNtNtNtCs56Gb0ALyL37_6icarus8commands3mcp4list7execute0s2_0Bb_
FNDA:0,_RNCNCNvNtNtNtCs56Gb0ALyL37_6icarus8commands3mcp4list7execute0s3_0Bb_
FNDA:0,_RNCNCNvNtNtNtCs56Gb0ALyL37_6icarus8commands3mcp4list7execute0s4_0Bb_
FNDA:0,_RNCNvNtNtNtCs56Gb0ALyL37_6icarus8commands3mcp4list7execute0B9_
FNF:9
FNH:0
DA:13,0
DA:14,0
DA:16,0
DA:18,0
DA:19,0
DA:22,0
DA:23,0
DA:24,0
DA:25,0
DA:26,0
DA:28,0
DA:29,0
DA:33,0
DA:34,0
DA:36,0
DA:39,0
DA:42,0
DA:44,0
DA:45,0
DA:48,0
DA:50,0
DA:51,0
DA:53,0
DA:54,0
DA:55,0
DA:56,0
DA:57,0
DA:60,0
DA:61,0
DA:62,0
DA:64,0
DA:65,0
DA:66,0
DA:67,0
DA:68,0
DA:69,0
DA:71,0
DA:72,0
DA:73,0
DA:74,0
DA:75,0
DA:76,0
DA:77,0
DA:78,0
DA:81,0
DA:84,0
DA:85,0
DA:89,0
DA:90,0
DA:91,0
DA:92,0
DA:93,0
DA:94,0
DA:95,0
DA:96,0
DA:97,0
DA:98,0
DA:100,0
DA:103,0
DA:104,0
DA:105,0
DA:106,0
DA:108,0
DA:109,0
DA:111,0
DA:112,0
DA:113,0
DA:115,0
DA:117,0
DA:119,0
DA:120,0
DA:121,0
DA:124,0
DA:126,0
DA:128,0
DA:129,0
DA:130,0
DA:131,0
DA:132,0
DA:133,0
DA:134,0
DA:135,0
DA:136,0
DA:139,0
DA:140,0
BRF:0
BRH:0
LF:93
LH:0
end_of_record
SF:/Users/goshea/projects/icarus/icarus-sdk/cli/src/commands/mcp/remove.rs
FN:192,_RNCNCNvNtNtNtCs9I76lDWc7yg_6icarus8commands3mcp6remove24find_clients_with_server00Bb_
FN:217,_RNCNCNvNtNtNtCs9I76lDWc7yg_6icarus8commands3mcp6remove24find_clients_with_server0s_0Bb_
FN:56,_RNCNCNvNtNtNtCs9I76lDWc7yg_6icarus8commands3mcp6remove7execute0s_0Bb_
FN:230,_RNCNvNtNtNtCs9I76lDWc7yg_6icarus8commands3mcp6remove18remove_from_client0B9_
FN:143,_RNCNvNtNtNtCs9I76lDWc7yg_6icarus8commands3mcp6remove24find_clients_with_server0B9_
FN:19,_RNCNvNtNtNtCs9I76lDWc7yg_6icarus8commands3mcp6remove7execute0B9_
FN:225,_RNvNtNtNtCs9I76lDWc7yg_6icarus8commands3mcp6remove18remove_from_client
FN:139,_RNvNtNtNtCs9I76lDWc7yg_6icarus8commands3mcp6remove24find_clients_with_server
FN:14,_RNvNtNtNtCs9I76lDWc7yg_6icarus8commands3mcp6remove7execute
FN:192,_RNCNCNvNtNtNtCs56Gb0ALyL37_6icarus8commands3mcp6remove24find_clients_with_server00Bb_
FN:217,_RNCNCNvNtNtNtCs56Gb0ALyL37_6icarus8commands3mcp6remove24find_clients_with_server0s_0Bb_
FN:56,_RNCNCNvNtNtNtCs56Gb0ALyL37_6icarus8commands3mcp6remove7execute0s_0Bb_
FN:230,_RNCNvNtNtNtCs56Gb0ALyL37_6icarus8commands3mcp6remove18remove_from_client0B9_
FN:143,_RNCNvNtNtNtCs56Gb0ALyL37_6icarus8commands3mcp6remove24find_clients_with_server0B9_
FN:19,_RNCNvNtNtNtCs56Gb0ALyL37_6icarus8commands3mcp6remove7execute0B9_
FN:225,_RNvNtNtNtCs56Gb0ALyL37_6icarus8commands3mcp6remove18remove_from_client
FN:139,_RNvNtNtNtCs56Gb0ALyL37_6icarus8commands3mcp6remove24find_clients_with_server
FN:14,_RNvNtNtNtCs56Gb0ALyL37_6icarus8commands3mcp6remove7execute
FNDA:0,_RNCNCNvNtNtNtCs9I76lDWc7yg_6icarus8commands3mcp6remove24find_clients_with_server00Bb_
FNDA:0,_RNCNCNvNtNtNtCs9I76lDWc7yg_6icarus8commands3mcp6remove24find_clients_with_server0s_0Bb_
FNDA:0,_RNCNCNvNtNtNtCs9I76lDWc7yg_6icarus8commands3mcp6remove7execute0s_0Bb_
FNDA:0,_RNCNvNtNtNtCs9I76lDWc7yg_6icarus8commands3mcp6remove18remove_from_client0B9_
FNDA:0,_RNCNvNtNtNtCs9I76lDWc7yg_6icarus8commands3mcp6remove24find_clients_with_server0B9_
FNDA:0,_RNCNvNtNtNtCs9I76lDWc7yg_6icarus8commands3mcp6remove7execute0B9_
FNDA:0,_RNvNtNtNtCs9I76lDWc7yg_6icarus8commands3mcp6remove18remove_from_client
FNDA:0,_RNvNtNtNtCs9I76lDWc7yg_6icarus8commands3mcp6remove24find_clients_with_server
FNDA:0,_RNvNtNtNtCs9I76lDWc7yg_6icarus8commands3mcp6remove7execute
FNDA:0,_RNCNCNvNtNtNtCs56Gb0ALyL37_6icarus8commands3mcp6remove24find_clients_with_server00Bb_
FNDA:0,_RNCNCNvNtNtNtCs56Gb0ALyL37_6icarus8commands3mcp6remove24find_clients_with_server0s_0Bb_
FNDA:0,_RNCNCNvNtNtNtCs56Gb0ALyL37_6icarus8commands3mcp6remove7execute0s_0Bb_
FNDA:0,_RNCNvNtNtNtCs56Gb0ALyL37_6icarus8commands3mcp6remove18remove_from_client0B9_
FNDA:0,_RNCNvNtNtNtCs56Gb0ALyL37_6icarus8commands3mcp6remove24find_clients_with_server0B9_
FNDA:0,_RNCNvNtNtNtCs56Gb0ALyL37_6icarus8commands3mcp6remove7execute0B9_
FNDA:0,_RNvNtNtNtCs56Gb0ALyL37_6icarus8commands3mcp6remove18remove_from_client
FNDA:0,_RNvNtNtNtCs56Gb0ALyL37_6icarus8commands3mcp6remove24find_clients_with_server
FNDA:0,_RNvNtNtNtCs56Gb0ALyL37_6icarus8commands3mcp6remove7execute
FNF:9
FNH:0
DA:14,0
DA:15,0
DA:16,0
DA:17,0
DA:18,0
DA:19,0
DA:20,0
DA:22,0
DA:23,0
DA:26,0
DA:27,0
DA:28,0
DA:29,0
DA:31,0
DA:32,0
DA:33,0
DA:34,0
DA:37,0
DA:39,0
DA:40,0
DA:42,0
DA:43,0
DA:44,0
DA:45,0
DA:46,0
DA:47,0
DA:49,0
DA:50,0
DA:54,0
DA:55,0
DA:56,0
DA:57,0
DA:58,0
DA:59,0
DA:60,0
DA:61,0
DA:62,0
DA:63,0
DA:64,0
DA:66,0
DA:69,0
DA:72,0
DA:73,0
DA:74,0
DA:75,0
DA:78,0
DA:79,0
DA:80,0
DA:81,0
DA:82,0
DA:84,0
DA:85,0
DA:86,0
DA:87,0
DA:89,0
DA:90,0
DA:91,0
DA:92,0
DA:93,0
DA:94,0
DA:95,0
DA:99,0
DA:100,0
DA:101,0
DA:103,0
DA:104,0
DA:106,0
DA:107,0
DA:108,0
DA:109,0
DA:110,0
DA:111,0
DA:112,0
DA:113,0
DA:114,0
DA:115,0
DA:119,0
DA:120,0
DA:121,0
DA:122,0
DA:123,0
DA:124,0
DA:125,0
DA:126,0
DA:127,0
DA:128,0
DA:129,0
DA:130,0
DA:131,0
DA:132,0
DA:133,0
DA:136,0
DA:137,0
DA:139,0
DA:140,0
DA:141,0
DA:142,0
DA:143,0
DA:144,0
DA:147,0
DA:148,0
DA:149,0
DA:150,0
DA:152,0
DA:153,0
DA:154,0
DA:155,0
DA:156,0
DA:159,0
DA:160,0
DA:161,0
DA:164,0
DA:166,0
DA:167,0
DA:168,0
DA:169,0
DA:170,0
DA:171,0
DA:172,0
DA:174,0
DA:175,0
DA:176,0
DA:177,0
DA:178,0
DA:180,0
DA:181,0
DA:183,0
DA:187,0
DA:188,0
DA:190,0
DA:191,0
DA:192,0
DA:193,0
DA:195,0
DA:198,0
DA:199,0
DA:200,0
DA:201,0
DA:202,0
DA:203,0
DA:205,0
DA:207,0
DA:210,0
DA:211,0
DA:212,0
DA:213,0
DA:215,0
DA:216,0
DA:217,0
DA:218,0
DA:220,0
DA:223,0
DA:225,0
DA:226,0
DA:227,0
DA:228,0
DA:229,0
DA:230,0
DA:232,0
DA:233,0
DA:235,0
DA:236,0
DA:239,0
DA:244,0
DA:245,0
DA:246,0
DA:247,0
DA:250,0
DA:251,0
DA:252,0
DA:254,0
DA:255,0
BRF:0
BRH:0
LF:178
LH:0
end_of_record
SF:/Users/goshea/projects/icarus/icarus-sdk/cli/src/commands/mcp/start.rs
FN:75,_RNCNvNtNtNtCs9I76lDWc7yg_6icarus8commands3mcp5start17start_daemon_mode0B9_
FN:43,_RNCNvNtNtNtCs9I76lDWc7yg_6icarus8commands3mcp5start20run_mcp_server_stdio0B9_
FN:65,_RNCNvNtNtNtCs9I76lDWc7yg_6icarus8commands3mcp5start21start_foreground_mode0B9_
FN:9,_RNCNvNtNtNtCs9I76lDWc7yg_6icarus8commands3mcp5start7execute0B9_
FN:75,_RNvNtNtNtCs9I76lDWc7yg_6icarus8commands3mcp5start17start_daemon_mode
FN:43,_RNvNtNtNtCs9I76lDWc7yg_6icarus8commands3mcp5start20run_mcp_server_stdio
FN:65,_RNvNtNtNtCs9I76lDWc7yg_6icarus8commands3mcp5start21start_foreground_mode
FN:9,_RNvNtNtNtCs9I76lDWc7yg_6icarus8commands3mcp5start7execute
FN:75,_RNCNvNtNtNtCs56Gb0ALyL37_6icarus8commands3mcp5start17start_daemon_mode0B9_
FN:43,_RNCNvNtNtNtCs56Gb0ALyL37_6icarus8commands3mcp5start20run_mcp_server_stdio0B9_
FN:65,_RNCNvNtNtNtCs56Gb0ALyL37_6icarus8commands3mcp5start21start_foreground_mode0B9_
FN:9,_RNCNvNtNtNtCs56Gb0ALyL37_6icarus8commands3mcp5start7execute0B9_
FN:75,_RNvNtNtNtCs56Gb0ALyL37_6icarus8commands3mcp5start17start_daemon_mode
FN:43,_RNvNtNtNtCs56Gb0ALyL37_6icarus8commands3mcp5start20run_mcp_server_stdio
FN:65,_RNvNtNtNtCs56Gb0ALyL37_6icarus8commands3mcp5start21start_foreground_mode
FN:9,_RNvNtNtNtCs56Gb0ALyL37_6icarus8commands3mcp5start7execute
FNDA:0,_RNCNvNtNtNtCs9I76lDWc7yg_6icarus8commands3mcp5start17start_daemon_mode0B9_
FNDA:0,_RNCNvNtNtNtCs9I76lDWc7yg_6icarus8commands3mcp5start20run_mcp_server_stdio0B9_
FNDA:0,_RNCNvNtNtNtCs9I76lDWc7yg_6icarus8commands3mcp5start21start_foreground_mode0B9_
FNDA:0,_RNCNvNtNtNtCs9I76lDWc7yg_6icarus8commands3mcp5start7execute0B9_
FNDA:0,_RNvNtNtNtCs9I76lDWc7yg_6icarus8commands3mcp5start17start_daemon_mode
FNDA:0,_RNvNtNtNtCs9I76lDWc7yg_6icarus8commands3mcp5start20run_mcp_server_stdio
FNDA:0,_RNvNtNtNtCs9I76lDWc7yg_6icarus8commands3mcp5start21start_foreground_mode
FNDA:0,_RNvNtNtNtCs9I76lDWc7yg_6icarus8commands3mcp5start7execute
FNDA:0,_RNCNvNtNtNtCs56Gb0ALyL37_6icarus8commands3mcp5start17start_daemon_mode0B9_
FNDA:0,_RNCNvNtNtNtCs56Gb0ALyL37_6icarus8commands3mcp5start20run_mcp_server_stdio0B9_
FNDA:0,_RNCNvNtNtNtCs56Gb0ALyL37_6icarus8commands3mcp5start21start_foreground_mode0B9_
FNDA:0,_RNCNvNtNtNtCs56Gb0ALyL37_6icarus8commands3mcp5start7execute0B9_
FNDA:0,_RNvNtNtNtCs56Gb0ALyL37_6icarus8commands3mcp5start17start_daemon_mode
FNDA:0,_RNvNtNtNtCs56Gb0ALyL37_6icarus8commands3mcp5start20run_mcp_server_stdio
FNDA:0,_RNvNtNtNtCs56Gb0ALyL37_6icarus8commands3mcp5start21start_foreground_mode
FNDA:0,_RNvNtNtNtCs56Gb0ALyL37_6icarus8commands3mcp5start7execute
FNF:8
FNH:0
DA:9,0
DA:11,0
DA:12,0
DA:16,0
DA:17,0
DA:19,0
DA:21,0
DA:22,0
DA:24,0
DA:27,0
DA:28,0
DA:30,0
DA:31,0
DA:32,0
DA:33,0
DA:35,0
DA:36,0
DA:38,0
DA:40,0
DA:43,0
DA:47,0
DA:50,0
DA:51,0
DA:52,0
DA:55,0
DA:56,0
DA:57,0
DA:58,0
DA:61,0
DA:62,0
DA:65,0
DA:66,0
DA:67,0
DA:68,0
DA:71,0
DA:72,0
DA:75,0
DA:76,0
DA:80,0
DA:82,0
DA:83,0
DA:84,0
DA:85,0
DA:89,0
DA:90,0
BRF:0
BRH:0
LF:49
LH:0
end_of_record
SF:/Users/goshea/projects/icarus/icarus-sdk/cli/src/commands/mcp/status.rs
FN:80,_RNCNCNvNtNtNtCs9I76lDWc7yg_6icarus8commands3mcp6status18find_mcp_instancess_00Bb_
FN:81,_RNCNCNvNtNtNtCs9I76lDWc7yg_6icarus8commands3mcp6status18find_mcp_instancess_0s_0Bb_
FN:73,_RNCNvNtNtNtCs9I76lDWc7yg_6icarus8commands3mcp6status18find_mcp_instances0B9_
FN:77,_RNCNvNtNtNtCs9I76lDWc7yg_6icarus8commands3mcp6status18find_mcp_instancess_0B9_
FN:16,_RNCNvNtNtNtCs9I76lDWc7yg_6icarus8commands3mcp6status7execute0B9_
FN:61,_RNvNtNtNtCs9I76lDWc7yg_6icarus8commands3mcp6status18find_mcp_instances
FN:103,_RNvNtNtNtCs9I76lDWc7yg_6icarus8commands3mcp6status19extract_canister_id
FN:16,_RNvNtNtNtCs9I76lDWc7yg_6icarus8commands3mcp6status7execute
FN:61,_RNvNtNtNtCs56Gb0ALyL37_6icarus8commands3mcp6status18find_mcp_instances
FN:103,_RNvNtNtNtCs56Gb0ALyL37_6icarus8commands3mcp6status19extract_canister_id
FN:16,_RNvNtNtNtCs56Gb0ALyL37_6icarus8commands3mcp6status7execute
FN:80,_RNCNCNvNtNtNtCs56Gb0ALyL37_6icarus8commands3mcp6status18find_mcp_instancess_00Bb_
FN:81,_RNCNCNvNtNtNtCs56Gb0ALyL37_6icarus8commands3mcp6status18find_mcp_instancess_0s_0Bb_
FN:73,_RNCNvNtNtNtCs56Gb0ALyL37_6icarus8commands3mcp6status18find_mcp_instances0B9_
FN:77,_RNCNvNtNtNtCs56Gb0ALyL37_6icarus8commands3mcp6status18find_mcp_instancess_0B9_
FN:16,_RNCNvNtNtNtCs56Gb0ALyL37_6icarus8commands3mcp6status7execute0B9_
FNDA:0,_RNCNCNvNtNtNtCs9I76lDWc7yg_6icarus8commands3mcp6status18find_mcp_instancess_00Bb_
FNDA:0,_RNCNCNvNtNtNtCs9I76lDWc7yg_6icarus8commands3mcp6status18find_mcp_instancess_0s_0Bb_
FNDA:0,_RNCNvNtNtNtCs9I76lDWc7yg_6icarus8commands3mcp6status18find_mcp_instances0B9_
FNDA:0,_RNCNvNtNtNtCs9I76lDWc7yg_6icarus8commands3mcp6status18find_mcp_instancess_0B9_
FNDA:0,_RNCNvNtNtNtCs9I76lDWc7yg_6icarus8commands3mcp6status7execute0B9_
FNDA:0,_RNvNtNtNtCs9I76lDWc7yg_6icarus8commands3mcp6status18find_mcp_instances
FNDA:0,_RNvNtNtNtCs9I76lDWc7yg_6icarus8commands3mcp6status19extract_canister_id
FNDA:0,_RNvNtNtNtCs9I76lDWc7yg_6icarus8commands3mcp6status7execute
FNDA:0,_RNvNtNtNtCs56Gb0ALyL37_6icarus8commands3mcp6status18find_mcp_instances
FNDA:0,_RNvNtNtNtCs56Gb0ALyL37_6icarus8commands3mcp6status19extract_canister_id
FNDA:0,_RNvNtNtNtCs56Gb0ALyL37_6icarus8commands3mcp6status7execute
FNDA:0,_RNCNCNvNtNtNtCs56Gb0ALyL37_6icarus8commands3mcp6status18find_mcp_instancess_00Bb_
FNDA:0,_RNCNCNvNtNtNtCs56Gb0ALyL37_6icarus8commands3mcp6status18find_mcp_instancess_0s_0Bb_
FNDA:0,_RNCNvNtNtNtCs56Gb0ALyL37_6icarus8commands3mcp6status18find_mcp_instances0B9_
FNDA:0,_RNCNvNtNtNtCs56Gb0ALyL37_6icarus8commands3mcp6status18find_mcp_instancess_0B9_
FNDA:0,_RNCNvNtNtNtCs56Gb0ALyL37_6icarus8commands3mcp6status7execute0B9_
FNF:8
FNH:0
DA:16,0
DA:17,0
DA:19,0
DA:21,0
DA:22,0
DA:23,0
DA:24,0
DA:25,0
DA:27,0
DA:28,0
DA:30,0
DA:31,0
DA:32,0
DA:33,0
DA:36,0
DA:37,0
DA:38,0
DA:40,0
DA:41,0
DA:42,0
DA:43,0
DA:44,0
DA:48,0
DA:49,0
DA:52,0
DA:53,0
DA:54,0
DA:55,0
DA:56,0
DA:58,0
DA:59,0
DA:61,0
DA:62,0
DA:63,0
DA:65,0
DA:67,0
DA:68,0
DA:71,0
DA:72,0
DA:73,0
DA:74,0
DA:77,0
DA:78,0
DA:79,0
DA:80,0
DA:81,0
DA:82,0
DA:84,0
DA:85,0
DA:86,0
DA:87,0
DA:88,0
DA:89,0
DA:90,0
DA:91,0
DA:92,0
DA:93,0
DA:94,0
DA:95,0
DA:96,0
DA:97,0
DA:100,0
DA:101,0
DA:103,0
DA:105,0
DA:106,0
DA:107,0
DA:108,0
DA:110,0
DA:111,0
BRF:0
BRH:0
LF:75
LH:0
end_of_record
SF:/Users/goshea/projects/icarus/icarus-sdk/cli/src/commands/mcp/stop.rs
FN:38,_RNCNCNCNvNtNtNtCs9I76lDWc7yg_6icarus8commands3mcp4stop20stop_all_mcp_servers0s_00Bd_
FN:39,_RNCNCNCNvNtNtNtCs9I76lDWc7yg_6icarus8commands3mcp4stop20stop_all_mcp_servers0s_0s_0Bd_
FN:85,_RNCNCNCNvNtNtNtCs9I76lDWc7yg_6icarus8commands3mcp4stop28stop_mcp_server_for_canister0s_00Bd_
FN:86,_RNCNCNCNvNtNtNtCs9I76lDWc7yg_6icarus8commands3mcp4stop28stop_mcp_server_for_canister0s_0s_0Bd_
FN:31,_RNCNCNvNtNtNtCs9I76lDWc7yg_6icarus8commands3mcp4stop20stop_all_mcp_servers00Bb_
FN:35,_RNCNCNvNtNtNtCs9I76lDWc7yg_6icarus8commands3mcp4stop20stop_all_mcp_servers0s_0Bb_
FN:78,_RNCNCNvNtNtNtCs9I76lDWc7yg_6icarus8commands3mcp4stop28stop_mcp_server_for_canister00Bb_
FN:87,_RNCNCNvNtNtNtCs9I76lDWc7yg_6icarus8commands3mcp4stop28stop_mcp_server_for_canister0s0_0Bb_
FN:82,_RNCNCNvNtNtNtCs9I76lDWc7yg_6icarus8commands3mcp4stop28stop_mcp_server_for_canister0s_0Bb_
FN:17,_RNCNvNtNtNtCs9I76lDWc7yg_6icarus8commands3mcp4stop20stop_all_mcp_servers0B9_
FN:61,_RNCNvNtNtNtCs9I76lDWc7yg_6icarus8commands3mcp4stop28stop_mcp_server_for_canister0B9_
FN:6,_RNCNvNtNtNtCs9I76lDWc7yg_6icarus8commands3mcp4stop7execute0B9_
FN:118,_RNvNtNtNtCs9I76lDWc7yg_6icarus8commands3mcp4stop12stop_process
FN:17,_RNvNtNtNtCs9I76lDWc7yg_6icarus8commands3mcp4stop20stop_all_mcp_servers
FN:61,_RNvNtNtNtCs9I76lDWc7yg_6icarus8commands3mcp4stop28stop_mcp_server_for_canister
FN:6,_RNvNtNtNtCs9I76lDWc7yg_6icarus8commands3mcp4stop7execute
FN:38,_RNCNCNCNvNtNtNtCs56Gb0ALyL37_6icarus8commands3mcp4stop20stop_all_mcp_servers0s_00Bd_
FN:39,_RNCNCNCNvNtNtNtCs56Gb0ALyL37_6icarus8commands3mcp4stop20stop_all_mcp_servers0s_0s_0Bd_
FN:85,_RNCNCNCNvNtNtNtCs56Gb0ALyL37_6icarus8commands3mcp4stop28stop_mcp_server_for_canister0s_00Bd_
FN:86,_RNCNCNCNvNtNtNtCs56Gb0ALyL37_6icarus8commands3mcp4stop28stop_mcp_server_for_canister0s_0s_0Bd_
FN:31,_RNCNCNvNtNtNtCs56Gb0ALyL37_6icarus8commands3mcp4stop20stop_all_mcp_servers00Bb_
FN:35,_RNCNCNvNtNtNtCs56Gb0ALyL37_6icarus8commands3mcp4stop20stop_all_mcp_servers0s_0Bb_
FN:78,_RNCNCNvNtNtNtCs56Gb0ALyL37_6icarus8commands3mcp4stop28stop_mcp_server_for_canister00Bb_
FN:87,_RNCNCNvNtNtNtCs56Gb0ALyL37_6icarus8commands3mcp4stop28stop_mcp_server_for_canister0s0_0Bb_
FN:82,_RNCNCNvNtNtNtCs56Gb0ALyL37_6icarus8commands3mcp4stop28stop_mcp_server_for_canister0s_0Bb_
FN:17,_RNCNvNtNtNtCs56Gb0ALyL37_6icarus8commands3mcp4stop20stop_all_mcp_servers0B9_
FN:61,_RNCNvNtNtNtCs56Gb0ALyL37_6icarus8commands3mcp4stop28stop_mcp_server_for_canister0B9_
FN:6,_RNCNvNtNtNtCs56Gb0ALyL37_6icarus8commands3mcp4stop7execute0B9_
FN:118,_RNvNtNtNtCs56Gb0ALyL37_6icarus8commands3mcp4stop12stop_process
FN:17,_RNvNtNtNtCs56Gb0ALyL37_6icarus8commands3mcp4stop20stop_all_mcp_servers
FN:61,_RNvNtNtNtCs56Gb0ALyL37_6icarus8commands3mcp4stop28stop_mcp_server_for_canister
FN:6,_RNvNtNtNtCs56Gb0ALyL37_6icarus8commands3mcp4stop7execute
FNDA:0,_RNCNCNCNvNtNtNtCs9I76lDWc7yg_6icarus8commands3mcp4stop20stop_all_mcp_servers0s_00Bd_
FNDA:0,_RNCNCNCNvNtNtNtCs9I76lDWc7yg_6icarus8commands3mcp4stop20stop_all_mcp_servers0s_0s_0Bd_
FNDA:0,_RNCNCNCNvNtNtNtCs9I76lDWc7yg_6icarus8commands3mcp4stop28stop_mcp_server_for_canister0s_00Bd_
FNDA:0,_RNCNCNCNvNtNtNtCs9I76lDWc7yg_6icarus8commands3mcp4stop28stop_mcp_server_for_canister0s_0s_0Bd_
FNDA:0,_RNCNCNvNtNtNtCs9I76lDWc7yg_6icarus8commands3mcp4stop20stop_all_mcp_servers00Bb_
FNDA:0,_RNCNCNvNtNtNtCs9I76lDWc7yg_6icarus8commands3mcp4stop20stop_all_mcp_servers0s_0Bb_
FNDA:0,_RNCNCNvNtNtNtCs9I76lDWc7yg_6icarus8commands3mcp4stop28stop_mcp_server_for_canister00Bb_
FNDA:0,_RNCNCNvNtNtNtCs9I76lDWc7yg_6icarus8commands3mcp4stop28stop_mcp_server_for_canister0s0_0Bb_
FNDA:0,_RNCNCNvNtNtNtCs9I76lDWc7yg_6icarus8commands3mcp4stop28stop_mcp_server_for_canister0s_0Bb_
FNDA:0,_RNCNvNtNtNtCs9I76lDWc7yg_6icarus8commands3mcp4stop20stop_all_mcp_servers0B9_
FNDA:0,_RNCNvNtNtNtCs9I76lDWc7yg_6icarus8commands3mcp4stop28stop_mcp_server_for_canister0B9_
FNDA:0,_RNCNvNtNtNtCs9I76lDWc7yg_6icarus8commands3mcp4stop7execute0B9_
FNDA:0,_RNvNtNtNtCs9I76lDWc7yg_6icarus8commands3mcp4stop12stop_process
FNDA:0,_RNvNtNtNtCs9I76lDWc7yg_6icarus8commands3mcp4stop20stop_all_mcp_servers
FNDA:0,_RNvNtNtNtCs9I76lDWc7yg_6icarus8commands3mcp4stop28stop_mcp_server_for_canister
FNDA:0,_RNvNtNtNtCs9I76lDWc7yg_6icarus8commands3mcp4stop7execute
FNDA:0,_RNCNCNCNvNtNtNtCs56Gb0ALyL37_6icarus8commands3mcp4stop20stop_all_mcp_servers0s_00Bd_
FNDA:0,_RNCNCNCNvNtNtNtCs56Gb0ALyL37_6icarus8commands3mcp4stop20stop_all_mcp_servers0s_0s_0Bd_
FNDA:0,_RNCNCNCNvNtNtNtCs56Gb0ALyL37_6icarus8commands3mcp4stop28stop_mcp_server_for_canister0s_00Bd_
FNDA:0,_RNCNCNCNvNtNtNtCs56Gb0ALyL37_6icarus8commands3mcp4stop28stop_mcp_server_for_canister0s_0s_0Bd_
FNDA:0,_RNCNCNvNtNtNtCs56Gb0ALyL37_6icarus8commands3mcp4stop20stop_all_mcp_servers00Bb_
FNDA:0,_RNCNCNvNtNtNtCs56Gb0ALyL37_6icarus8commands3mcp4stop20stop_all_mcp_servers0s_0Bb_
FNDA:0,_RNCNCNvNtNtNtCs56Gb0ALyL37_6icarus8commands3mcp4stop28stop_mcp_server_for_canister00Bb_
FNDA:0,_RNCNCNvNtNtNtCs56Gb0ALyL37_6icarus8commands3mcp4stop28stop_mcp_server_for_canister0s0_0Bb_
FNDA:0,_RNCNCNvNtNtNtCs56Gb0ALyL37_6icarus8commands3mcp4stop28stop_mcp_server_for_canister0s_0Bb_
FNDA:0,_RNCNvNtNtNtCs56Gb0ALyL37_6icarus8commands3mcp4stop20stop_all_mcp_servers0B9_
FNDA:0,_RNCNvNtNtNtCs56Gb0ALyL37_6icarus8commands3mcp4stop28stop_mcp_server_for_canister0B9_
FNDA:0,_RNCNvNtNtNtCs56Gb0ALyL37_6icarus8commands3mcp4stop7execute0B9_
FNDA:0,_RNvNtNtNtCs56Gb0ALyL37_6icarus8commands3mcp4stop12stop_process
FNDA:0,_RNvNtNtNtCs56Gb0ALyL37_6icarus8commands3mcp4stop20stop_all_mcp_servers
FNDA:0,_RNvNtNtNtCs56Gb0ALyL37_6icarus8commands3mcp4stop28stop_mcp_server_for_canister
FNDA:0,_RNvNtNtNtCs56Gb0ALyL37_6icarus8commands3mcp4stop7execute
FNF:16
FNH:0
DA:6,0
DA:7,0
DA:8,0
DA:9,0
DA:10,0
DA:12,0
DA:13,0
DA:15,0
DA:17,0
DA:18,0
DA:20,0
DA:21,0
DA:23,0
DA:25,0
DA:26,0
DA:29,0
DA:30,0
DA:31,0
DA:32,0
DA:35,0
DA:36,0
DA:37,0
DA:38,0
DA:39,0
DA:40,0
DA:42,0
DA:43,0
DA:44,0
DA:45,0
DA:46,0
DA:47,0
DA:48,0
DA:49,0
DA:52,0
DA:53,0
DA:54,0
DA:55,0
DA:56,0
DA:58,0
DA:59,0
DA:61,0
DA:62,0
DA:63,0
DA:64,0
DA:65,0
DA:67,0
DA:68,0
DA:70,0
DA:72,0
DA:73,0
DA:76,0
DA:77,0
DA:78,0
DA:79,0
DA:82,0
DA:83,0
DA:84,0
DA:85,0
DA:86,0
DA:87,0
DA:89,0
DA:90,0
DA:91,0
DA:92,0
DA:93,0
DA:94,0
DA:95,0
DA:96,0
DA:97,0
DA:98,0
DA:99,0
DA:100,0
DA:103,0
DA:104,0
DA:105,0
DA:106,0
DA:107,0
DA:108,0
DA:109,0
DA:110,0
DA:111,0
DA:112,0
DA:113,0
DA:115,0
DA:116,0
DA:118,0
DA:119,0
DA:121,0
DA:122,0
DA:125,0
DA:127,0
DA:130,0
DA:132,0
DA:133,0
DA:134,0
DA:137,0
DA:138,0
DA:139,0
DA:140,0
DA:141,0
DA:142,0
DA:143,0
DA:145,0
DA:146,0
DA:148,0
DA:149,0
DA:150,0
DA:151,0
DA:152,0
DA:154,0
BRF:0
BRH:0
LF:123
LH:0
end_of_record
SF:/Users/goshea/projects/icarus/icarus-sdk/cli/src/commands/new.rs
FN:347,_RNCNCNvNtNtCs9I76lDWc7yg_6icarus8commands3new25create_cargo_toml_content00B9_
FN:102,_RNCNvNtNtCs9I76lDWc7yg_6icarus8commands3new21is_valid_project_name0B7_
FN:346,_RNCNvNtNtCs9I76lDWc7yg_6icarus8commands3new25create_cargo_toml_content0B7_
FN:14,_RNCNvNtNtCs9I76lDWc7yg_6icarus8commands3new7execute0B7_
FN:474,_RNvNtNtCs9I76lDWc7yg_6icarus8commands3new13create_readme
FN:421,_RNvNtNtCs9I76lDWc7yg_6icarus8commands3new15create_dfx_json
FN:274,_RNvNtNtCs9I76lDWc7yg_6icarus8commands3new17create_cargo_toml
FN:141,_RNvNtNtCs9I76lDWc7yg_6icarus8commands3new19create_lib_template
FN:100,_RNvNtNtCs9I76lDWc7yg_6icarus8commands3new21is_valid_project_name
FN:287,_RNvNtNtCs9I76lDWc7yg_6icarus8commands3new22get_workspace_versions
FN:106,_RNvNtNtCs9I76lDWc7yg_6icarus8commands3new24create_project_structure
FN:339,_RNvNtNtCs9I76lDWc7yg_6icarus8commands3new25create_cargo_toml_content
FN:451,_RNvNtNtCs9I76lDWc7yg_6icarus8commands3new26create_minimal_candid_file
FN:9,_RNvNtNtCs9I76lDWc7yg_6icarus8commands3new7execute
FN:347,_RNCNCNvNtNtCs56Gb0ALyL37_6icarus8commands3new25create_cargo_toml_content00B9_
FN:102,_RNCNvNtNtCs56Gb0ALyL37_6icarus8commands3new21is_valid_project_name0B7_
FN:346,_RNCNvNtNtCs56Gb0ALyL37_6icarus8commands3new25create_cargo_toml_content0B7_
FN:14,_RNCNvNtNtCs56Gb0ALyL37_6icarus8commands3new7execute0B7_
FN:474,_RNvNtNtCs56Gb0ALyL37_6icarus8commands3new13create_readme
FN:421,_RNvNtNtCs56Gb0ALyL37_6icarus8commands3new15create_dfx_json
FN:274,_RNvNtNtCs56Gb0ALyL37_6icarus8commands3new17create_cargo_toml
FN:141,_RNvNtNtCs56Gb0ALyL37_6icarus8commands3new19create_lib_template
FN:100,_RNvNtNtCs56Gb0ALyL37_6icarus8commands3new21is_valid_project_name
FN:287,_RNvNtNtCs56Gb0ALyL37_6icarus8commands3new22get_workspace_versions
FN:106,_RNvNtNtCs56Gb0ALyL37_6icarus8commands3new24create_project_structure
FN:339,_RNvNtNtCs56Gb0ALyL37_6icarus8commands3new25create_cargo_toml_content
FN:451,_RNvNtNtCs56Gb0ALyL37_6icarus8commands3new26create_minimal_candid_file
FN:9,_RNvNtNtCs56Gb0ALyL37_6icarus8commands3new7execute
FNDA:0,_RNCNCNvNtNtCs9I76lDWc7yg_6icarus8commands3new25create_cargo_toml_content00B9_
FNDA:0,_RNCNvNtNtCs9I76lDWc7yg_6icarus8commands3new21is_valid_project_name0B7_
FNDA:0,_RNCNvNtNtCs9I76lDWc7yg_6icarus8commands3new25create_cargo_toml_content0B7_
FNDA:0,_RNCNvNtNtCs9I76lDWc7yg_6icarus8commands3new7execute0B7_
FNDA:0,_RNvNtNtCs9I76lDWc7yg_6icarus8commands3new13create_readme
FNDA:0,_RNvNtNtCs9I76lDWc7yg_6icarus8commands3new15create_dfx_json
FNDA:0,_RNvNtNtCs9I76lDWc7yg_6icarus8commands3new17create_cargo_toml
FNDA:0,_RNvNtNtCs9I76lDWc7yg_6icarus8commands3new19create_lib_template
FNDA:0,_RNvNtNtCs9I76lDWc7yg_6icarus8commands3new21is_valid_project_name
FNDA:0,_RNvNtNtCs9I76lDWc7yg_6icarus8commands3new22get_workspace_versions
FNDA:0,_RNvNtNtCs9I76lDWc7yg_6icarus8commands3new24create_project_structure
FNDA:0,_RNvNtNtCs9I76lDWc7yg_6icarus8commands3new25create_cargo_toml_content
FNDA:0,_RNvNtNtCs9I76lDWc7yg_6icarus8commands3new26create_minimal_candid_file
FNDA:0,_RNvNtNtCs9I76lDWc7yg_6icarus8commands3new7execute
FNDA:0,_RNCNCNvNtNtCs56Gb0ALyL37_6icarus8commands3new25create_cargo_toml_content00B9_
FNDA:0,_RNCNvNtNtCs56Gb0ALyL37_6icarus8commands3new21is_valid_project_name0B7_
FNDA:0,_RNCNvNtNtCs56Gb0ALyL37_6icarus8commands3new25create_cargo_toml_content0B7_
FNDA:0,_RNCNvNtNtCs56Gb0ALyL37_6icarus8commands3new7execute0B7_
FNDA:0,_RNvNtNtCs56Gb0ALyL37_6icarus8commands3new13create_readme
FNDA:0,_RNvNtNtCs56Gb0ALyL37_6icarus8commands3new15create_dfx_json
FNDA:0,_RNvNtNtCs56Gb0ALyL37_6icarus8commands3new17create_cargo_toml
FNDA:0,_RNvNtNtCs56Gb0ALyL37_6icarus8commands3new19create_lib_template
FNDA:0,_RNvNtNtCs56Gb0ALyL37_6icarus8commands3new21is_valid_project_name
FNDA:0,_RNvNtNtCs56Gb0ALyL37_6icarus8commands3new22get_workspace_versions
FNDA:0,_RNvNtNtCs56Gb0ALyL37_6icarus8commands3new24create_project_structure
FNDA:0,_RNvNtNtCs56Gb0ALyL37_6icarus8commands3new25create_cargo_toml_content
FNDA:0,_RNvNtNtCs56Gb0ALyL37_6icarus8commands3new26create_minimal_candid_file
FNDA:0,_RNvNtNtCs56Gb0ALyL37_6icarus8commands3new7execute
FNF:14
FNH:0
DA:9,0
DA:10,0
DA:11,0
DA:12,0
DA:13,0
DA:14,0
DA:16,0
DA:17,0
DA:18,0
DA:21,0
DA:22,0
DA:24,0
DA:28,0
DA:29,0
DA:30,0
DA:32,0
DA:34,0
DA:35,0
DA:36,0
DA:39,0
DA:42,0
DA:45,0
DA:46,0
DA:47,0
DA:48,0
DA:49,0
DA:51,0
DA:52,0
DA:53,0
DA:54,0
DA:55,0
DA:56,0
DA:57,0
DA:58,0
DA:61,0
DA:62,0
DA:63,0
DA:64,0
DA:65,0
DA:68,0
DA:69,0
DA:70,0
DA:71,0
DA:72,0
DA:73,0
DA:74,0
DA:75,0
DA:76,0
DA:77,0
DA:78,0
DA:79,0
DA:80,0
DA:81,0
DA:82,0
DA:83,0
DA:84,0
DA:85,0
DA:86,0
DA:87,0
DA:88,0
DA:90,0
DA:92,0
DA:93,0
DA:94,0
DA:95,0
DA:97,0
DA:98,0
DA:100,0
DA:101,0
DA:102,0
DA:103,0
DA:104,0
DA:106,0
DA:107,0
DA:108,0
DA:109,0
DA:110,0
DA:111,0
DA:113,0
DA:114,0
DA:117,0
DA:118,0
DA:119,0
DA:120,0
DA:123,0
DA:124,0
DA:127,0
DA:130,0
DA:133,0
DA:136,0
DA:138,0
DA:139,0
DA:141,0
DA:143,0
DA:144,0
DA:145,0
DA:146,0
DA:147,0
DA:148,0
DA:149,0
DA:150,0
DA:151,0
DA:152,0
DA:153,0
DA:154,0
DA:155,0
DA:156,0
DA:157,0
DA:158,0
DA:159,0
DA:160,0
DA:161,0
DA:162,0
DA:163,0
DA:164,0
DA:165,0
DA:166,0
DA:167,0
DA:168,0
DA:169,0
DA:170,0
DA:171,0
DA:172,0
DA:173,0
DA:174,0
DA:175,0
DA:176,0
DA:177,0
DA:178,0
DA:179,0
DA:180,0
DA:181,0
DA:182,0
DA:183,0
DA:184,0
DA:185,0
DA:186,0
DA:187,0
DA:188,0
DA:189,0
DA:190,0
DA:191,0
DA:192,0
DA:193,0
DA:194,0
DA:195,0
DA:196,0
DA:197,0
DA:198,0
DA:199,0
DA:200,0
DA:201,0
DA:202,0
DA:203,0
DA:204,0
DA:205,0
DA:206,0
DA:207,0
DA:208,0
DA:209,0
DA:210,0
DA:211,0
DA:212,0
DA:213,0
DA:214,0
DA:215,0
DA:216,0
DA:217,0
DA:218,0
DA:219,0
DA:220,0
DA:221,0
DA:222,0
DA:223,0
DA:224,0
DA:225,0
DA:226,0
DA:227,0
DA:228,0
DA:229,0
DA:230,0
DA:231,0
DA:232,0
DA:233,0
DA:234,0
DA:235,0
DA:236,0
DA:237,0
DA:238,0
DA:239,0
DA:240,0
DA:241,0
DA:242,0
DA:243,0
DA:244,0
DA:245,0
DA:246,0
DA:247,0
DA:248,0
DA:249,0
DA:250,0
DA:251,0
DA:252,0
DA:253,0
DA:254,0
DA:255,0
DA:256,0
DA:257,0
DA:258,0
DA:259,0
DA:260,0
DA:261,0
DA:262,0
DA:263,0
DA:264,0
DA:265,0
DA:266,0
DA:267,0
DA:268,0
DA:270,0
DA:271,0
DA:272,0
DA:274,0
DA:275,0
DA:276,0
DA:277,0
DA:278,0
DA:279,0
DA:281,0
DA:283,0
DA:284,0
DA:285,0
DA:287,0
DA:289,0
DA:290,0
DA:291,0
DA:292,0
DA:293,0
DA:294,0
DA:296,0
DA:297,0
DA:298,0
DA:299,0
DA:300,0
DA:301,0
DA:303,0
DA:304,0
DA:305,0
DA:306,0
DA:307,0
DA:308,0
DA:309,0
DA:311,0
DA:314,0
DA:316,0
DA:318,0
DA:319,0
DA:320,0
DA:321,0
DA:322,0
DA:323,0
DA:327,0
DA:328,0
DA:329,0
DA:330,0
DA:331,0
DA:332,0
DA:333,0
DA:334,0
DA:335,0
DA:336,0
DA:337,0
DA:339,0
DA:340,0
DA:341,0
DA:342,0
DA:343,0
DA:344,0
DA:346,0
DA:347,0
DA:348,0
DA:349,0
DA:350,0
DA:351,0
DA:352,0
DA:353,0
DA:354,0
DA:355,0
DA:356,0
DA:357,0
DA:358,0
DA:360,0
DA:361,0
DA:362,0
DA:363,0
DA:364,0
DA:365,0
DA:366,0
DA:367,0
DA:368,0
DA:369,0
DA:370,0
DA:371,0
DA:374,0
DA:377,0
DA:378,0
DA:380,0
DA:381,0
DA:382,0
DA:387,0
DA:388,0
DA:389,0
DA:390,0
DA:391,0
DA:392,0
DA:393,0
DA:394,0
DA:395,0
DA:396,0
DA:397,0
DA:398,0
DA:399,0
DA:400,0
DA:401,0
DA:402,0
DA:403,0
DA:404,0
DA:405,0
DA:406,0
DA:407,0
DA:408,0
DA:409,0
DA:410,0
DA:411,0
DA:412,0
DA:413,0
DA:414,0
DA:415,0
DA:416,0
DA:417,0
DA:418,0
DA:419,0
DA:421,0
DA:422,0
DA:423,0
DA:424,0
DA:425,0
DA:426,0
DA:427,0
DA:428,0
DA:429,0
DA:430,0
DA:431,0
DA:432,0
DA:433,0
DA:434,0
DA:435,0
DA:436,0
DA:437,0
DA:438,0
DA:439,0
DA:440,0
DA:441,0
DA:442,0
DA:443,0
DA:444,0
DA:447,0
DA:448,0
DA:449,0
DA:451,0
DA:454,0
DA:455,0
DA:456,0
DA:457,0
DA:458,0
DA:459,0
DA:460,0
DA:461,0
DA:462,0
DA:463,0
DA:464,0
DA:465,0
DA:466,0
DA:467,0
DA:469,0
DA:470,0
DA:471,0
DA:472,0
DA:474,0
DA:475,0
DA:476,0
DA:477,0
DA:478,0
DA:479,0
DA:480,0
DA:481,0
DA:482,0
DA:483,0
DA:484,0
DA:485,0
DA:486,0
DA:487,0
DA:488,0
DA:489,0
DA:490,0
DA:491,0
DA:492,0
DA:493,0
DA:494,0
DA:495,0
DA:496,0
DA:497,0
DA:498,0
DA:499,0
DA:500,0
DA:501,0
DA:502,0
DA:503,0
DA:504,0
DA:505,0
DA:506,0
DA:507,0
DA:508,0
DA:509,0
DA:510,0
DA:511,0
DA:512,0
DA:513,0
DA:514,0
DA:515,0
DA:516,0
DA:517,0
DA:518,0
DA:519,0
DA:520,0
DA:521,0
DA:522,0
DA:523,0
DA:524,0
DA:525,0
DA:526,0
DA:527,0
DA:528,0
DA:529,0
DA:530,0
DA:531,0
DA:532,0
DA:533,0
DA:534,0
DA:535,0
DA:538,0
DA:539,0
DA:540,0
BRF:0
BRH:0
LF:457
LH:0
end_of_record
SF:/Users/goshea/projects/icarus/icarus-sdk/cli/src/commands/profile/analyze.rs
FN:28,_RNCNCNvNtNtNtCs9I76lDWc7yg_6icarus8commands7profile7analyze7execute00Bb_
FN:82,_RNCNvNtNtNtCs9I76lDWc7yg_6icarus8commands7profile7analyze14find_wasm_file0B9_
FN:10,_RNCNvNtNtNtCs9I76lDWc7yg_6icarus8commands7profile7analyze7execute0B9_
FN:401,_RNvNtNtNtCs9I76lDWc7yg_6icarus8commands7profile7analyze13decode_leb128
FN:50,_RNvNtNtNtCs9I76lDWc7yg_6icarus8commands7profile7analyze14find_wasm_file
FN:345,_RNvNtNtNtCs9I76lDWc7yg_6icarus8commands7profile7analyze19parse_wasm_sections
FN:172,_RNvNtNtNtCs9I76lDWc7yg_6icarus8commands7profile7analyze22analyze_memory_section
FN:97,_RNvNtNtNtCs9I76lDWc7yg_6icarus8commands7profile7analyze24analyze_basic_properties
FN:227,_RNvNtNtNtCs9I76lDWc7yg_6icarus8commands7profile7analyze27estimate_optimization_level
FN:201,_RNvNtNtNtCs9I76lDWc7yg_6icarus8commands7profile7analyze28analyze_instruction_patterns
FN:242,_RNvNtNtNtCs9I76lDWc7yg_6icarus8commands7profile7analyze28analyze_performance_patterns
FN:139,_RNvNtNtNtCs9I76lDWc7yg_6icarus8commands7profile7analyze30analyze_memory_characteristics
FN:279,_RNvNtNtNtCs9I76lDWc7yg_6icarus8commands7profile7analyze36provide_optimization_recommendations
FN:10,_RNvNtNtNtCs9I76lDWc7yg_6icarus8commands7profile7analyze7execute
FN:401,_RNvNtNtNtCs56Gb0ALyL37_6icarus8commands7profile7analyze13decode_leb128
FN:50,_RNvNtNtNtCs56Gb0ALyL37_6icarus8commands7profile7analyze14find_wasm_file
FN:345,_RNvNtNtNtCs56Gb0ALyL37_6icarus8commands7profile7analyze19parse_wasm_sections
FN:172,_RNvNtNtNtCs56Gb0ALyL37_6icarus8commands7profile7analyze22analyze_memory_section
FN:97,_RNvNtNtNtCs56Gb0ALyL37_6icarus8commands7profile7analyze24analyze_basic_properties
FN:227,_RNvNtNtNtCs56Gb0ALyL37_6icarus8commands7profile7analyze27estimate_optimization_level
FN:201,_RNvNtNtNtCs56Gb0ALyL37_6icarus8commands7profile7analyze28analyze_instruction_patterns
FN:242,_RNvNtNtNtCs56Gb0ALyL37_6icarus8commands7profile7analyze28analyze_performance_patterns
FN:139,_RNvNtNtNtCs56Gb0ALyL37_6icarus8commands7profile7analyze30analyze_memory_characteristics
FN:279,_RNvNtNtNtCs56Gb0ALyL37_6icarus8commands7profile7analyze36provide_optimization_recommendations
FN:10,_RNvNtNtNtCs56Gb0ALyL37_6icarus8commands7profile7analyze7execute
FN:28,_RNCNCNvNtNtNtCs56Gb0ALyL37_6icarus8commands7profile7analyze7execute00Bb_
FN:82,_RNCNvNtNtNtCs56Gb0ALyL37_6icarus8commands7profile7analyze14find_wasm_file0B9_
FN:10,_RNCNvNtNtNtCs56Gb0ALyL37_6icarus8commands7profile7analyze7execute0B9_
FNDA:0,_RNCNCNvNtNtNtCs9I76lDWc7yg_6icarus8commands7profile7analyze7execute00Bb_
FNDA:0,_RNCNvNtNtNtCs9I76lDWc7yg_6icarus8commands7profile7analyze14find_wasm_file0B9_
FNDA:0,_RNCNvNtNtNtCs9I76lDWc7yg_6icarus8commands7profile7analyze7execute0B9_
FNDA:0,_RNvNtNtNtCs9I76lDWc7yg_6icarus8commands7profile7analyze13decode_leb128
FNDA:0,_RNvNtNtNtCs9I76lDWc7yg_6icarus8commands7profile7analyze14find_wasm_file
FNDA:0,_RNvNtNtNtCs9I76lDWc7yg_6icarus8commands7profile7analyze19parse_wasm_sections
FNDA:0,_RNvNtNtNtCs9I76lDWc7yg_6icarus8commands7profile7analyze22analyze_memory_section
FNDA:0,_RNvNtNtNtCs9I76lDWc7yg_6icarus8commands7profile7analyze24analyze_basic_properties
FNDA:0,_RNvNtNtNtCs9I76lDWc7yg_6icarus8commands7profile7analyze27estimate_optimization_level
FNDA:0,_RNvNtNtNtCs9I76lDWc7yg_6icarus8commands7profile7analyze28analyze_instruction_patterns
FNDA:0,_RNvNtNtNtCs9I76lDWc7yg_6icarus8commands7profile7analyze28analyze_performance_patterns
FNDA:0,_RNvNtNtNtCs9I76lDWc7yg_6icarus8commands7profile7analyze30analyze_memory_characteristics
FNDA:0,_RNvNtNtNtCs9I76lDWc7yg_6icarus8commands7profile7analyze36provide_optimization_recommendations
FNDA:0,_RNvNtNtNtCs9I76lDWc7yg_6icarus8commands7profile7analyze7execute
FNDA:0,_RNvNtNtNtCs56Gb0ALyL37_6icarus8commands7profile7analyze13decode_leb128
FNDA:0,_RNvNtNtNtCs56Gb0ALyL37_6icarus8commands7profile7analyze14find_wasm_file
FNDA:0,_RNvNtNtNtCs56Gb0ALyL37_6icarus8commands7profile7analyze19parse_wasm_sections
FNDA:0,_RNvNtNtNtCs56Gb0ALyL37_6icarus8commands7profile7analyze22analyze_memory_section
FNDA:0,_RNvNtNtNtCs56Gb0ALyL37_6icarus8commands7profile7analyze24analyze_basic_properties
FNDA:0,_RNvNtNtNtCs56Gb0ALyL37_6icarus8commands7profile7analyze27estimate_optimization_level
FNDA:0,_RNvNtNtNtCs56Gb0ALyL37_6icarus8commands7profile7analyze28analyze_instruction_patterns
FNDA:0,_RNvNtNtNtCs56Gb0ALyL37_6icarus8commands7profile7analyze28analyze_performance_patterns
FNDA:0,_RNvNtNtNtCs56Gb0ALyL37_6icarus8commands7profile7analyze30analyze_memory_characteristics
FNDA:0,_RNvNtNtNtCs56Gb0ALyL37_6icarus8commands7profile7analyze36provide_optimization_recommendations
FNDA:0,_RNvNtNtNtCs56Gb0ALyL37_6icarus8commands7profile7analyze7execute
FNDA:0,_RNCNCNvNtNtNtCs56Gb0ALyL37_6icarus8commands7profile7analyze7execute00Bb_
FNDA:0,_RNCNvNtNtNtCs56Gb0ALyL37_6icarus8commands7profile7analyze14find_wasm_file0B9_
FNDA:0,_RNCNvNtNtNtCs56Gb0ALyL37_6icarus8commands7profile7analyze7execute0B9_
FNF:14
FNH:0
DA:10,0
DA:11,0
DA:12,0
DA:13,0
DA:14,0
DA:15,0
DA:19,0
DA:20,0
DA:21,0
DA:22,0
DA:24,0
DA:27,0
DA:28,0
DA:30,0
DA:31,0
DA:33,0
DA:34,0
DA:35,0
DA:36,0
DA:38,0
DA:39,0
DA:40,0
DA:41,0
DA:43,0
DA:44,0
DA:46,0
DA:47,0
DA:50,0
DA:51,0
DA:52,0
DA:53,0
DA:54,0
DA:55,0
DA:56,0
DA:57,0
DA:60,0
DA:61,0
DA:62,0
DA:63,0
DA:64,0
DA:65,0
DA:66,0
DA:67,0
DA:68,0
DA:69,0
DA:70,0
DA:71,0
DA:72,0
DA:76,0
DA:77,0
DA:78,0
DA:79,0
DA:80,0
DA:81,0
DA:82,0
DA:83,0
DA:84,0
DA:85,0
DA:87,0
DA:88,0
DA:91,0
DA:92,0
DA:93,0
DA:94,0
DA:97,0
DA:98,0
DA:99,0
DA:100,0
DA:101,0
DA:105,0
DA:106,0
DA:107,0
DA:108,0
DA:109,0
DA:110,0
DA:111,0
DA:112,0
DA:113,0
DA:114,0
DA:115,0
DA:116,0
DA:119,0
DA:120,0
DA:121,0
DA:123,0
DA:124,0
DA:125,0
DA:126,0
DA:127,0
DA:128,0
DA:129,0
DA:130,0
DA:133,0
DA:135,0
DA:136,0
DA:139,0
DA:141,0
DA:143,0
DA:144,0
DA:145,0
DA:146,0
DA:147,0
DA:148,0
DA:149,0
DA:150,0
DA:151,0
DA:152,0
DA:153,0
DA:154,0
DA:155,0
DA:156,0
DA:157,0
DA:158,0
DA:163,0
DA:164,0
DA:165,0
DA:166,0
DA:168,0
DA:169,0
DA:172,0
DA:173,0
DA:174,0
DA:175,0
DA:178,0
DA:179,0
DA:180,0
DA:184,0
DA:185,0
DA:186,0
DA:188,0
DA:190,0
DA:191,0
DA:192,0
DA:193,0
DA:194,0
DA:195,0
DA:196,0
DA:197,0
DA:198,0
DA:201,0
DA:202,0
DA:204,0
DA:205,0
DA:206,0
DA:207,0
DA:208,0
DA:209,0
DA:210,0
DA:211,0
DA:212,0
DA:213,0
DA:214,0
DA:215,0
DA:216,0
DA:217,0
DA:218,0
DA:219,0
DA:220,0
DA:223,0
DA:224,0
DA:227,0
DA:228,0
DA:229,0
DA:230,0
DA:231,0
DA:232,0
DA:235,0
DA:236,0
DA:237,0
DA:239,0
DA:242,0
DA:244,0
DA:245,0
DA:246,0
DA:249,0
DA:250,0
DA:251,0
DA:252,0
DA:253,0
DA:254,0
DA:258,0
DA:259,0
DA:260,0
DA:261,0
DA:262,0
DA:263,0
DA:264,0
DA:265,0
DA:266,0
DA:267,0
DA:268,0
DA:269,0
DA:270,0
DA:271,0
DA:272,0
DA:273,0
DA:274,0
DA:275,0
DA:276,0
DA:279,0
DA:280,0
DA:283,0
DA:284,0
DA:285,0
DA:286,0
DA:287,0
DA:288,0
DA:289,0
DA:290,0
DA:291,0
DA:292,0
DA:293,0
DA:294,0
DA:297,0
DA:298,0
DA:299,0
DA:300,0
DA:301,0
DA:302,0
DA:305,0
DA:306,0
DA:307,0
DA:308,0
DA:309,0
DA:312,0
DA:313,0
DA:314,0
DA:315,0
DA:317,0
DA:318,0
DA:345,0
DA:346,0
DA:348,0
DA:349,0
DA:350,0
DA:353,0
DA:355,0
DA:356,0
DA:357,0
DA:358,0
DA:360,0
DA:361,0
DA:362,0
DA:363,0
DA:364,0
DA:365,0
DA:366,0
DA:367,0
DA:368,0
DA:369,0
DA:370,0
DA:371,0
DA:372,0
DA:373,0
DA:374,0
DA:375,0
DA:378,0
DA:381,0
DA:382,0
DA:384,0
DA:385,0
DA:386,0
DA:388,0
DA:389,0
DA:390,0
DA:391,0
DA:392,0
DA:394,0
DA:397,0
DA:398,0
DA:401,0
DA:402,0
DA:403,0
DA:404,0
DA:406,0
DA:408,0
DA:409,0
DA:411,0
DA:412,0
DA:413,0
DA:415,0
DA:416,0
DA:417,0
DA:418,0
DA:421,0
DA:422,0
BRF:0
BRH:0
LF:289
LH:0
end_of_record
SF:/Users/goshea/projects/icarus/icarus-sdk/cli/src/commands/profile/bench.rs
FN:47,_RNCNCNvNtNtNtCs9I76lDWc7yg_6icarus8commands7profile5bench7execute00Bb_
FN:127,_RNCNvNtNtNtCs9I76lDWc7yg_6icarus8commands7profile5bench22save_benchmark_results0B9_
FN:11,_RNCNvNtNtNtCs9I76lDWc7yg_6icarus8commands7profile5bench7execute0B9_
FN:170,_RNvNtNtNtCs9I76lDWc7yg_6icarus8commands7profile5bench20parse_benchmark_line
FN:106,_RNvNtNtNtCs9I76lDWc7yg_6icarus8commands7profile5bench21find_target_directory
FN:155,_RNvNtNtNtCs9I76lDWc7yg_6icarus8commands7profile5bench22parse_benchmark_output
FN:127,_RNvNtNtNtCs9I76lDWc7yg_6icarus8commands7profile5bench22save_benchmark_results
FN:250,_RNvNtNtNtCs9I76lDWc7yg_6icarus8commands7profile5bench22show_benchmark_summary
FN:206,_RNvNtNtNtCs9I76lDWc7yg_6icarus8commands7profile5bench25calculate_overall_summary
FN:11,_RNvNtNtNtCs9I76lDWc7yg_6icarus8commands7profile5bench7execute
FN:47,_RNCNCNvNtNtNtCs56Gb0ALyL37_6icarus8commands7profile5bench7execute00Bb_
FN:127,_RNCNvNtNtNtCs56Gb0ALyL37_6icarus8commands7profile5bench22save_benchmark_results0B9_
FN:11,_RNCNvNtNtNtCs56Gb0ALyL37_6icarus8commands7profile5bench7execute0B9_
FN:170,_RNvNtNtNtCs56Gb0ALyL37_6icarus8commands7profile5bench20parse_benchmark_line
FN:106,_RNvNtNtNtCs56Gb0ALyL37_6icarus8commands7profile5bench21find_target_directory
FN:155,_RNvNtNtNtCs56Gb0ALyL37_6icarus8commands7profile5bench22parse_benchmark_output
FN:127,_RNvNtNtNtCs56Gb0ALyL37_6icarus8commands7profile5bench22save_benchmark_results
FN:250,_RNvNtNtNtCs56Gb0ALyL37_6icarus8commands7profile5bench22show_benchmark_summary
FN:206,_RNvNtNtNtCs56Gb0ALyL37_6icarus8commands7profile5bench25calculate_overall_summary
FN:11,_RNvNtNtNtCs56Gb0ALyL37_6icarus8commands7profile5bench7execute
FNDA:0,_RNCNCNvNtNtNtCs9I76lDWc7yg_6icarus8commands7profile5bench7execute00Bb_
FNDA:0,_RNCNvNtNtNtCs9I76lDWc7yg_6icarus8commands7profile5bench22save_benchmark_results0B9_
FNDA:0,_RNCNvNtNtNtCs9I76lDWc7yg_6icarus8commands7profile5bench7execute0B9_
FNDA:0,_RNvNtNtNtCs9I76lDWc7yg_6icarus8commands7profile5bench20parse_benchmark_line
FNDA:0,_RNvNtNtNtCs9I76lDWc7yg_6icarus8commands7profile5bench21find_target_directory
FNDA:0,_RNvNtNtNtCs9I76lDWc7yg_6icarus8commands7profile5bench22parse_benchmark_output
FNDA:0,_RNvNtNtNtCs9I76lDWc7yg_6icarus8commands7profile5bench22save_benchmark_results
FNDA:0,_RNvNtNtNtCs9I76lDWc7yg_6icarus8commands7profile5bench22show_benchmark_summary
FNDA:0,_RNvNtNtNtCs9I76lDWc7yg_6icarus8commands7profile5bench25calculate_overall_summary
FNDA:0,_RNvNtNtNtCs9I76lDWc7yg_6icarus8commands7profile5bench7execute
FNDA:0,_RNCNCNvNtNtNtCs56Gb0ALyL37_6icarus8commands7profile5bench7execute00Bb_
FNDA:0,_RNCNvNtNtNtCs56Gb0ALyL37_6icarus8commands7profile5bench22save_benchmark_results0B9_
FNDA:0,_RNCNvNtNtNtCs56Gb0ALyL37_6icarus8commands7profile5bench7execute0B9_
FNDA:0,_RNvNtNtNtCs56Gb0ALyL37_6icarus8commands7profile5bench20parse_benchmark_line
FNDA:0,_RNvNtNtNtCs56Gb0ALyL37_6icarus8commands7profile5bench21find_target_directory
FNDA:0,_RNvNtNtNtCs56Gb0ALyL37_6icarus8commands7profile5bench22parse_benchmark_output
FNDA:0,_RNvNtNtNtCs56Gb0ALyL37_6icarus8commands7profile5bench22save_benchmark_results
FNDA:0,_RNvNtNtNtCs56Gb0ALyL37_6icarus8commands7profile5bench22show_benchmark_summary
FNDA:0,_RNvNtNtNtCs56Gb0ALyL37_6icarus8commands7profile5bench25calculate_overall_summary
FNDA:0,_RNvNtNtNtCs56Gb0ALyL37_6icarus8commands7profile5bench7execute
FNF:10
FNH:0
DA:11,0
DA:12,0
DA:13,0
DA:14,0
DA:18,0
DA:19,0
DA:21,0
DA:22,0
DA:23,0
DA:26,0
DA:27,0
DA:30,0
DA:31,0
DA:32,0
DA:33,0
DA:36,0
DA:37,0
DA:38,0
DA:39,0
DA:41,0
DA:44,0
DA:45,0
DA:46,0
DA:47,0
DA:49,0
DA:50,0
DA:51,0
DA:52,0
DA:53,0
DA:54,0
DA:55,0
DA:56,0
DA:59,0
DA:60,0
DA:63,0
DA:64,0
DA:65,0
DA:66,0
DA:69,0
DA:70,0
DA:71,0
DA:72,0
DA:73,0
DA:75,0
DA:76,0
DA:77,0
DA:78,0
DA:79,0
DA:80,0
DA:81,0
DA:82,0
DA:83,0
DA:84,0
DA:85,0
DA:86,0
DA:87,0
DA:88,0
DA:89,0
DA:90,0
DA:91,0
DA:92,0
DA:95,0
DA:97,0
DA:98,0
DA:99,0
DA:102,0
DA:103,0
DA:106,0
DA:107,0
DA:110,0
DA:111,0
DA:112,0
DA:113,0
DA:115,0
DA:116,0
DA:117,0
DA:118,0
DA:123,0
DA:124,0
DA:127,0
DA:128,0
DA:131,0
DA:132,0
DA:133,0
DA:136,0
DA:138,0
DA:139,0
DA:140,0
DA:141,0
DA:142,0
DA:144,0
DA:145,0
DA:148,0
DA:151,0
DA:152,0
DA:155,0
DA:156,0
DA:158,0
DA:159,0
DA:160,0
DA:161,0
DA:162,0
DA:163,0
DA:166,0
DA:167,0
DA:170,0
DA:172,0
DA:174,0
DA:175,0
DA:176,0
DA:178,0
DA:181,0
DA:182,0
DA:184,0
DA:185,0
DA:186,0
DA:187,0
DA:188,0
DA:189,0
DA:190,0
DA:191,0
DA:192,0
DA:193,0
DA:195,0
DA:196,0
DA:197,0
DA:198,0
DA:199,0
DA:201,0
DA:203,0
DA:206,0
DA:207,0
DA:209,0
DA:210,0
DA:211,0
DA:212,0
DA:213,0
DA:214,0
DA:215,0
DA:216,0
DA:217,0
DA:218,0
DA:219,0
DA:220,0
DA:222,0
DA:223,0
DA:225,0
DA:226,0
DA:227,0
DA:228,0
DA:229,0
DA:231,0
DA:232,0
DA:233,0
DA:234,0
DA:235,0
DA:237,0
DA:238,0
DA:239,0
DA:240,0
DA:241,0
DA:242,0
DA:243,0
DA:244,0
DA:245,0
DA:246,0
DA:247,0
DA:250,0
DA:251,0
DA:253,0
DA:254,0
DA:255,0
DA:256,0
DA:258,0
DA:259,0
DA:260,0
DA:261,0
DA:265,0
DA:266,0
DA:267,0
DA:268,0
DA:269,0
DA:270,0
DA:271,0
DA:272,0
DA:273,0
DA:274,0
DA:276,0
DA:277,0
DA:278,0
DA:279,0
DA:280,0
DA:281,0
DA:282,0
DA:283,0
DA:284,0
DA:285,0
DA:288,0
DA:289,0
DA:291,0
DA:292,0
DA:293,0
DA:295,0
BRF:0
BRH:0
LF:206
LH:0
end_of_record
SF:/Users/goshea/projects/icarus/icarus-sdk/cli/src/commands/profile/canister.rs
FN:61,_RNCNCNvNtNtNtCs9I76lDWc7yg_6icarus8commands7profile8canister12create_agent00Bb_
FN:68,_RNCNCNvNtNtNtCs9I76lDWc7yg_6icarus8commands7profile8canister12create_agent0s_0Bb_
FN:139,_RNCNCNvNtNtNtCs9I76lDWc7yg_6icarus8commands7profile8canister16profile_canister00Bb_
FN:78,_RNCNCNvNtNtNtCs9I76lDWc7yg_6icarus8commands7profile8canister17validate_canister00Bb_
FN:47,_RNCNvNtNtNtCs9I76lDWc7yg_6icarus8commands7profile8canister12create_agent0B9_
FN:119,_RNCNvNtNtNtCs9I76lDWc7yg_6icarus8commands7profile8canister16profile_canister0B9_
FN:211,_RNCNvNtNtNtCs9I76lDWc7yg_6icarus8commands7profile8canister17make_test_request0B9_
FN:75,_RNCNvNtNtNtCs9I76lDWc7yg_6icarus8commands7profile8canister17validate_canister0B9_
FN:18,_RNCNvNtNtNtCs9I76lDWc7yg_6icarus8commands7profile8canister7execute0B9_
FN:47,_RNvNtNtNtCs9I76lDWc7yg_6icarus8commands7profile8canister12create_agent
FN:114,_RNvNtNtNtCs9I76lDWc7yg_6icarus8commands7profile8canister16profile_canister
FN:211,_RNvNtNtNtCs9I76lDWc7yg_6icarus8commands7profile8canister17make_test_request
FN:75,_RNvNtNtNtCs9I76lDWc7yg_6icarus8commands7profile8canister17validate_canister
FN:286,_RNvNtNtNtCs9I76lDWc7yg_6icarus8commands7profile8canister18assess_performance
FN:225,_RNvNtNtNtCs9I76lDWc7yg_6icarus8commands7profile8canister25display_profiling_results
FN:13,_RNvNtNtNtCs9I76lDWc7yg_6icarus8commands7profile8canister7execute
FN:61,_RNCNCNvNtNtNtCs56Gb0ALyL37_6icarus8commands7profile8canister12create_agent00Bb_
FN:68,_RNCNCNvNtNtNtCs56Gb0ALyL37_6icarus8commands7profile8canister12create_agent0s_0Bb_
FN:139,_RNCNCNvNtNtNtCs56Gb0ALyL37_6icarus8commands7profile8canister16profile_canister00Bb_
FN:78,_RNCNCNvNtNtNtCs56Gb0ALyL37_6icarus8commands7profile8canister17validate_canister00Bb_
FN:47,_RNCNvNtNtNtCs56Gb0ALyL37_6icarus8commands7profile8canister12create_agent0B9_
FN:119,_RNCNvNtNtNtCs56Gb0ALyL37_6icarus8commands7profile8canister16profile_canister0B9_
FN:211,_RNCNvNtNtNtCs56Gb0ALyL37_6icarus8commands7profile8canister17make_test_request0B9_
FN:75,_RNCNvNtNtNtCs56Gb0ALyL37_6icarus8commands7profile8canister17validate_canister0B9_
FN:18,_RNCNvNtNtNtCs56Gb0ALyL37_6icarus8commands7profile8canister7execute0B9_
FN:47,_RNvNtNtNtCs56Gb0ALyL37_6icarus8commands7profile8canister12create_agent
FN:114,_RNvNtNtNtCs56Gb0ALyL37_6icarus8commands7profile8canister16profile_canister
FN:211,_RNvNtNtNtCs56Gb0ALyL37_6icarus8commands7profile8canister17make_test_request
FN:75,_RNvNtNtNtCs56Gb0ALyL37_6icarus8commands7profile8canister17validate_canister
FN:286,_RNvNtNtNtCs56Gb0ALyL37_6icarus8commands7profile8canister18assess_performance
FN:225,_RNvNtNtNtCs56Gb0ALyL37_6icarus8commands7profile8canister25display_profiling_results
FN:13,_RNvNtNtNtCs56Gb0ALyL37_6icarus8commands7profile8canister7execute
FNDA:0,_RNCNCNvNtNtNtCs9I76lDWc7yg_6icarus8commands7profile8canister12create_agent00Bb_
FNDA:0,_RNCNCNvNtNtNtCs9I76lDWc7yg_6icarus8commands7profile8canister12create_agent0s_0Bb_
FNDA:0,_RNCNCNvNtNtNtCs9I76lDWc7yg_6icarus8commands7profile8canister16profile_canister00Bb_
FNDA:0,_RNCNCNvNtNtNtCs9I76lDWc7yg_6icarus8commands7profile8canister17validate_canister00Bb_
FNDA:0,_RNCNvNtNtNtCs9I76lDWc7yg_6icarus8commands7profile8canister12create_agent0B9_
FNDA:0,_RNCNvNtNtNtCs9I76lDWc7yg_6icarus8commands7profile8canister16profile_canister0B9_
FNDA:0,_RNCNvNtNtNtCs9I76lDWc7yg_6icarus8commands7profile8canister17make_test_request0B9_
FNDA:0,_RNCNvNtNtNtCs9I76lDWc7yg_6icarus8commands7profile8canister17validate_canister0B9_
FNDA:0,_RNCNvNtNtNtCs9I76lDWc7yg_6icarus8commands7profile8canister7execute0B9_
FNDA:0,_RNvNtNtNtCs9I76lDWc7yg_6icarus8commands7profile8canister12create_agent
FNDA:0,_RNvNtNtNtCs9I76lDWc7yg_6icarus8commands7profile8canister16profile_canister
FNDA:0,_RNvNtNtNtCs9I76lDWc7yg_6icarus8commands7profile8canister17make_test_request
FNDA:0,_RNvNtNtNtCs9I76lDWc7yg_6icarus8commands7profile8canister17validate_canister
FNDA:0,_RNvNtNtNtCs9I76lDWc7yg_6icarus8commands7profile8canister18assess_performance
FNDA:0,_RNvNtNtNtCs9I76lDWc7yg_6icarus8commands7profile8canister25display_profiling_results
FNDA:0,_RNvNtNtNtCs9I76lDWc7yg_6icarus8commands7profile8canister7execute
FNDA:0,_RNCNCNvNtNtNtCs56Gb0ALyL37_6icarus8commands7profile8canister12create_agent00Bb_
FNDA:0,_RNCNCNvNtNtNtCs56Gb0ALyL37_6icarus8commands7profile8canister12create_agent0s_0Bb_
FNDA:0,_RNCNCNvNtNtNtCs56Gb0ALyL37_6icarus8commands7profile8canister16profile_canister00Bb_
FNDA:0,_RNCNCNvNtNtNtCs56Gb0ALyL37_6icarus8commands7profile8canister17validate_canister00Bb_
FNDA:0,_RNCNvNtNtNtCs56Gb0ALyL37_6icarus8commands7profile8canister12create_agent0B9_
FNDA:0,_RNCNvNtNtNtCs56Gb0ALyL37_6icarus8commands7profile8canister16profile_canister0B9_
FNDA:0,_RNCNvNtNtNtCs56Gb0ALyL37_6icarus8commands7profile8canister17make_test_request0B9_
FNDA:0,_RNCNvNtNtNtCs56Gb0ALyL37_6icarus8commands7profile8canister17validate_canister0B9_
FNDA:0,_RNCNvNtNtNtCs56Gb0ALyL37_6icarus8commands7profile8canister7execute0B9_
FNDA:0,_RNvNtNtNtCs56Gb0ALyL37_6icarus8commands7profile8canister12create_agent
FNDA:0,_RNvNtNtNtCs56Gb0ALyL37_6icarus8commands7profile8canister16profile_canister
FNDA:0,_RNvNtNtNtCs56Gb0ALyL37_6icarus8commands7profile8canister17make_test_request
FNDA:0,_RNvNtNtNtCs56Gb0ALyL37_6icarus8commands7profile8canister17validate_canister
FNDA:0,_RNvNtNtNtCs56Gb0ALyL37_6icarus8commands7profile8canister18assess_performance
FNDA:0,_RNvNtNtNtCs56Gb0ALyL37_6icarus8commands7profile8canister25display_profiling_results
FNDA:0,_RNvNtNtNtCs56Gb0ALyL37_6icarus8commands7profile8canister7execute
FNF:16
FNH:0
DA:13,0
DA:14,0
DA:15,0
DA:16,0
DA:17,0
DA:18,0
DA:19,0
DA:20,0
DA:21,0
DA:23,0
DA:24,0
DA:25,0
DA:26,0
DA:27,0
DA:30,0
DA:33,0
DA:35,0
DA:38,0
DA:41,0
DA:43,0
DA:44,0
DA:47,0
DA:48,0
DA:49,0
DA:50,0
DA:51,0
DA:54,0
DA:58,0
DA:59,0
DA:60,0
DA:61,0
DA:64,0
DA:65,0
DA:66,0
DA:67,0
DA:68,0
DA:69,0
DA:71,0
DA:72,0
DA:75,0
DA:76,0
DA:77,0
DA:78,0
DA:80,0
DA:83,0
DA:84,0
DA:85,0
DA:88,0
DA:89,0
DA:91,0
DA:93,0
DA:94,0
DA:95,0
DA:97,0
DA:100,0
DA:101,0
DA:104,0
DA:105,0
DA:106,0
DA:111,0
DA:114,0
DA:115,0
DA:116,0
DA:117,0
DA:118,0
DA:119,0
DA:120,0
DA:121,0
DA:123,0
DA:124,0
DA:125,0
DA:127,0
DA:128,0
DA:133,0
DA:135,0
DA:136,0
DA:137,0
DA:139,0
DA:140,0
DA:141,0
DA:142,0
DA:144,0
DA:145,0
DA:146,0
DA:147,0
DA:148,0
DA:149,0
DA:150,0
DA:151,0
DA:152,0
DA:153,0
DA:154,0
DA:157,0
DA:160,0
DA:163,0
DA:164,0
DA:165,0
DA:166,0
DA:167,0
DA:168,0
DA:169,0
DA:170,0
DA:171,0
DA:172,0
DA:173,0
DA:176,0
DA:177,0
DA:179,0
DA:183,0
DA:185,0
DA:186,0
DA:187,0
DA:188,0
DA:189,0
DA:190,0
DA:191,0
DA:192,0
DA:193,0
DA:194,0
DA:198,0
DA:200,0
DA:201,0
DA:202,0
DA:203,0
DA:204,0
DA:207,0
DA:208,0
DA:211,0
DA:213,0
DA:215,0
DA:217,0
DA:218,0
DA:219,0
DA:220,0
DA:222,0
DA:225,0
DA:226,0
DA:227,0
DA:229,0
DA:230,0
DA:233,0
DA:234,0
DA:235,0
DA:236,0
DA:238,0
DA:239,0
DA:240,0
DA:242,0
DA:243,0
DA:244,0
DA:246,0
DA:247,0
DA:248,0
DA:250,0
DA:251,0
DA:252,0
DA:254,0
DA:257,0
DA:258,0
DA:259,0
DA:261,0
DA:263,0
DA:264,0
DA:265,0
DA:267,0
DA:268,0
DA:269,0
DA:272,0
DA:273,0
DA:274,0
DA:275,0
DA:276,0
DA:277,0
DA:279,0
DA:282,0
DA:283,0
DA:286,0
DA:287,0
DA:290,0
DA:291,0
DA:292,0
DA:293,0
DA:294,0
DA:295,0
DA:296,0
DA:297,0
DA:298,0
DA:299,0
DA:300,0
DA:301,0
DA:302,0
DA:303,0
DA:304,0
DA:305,0
DA:306,0
DA:310,0
DA:311,0
DA:312,0
DA:313,0
DA:314,0
DA:315,0
DA:316,0
DA:317,0
DA:318,0
DA:319,0
DA:320,0
DA:321,0
DA:324,0
DA:325,0
DA:326,0
DA:327,0
DA:328,0
DA:329,0
DA:330,0
DA:331,0
DA:332,0
DA:333,0
DA:334,0
DA:335,0
DA:337,0
DA:340,0
DA:342,0
DA:343,0
DA:344,0
DA:345,0
DA:347,0
DA:348,0
DA:349,0
DA:350,0
DA:352,0
DA:353,0
DA:354,0
DA:355,0
DA:357,0
DA:358,0
DA:359,0
DA:360,0
DA:361,0
BRF:0
BRH:0
LF:247
LH:0
end_of_record
SF:/Users/goshea/projects/icarus/icarus-sdk/cli/src/commands/profile/mod.rs
FN:61,_RNCNvMNtNtCs9I76lDWc7yg_6icarus8commands7profileNtB4_15EnvironmentInfo7collect0B8_
FN:53,_RNvMNtNtCs9I76lDWc7yg_6icarus8commands7profileNtB2_15EnvironmentInfo7collect
FN:139,_RNvNtNtNtCs9I76lDWc7yg_6icarus8commands7profile5utils12format_bytes
FN:125,_RNvNtNtNtCs9I76lDWc7yg_6icarus8commands7profile5utils15format_duration
FN:74,_RNvNtNtNtCs9I76lDWc7yg_6icarus8commands7profile5utils17calculate_metrics
FN:139,_RNvNtNtNtCs56Gb0ALyL37_6icarus8commands7profile5utils12format_bytes
FN:125,_RNvNtNtNtCs56Gb0ALyL37_6icarus8commands7profile5utils15format_duration
FN:74,_RNvNtNtNtCs56Gb0ALyL37_6icarus8commands7profile5utils17calculate_metrics
FN:53,_RNvMNtNtCs56Gb0ALyL37_6icarus8commands7profileNtB2_15EnvironmentInfo7collect
FN:61,_RNCNvMNtNtCs56Gb0ALyL37_6icarus8commands7profileNtB4_15EnvironmentInfo7collect0B8_
FNDA:0,_RNCNvMNtNtCs9I76lDWc7yg_6icarus8commands7profileNtB4_15EnvironmentInfo7collect0B8_
FNDA:0,_RNvMNtNtCs9I76lDWc7yg_6icarus8commands7profileNtB2_15EnvironmentInfo7collect
FNDA:0,_RNvNtNtNtCs9I76lDWc7yg_6icarus8commands7profile5utils12format_bytes
FNDA:0,_RNvNtNtNtCs9I76lDWc7yg_6icarus8commands7profile5utils15format_duration
FNDA:0,_RNvNtNtNtCs9I76lDWc7yg_6icarus8commands7profile5utils17calculate_metrics
FNDA:0,_RNvNtNtNtCs56Gb0ALyL37_6icarus8commands7profile5utils12format_bytes
FNDA:0,_RNvNtNtNtCs56Gb0ALyL37_6icarus8commands7profile5utils15format_duration
FNDA:0,_RNvNtNtNtCs56Gb0ALyL37_6icarus8commands7profile5utils17calculate_metrics
FNDA:0,_RNvMNtNtCs56Gb0ALyL37_6icarus8commands7profileNtB2_15EnvironmentInfo7collect
FNDA:0,_RNCNvMNtNtCs56Gb0ALyL37_6icarus8commands7profileNtB4_15EnvironmentInfo7collect0B8_
FNF:5
FNH:0
DA:53,0
DA:54,0
DA:56,0
DA:57,0
DA:58,0
DA:59,0
DA:60,0
DA:61,0
DA:62,0
DA:63,0
DA:65,0
DA:74,0
DA:75,0
DA:76,0
DA:77,0
DA:78,0
DA:79,0
DA:80,0
DA:81,0
DA:82,0
DA:83,0
DA:84,0
DA:85,0
DA:86,0
DA:87,0
DA:88,0
DA:89,0
DA:90,0
DA:92,0
DA:93,0
DA:94,0
DA:96,0
DA:97,0
DA:99,0
DA:100,0
DA:101,0
DA:102,0
DA:103,0
DA:104,0
DA:105,0
DA:107,0
DA:108,0
DA:109,0
DA:110,0
DA:112,0
DA:113,0
DA:114,0
DA:115,0
DA:116,0
DA:117,0
DA:118,0
DA:119,0
DA:120,0
DA:121,0
DA:122,0
DA:125,0
DA:126,0
DA:127,0
DA:128,0
DA:129,0
DA:130,0
DA:131,0
DA:132,0
DA:134,0
DA:136,0
DA:139,0
DA:141,0
DA:142,0
DA:144,0
DA:145,0
DA:146,0
DA:147,0
DA:149,0
DA:150,0
BRF:0
BRH:0
LF:75
LH:0
end_of_record
SF:/Users/goshea/projects/icarus/icarus-sdk/cli/src/commands/validate.rs
FN:15,_RNCNCNvNtNtCs9I76lDWc7yg_6icarus8commands8validate7execute00B9_
FN:640,_RNCNvNtNtCs9I76lDWc7yg_6icarus8commands8validate16normalize_candid0B7_
FN:641,_RNCNvNtNtCs9I76lDWc7yg_6icarus8commands8validate16normalize_candids_0B7_
FN:647,_RNCNvNtNtCs9I76lDWc7yg_6icarus8commands8validate21cleanup_test_canister0B7_
FN:627,_RNCNvNtNtCs9I76lDWc7yg_6icarus8commands8validate21parse_candid_response0B7_
FN:629,_RNCNvNtNtCs9I76lDWc7yg_6icarus8commands8validate21parse_candid_responses_0B7_
FN:682,_RNCNvNtNtCs9I76lDWc7yg_6icarus8commands8validate22find_default_wasm_path0B7_
FN:737,_RNCNvNtNtCs9I76lDWc7yg_6icarus8commands8validate22find_default_wasm_paths0_0B7_
FN:738,_RNCNvNtNtCs9I76lDWc7yg_6icarus8commands8validate22find_default_wasm_paths1_0B7_
FN:685,_RNCNvNtNtCs9I76lDWc7yg_6icarus8commands8validate22find_default_wasm_paths_0B7_
FN:534,_RNCNvNtNtCs9I76lDWc7yg_6icarus8commands8validate29retrieve_candid_from_canister0B7_
FN:340,_RNCNvNtNtCs9I76lDWc7yg_6icarus8commands8validate37deploy_and_verify_candid_preservation0B7_
FN:14,_RNCNvNtNtCs9I76lDWc7yg_6icarus8commands8validate7execute0B7_
FN:637,_RNvNtNtCs9I76lDWc7yg_6icarus8commands8validate16normalize_candid
FN:232,_RNvNtNtCs9I76lDWc7yg_6icarus8commands8validate19check_wasm_metadata
FN:273,_RNvNtNtCs9I76lDWc7yg_6icarus8commands8validate20check_init_signature
FN:647,_RNvNtNtCs9I76lDWc7yg_6icarus8commands8validate21cleanup_test_canister
FN:625,_RNvNtNtCs9I76lDWc7yg_6icarus8commands8validate21parse_candid_response
FN:672,_RNvNtNtCs9I76lDWc7yg_6icarus8commands8validate22find_default_wasm_path
FN:302,_RNvNtNtCs9I76lDWc7yg_6icarus8commands8validate22validate_candid_syntax
FN:252,_RNvNtNtCs9I76lDWc7yg_6icarus8commands8validate24extract_candid_from_wasm
FN:534,_RNvNtNtCs9I76lDWc7yg_6icarus8commands8validate29retrieve_candid_from_canister
FN:336,_RNvNtNtCs9I76lDWc7yg_6icarus8commands8validate37deploy_and_verify_candid_preservation
FN:10,_RNvNtNtCs9I76lDWc7yg_6icarus8commands8validate7execute
FN:15,_RNCNCNvNtNtCs56Gb0ALyL37_6icarus8commands8validate7execute00B9_
FN:640,_RNCNvNtNtCs56Gb0ALyL37_6icarus8commands8validate16normalize_candid0B7_
FN:641,_RNCNvNtNtCs56Gb0ALyL37_6icarus8commands8validate16normalize_candids_0B7_
FN:647,_RNCNvNtNtCs56Gb0ALyL37_6icarus8commands8validate21cleanup_test_canister0B7_
FN:627,_RNCNvNtNtCs56Gb0ALyL37_6icarus8commands8validate21parse_candid_response0B7_
FN:629,_RNCNvNtNtCs56Gb0ALyL37_6icarus8commands8validate21parse_candid_responses_0B7_
FN:682,_RNCNvNtNtCs56Gb0ALyL37_6icarus8commands8validate22find_default_wasm_path0B7_
FN:737,_RNCNvNtNtCs56Gb0ALyL37_6icarus8commands8validate22find_default_wasm_paths0_0B7_
FN:738,_RNCNvNtNtCs56Gb0ALyL37_6icarus8commands8validate22find_default_wasm_paths1_0B7_
FN:685,_RNCNvNtNtCs56Gb0ALyL37_6icarus8commands8validate22find_default_wasm_paths_0B7_
FN:534,_RNCNvNtNtCs56Gb0ALyL37_6icarus8commands8validate29retrieve_candid_from_canister0B7_
FN:340,_RNCNvNtNtCs56Gb0ALyL37_6icarus8commands8validate37deploy_and_verify_candid_preservation0B7_
FN:14,_RNCNvNtNtCs56Gb0ALyL37_6icarus8commands8validate7execute0B7_
FN:637,_RNvNtNtCs56Gb0ALyL37_6icarus8commands8validate16normalize_candid
FN:232,_RNvNtNtCs56Gb0ALyL37_6icarus8commands8validate19check_wasm_metadata
FN:273,_RNvNtNtCs56Gb0ALyL37_6icarus8commands8validate20check_init_signature
FN:647,_RNvNtNtCs56Gb0ALyL37_6icarus8commands8validate21cleanup_test_canister
FN:625,_RNvNtNtCs56Gb0ALyL37_6icarus8commands8validate21parse_candid_response
FN:672,_RNvNtNtCs56Gb0ALyL37_6icarus8commands8validate22find_default_wasm_path
FN:302,_RNvNtNtCs56Gb0ALyL37_6icarus8commands8validate22validate_candid_syntax
FN:252,_RNvNtNtCs56Gb0ALyL37_6icarus8commands8validate24extract_candid_from_wasm
FN:534,_RNvNtNtCs56Gb0ALyL37_6icarus8commands8validate29retrieve_candid_from_canister
FN:336,_RNvNtNtCs56Gb0ALyL37_6icarus8commands8validate37deploy_and_verify_candid_preservation
FN:10,_RNvNtNtCs56Gb0ALyL37_6icarus8commands8validate7execute
FNDA:0,_RNCNCNvNtNtCs9I76lDWc7yg_6icarus8commands8validate7execute00B9_
FNDA:0,_RNCNvNtNtCs9I76lDWc7yg_6icarus8commands8validate16normalize_candid0B7_
FNDA:0,_RNCNvNtNtCs9I76lDWc7yg_6icarus8commands8validate16normalize_candids_0B7_
FNDA:0,_RNCNvNtNtCs9I76lDWc7yg_6icarus8commands8validate21cleanup_test_canister0B7_
FNDA:0,_RNCNvNtNtCs9I76lDWc7yg_6icarus8commands8validate21parse_candid_response0B7_
FNDA:0,_RNCNvNtNtCs9I76lDWc7yg_6icarus8commands8validate21parse_candid_responses_0B7_
FNDA:0,_RNCNvNtNtCs9I76lDWc7yg_6icarus8commands8validate22find_default_wasm_path0B7_
FNDA:0,_RNCNvNtNtCs9I76lDWc7yg_6icarus8commands8validate22find_default_wasm_paths0_0B7_
FNDA:0,_RNCNvNtNtCs9I76lDWc7yg_6icarus8commands8validate22find_default_wasm_paths1_0B7_
FNDA:0,_RNCNvNtNtCs9I76lDWc7yg_6icarus8commands8validate22find_default_wasm_paths_0B7_
FNDA:0,_RNCNvNtNtCs9I76lDWc7yg_6icarus8commands8validate29retrieve_candid_from_canister0B7_
FNDA:0,_RNCNvNtNtCs9I76lDWc7yg_6icarus8commands8validate37deploy_and_verify_candid_preservation0B7_
FNDA:0,_RNCNvNtNtCs9I76lDWc7yg_6icarus8commands8validate7execute0B7_
FNDA:0,_RNvNtNtCs9I76lDWc7yg_6icarus8commands8validate16normalize_candid
FNDA:0,_RNvNtNtCs9I76lDWc7yg_6icarus8commands8validate19check_wasm_metadata
FNDA:0,_RNvNtNtCs9I76lDWc7yg_6icarus8commands8validate20check_init_signature
FNDA:0,_RNvNtNtCs9I76lDWc7yg_6icarus8commands8validate21cleanup_test_canister
FNDA:0,_RNvNtNtCs9I76lDWc7yg_6icarus8commands8validate21parse_candid_response
FNDA:0,_RNvNtNtCs9I76lDWc7yg_6icarus8commands8validate22find_default_wasm_path
FNDA:0,_RNvNtNtCs9I76lDWc7yg_6icarus8commands8validate22validate_candid_syntax
FNDA:0,_RNvNtNtCs9I76lDWc7yg_6icarus8commands8validate24extract_candid_from_wasm
FNDA:0,_RNvNtNtCs9I76lDWc7yg_6icarus8commands8validate29retrieve_candid_from_canister
FNDA:0,_RNvNtNtCs9I76lDWc7yg_6icarus8commands8validate37deploy_and_verify_candid_preservation
FNDA:0,_RNvNtNtCs9I76lDWc7yg_6icarus8commands8validate7execute
FNDA:0,_RNCNCNvNtNtCs56Gb0ALyL37_6icarus8commands8validate7execute00B9_
FNDA:0,_RNCNvNtNtCs56Gb0ALyL37_6icarus8commands8validate16normalize_candid0B7_
FNDA:0,_RNCNvNtNtCs56Gb0ALyL37_6icarus8commands8validate16normalize_candids_0B7_
FNDA:0,_RNCNvNtNtCs56Gb0ALyL37_6icarus8commands8validate21cleanup_test_canister0B7_
FNDA:0,_RNCNvNtNtCs56Gb0ALyL37_6icarus8commands8validate21parse_candid_response0B7_
FNDA:0,_RNCNvNtNtCs56Gb0ALyL37_6icarus8commands8validate21parse_candid_responses_0B7_
FNDA:0,_RNCNvNtNtCs56Gb0ALyL37_6icarus8commands8validate22find_default_wasm_path0B7_
FNDA:0,_RNCNvNtNtCs56Gb0ALyL37_6icarus8commands8validate22find_default_wasm_paths0_0B7_
FNDA:0,_RNCNvNtNtCs56Gb0ALyL37_6icarus8commands8validate22find_default_wasm_paths1_0B7_
FNDA:0,_RNCNvNtNtCs56Gb0ALyL37_6icarus8commands8validate22find_default_wasm_paths_0B7_
FNDA:0,_RNCNvNtNtCs56Gb0ALyL37_6icarus8commands8validate29retrieve_candid_from_canister0B7_
FNDA:0,_RNCNvNtNtCs56Gb0ALyL37_6icarus8commands8validate37deploy_and_verify_candid_preservation0B7_
FNDA:0,_RNCNvNtNtCs56Gb0ALyL37_6icarus8commands8validate7execute0B7_
FNDA:0,_RNvNtNtCs56Gb0ALyL37_6icarus8commands8validate16normalize_candid
FNDA:0,_RNvNtNtCs56Gb0ALyL37_6icarus8commands8validate19check_wasm_metadata
FNDA:0,_RNvNtNtCs56Gb0ALyL37_6icarus8commands8validate20check_init_signature
FNDA:0,_RNvNtNtCs56Gb0ALyL37_6icarus8commands8validate21cleanup_test_canister
FNDA:0,_RNvNtNtCs56Gb0ALyL37_6icarus8commands8validate21parse_candid_response
FNDA:0,_RNvNtNtCs56Gb0ALyL37_6icarus8commands8validate22find_default_wasm_path
FNDA:0,_RNvNtNtCs56Gb0ALyL37_6icarus8commands8validate22validate_candid_syntax
[...]
FN:218,_RNvXs5_NtNtCs7taIcWyiSZZ_10icarus_mcp7storage8zerocopyNtB5_14ZeroCopyBufferNtNtCsaNl6UpbT7bw_4core7default7Default7default
FN:388,_RNvXs8_NtNtCs7taIcWyiSZZ_10icarus_mcp7storage8zerocopyNtB5_18MemoryMappedBufferNtNtCsht3nMU9UgFu_3std2io4Read4read
FN:404,_RNvXs9_NtNtCs7taIcWyiSZZ_10icarus_mcp7storage8zerocopyNtB5_18MemoryMappedBufferNtNtNtCs4o22YPnZA0i_5bytes3buf8buf_impl3Buf5chunk
FN:408,_RNvXs9_NtNtCs7taIcWyiSZZ_10icarus_mcp7storage8zerocopyNtB5_18MemoryMappedBufferNtNtNtCs4o22YPnZA0i_5bytes3buf8buf_impl3Buf7advance
FN:400,_RNvXs9_NtNtCs7taIcWyiSZZ_10icarus_mcp7storage8zerocopyNtB5_18MemoryMappedBufferNtNtNtCs4o22YPnZA0i_5bytes3buf8buf_impl3Buf9remaining
FN:108,_RINvMs0_NtNtCsjlv6xopQLDW_10icarus_mcp7storage8zerocopyNtB6_20ZeroCopyDeserializer11deserializeNtCsgFjiqS5FV2f_16test_integration8TestDataEB1x_
FN:52,_RINvMs_NtNtCsjlv6xopQLDW_10icarus_mcp7storage8zerocopyNtB5_18ZeroCopySerializer9serializeNtCsgFjiqS5FV2f_16test_integration8TestDataEB1r_
FN:128,_RNvMs0_NtNtCsjlv6xopQLDW_10icarus_mcp7storage8zerocopyNtB5_20ZeroCopyDeserializer11parse_slice
FN:122,_RNvMs0_NtNtCsjlv6xopQLDW_10icarus_mcp7storage8zerocopyNtB5_20ZeroCopyDeserializer5parse
FN:169,_RNvMs1_NtNtCsjlv6xopQLDW_10icarus_mcp7storage8zerocopyNtB5_14ZeroCopyString10into_owned
FN:174,_RNvMs1_NtNtCsjlv6xopQLDW_10icarus_mcp7storage8zerocopyNtB5_14ZeroCopyString11is_borrowed
FN:179,_RNvMs1_NtNtCsjlv6xopQLDW_10icarus_mcp7storage8zerocopyNtB5_14ZeroCopyString3len
FN:157,_RNvMs1_NtNtCsjlv6xopQLDW_10icarus_mcp7storage8zerocopyNtB5_14ZeroCopyString5owned
FN:164,_RNvMs1_NtNtCsjlv6xopQLDW_10icarus_mcp7storage8zerocopyNtB5_14ZeroCopyString6as_str
FN:150,_RNvMs1_NtNtCsjlv6xopQLDW_10icarus_mcp7storage8zerocopyNtB5_14ZeroCopyString8borrowed
FN:184,_RNvMs1_NtNtCsjlv6xopQLDW_10icarus_mcp7storage8zerocopyNtB5_14ZeroCopyString8is_empty
FN:293,_RNvMs6_NtNtCsjlv6xopQLDW_10icarus_mcp7storage8zerocopyNtB5_14ZeroCopyBuffer10into_bytes
FN:233,_RNvMs6_NtNtCsjlv6xopQLDW_10icarus_mcp7storage8zerocopyNtB5_14ZeroCopyBuffer13with_capacity
FN:241,_RNvMs6_NtNtCsjlv6xopQLDW_10icarus_mcp7storage8zerocopyNtB5_14ZeroCopyBuffer17extend_from_slice
FN:260,_RNvMs6_NtNtCsjlv6xopQLDW_10icarus_mcp7storage8zerocopyNtB5_14ZeroCopyBuffer3len
FN:225,_RNvMs6_NtNtCsjlv6xopQLDW_10icarus_mcp7storage8zerocopyNtB5_14ZeroCopyBuffer3new
FN:275,_RNvMs6_NtNtCsjlv6xopQLDW_10icarus_mcp7storage8zerocopyNtB5_14ZeroCopyBuffer5clear
FN:298,_RNvMs6_NtNtCsjlv6xopQLDW_10icarus_mcp7storage8zerocopyNtB5_14ZeroCopyBuffer7reserve
FN:270,_RNvMs6_NtNtCsjlv6xopQLDW_10icarus_mcp7storage8zerocopyNtB5_14ZeroCopyBuffer8capacity
FN:265,_RNvMs6_NtNtCsjlv6xopQLDW_10icarus_mcp7storage8zerocopyNtB5_14ZeroCopyBuffer8is_empty
FN:253,_RNvMs6_NtNtCsjlv6xopQLDW_10icarus_mcp7storage8zerocopyNtB5_14ZeroCopyBuffer8snapshot
FN:283,_RNvMs6_NtNtCsjlv6xopQLDW_10icarus_mcp7storage8zerocopyNtB5_14ZeroCopyBuffer8split_to
FN:303,_RNvMs6_NtNtCsjlv6xopQLDW_10icarus_mcp7storage8zerocopyNtB5_14ZeroCopyBuffer8truncate
FN:288,_RNvMs6_NtNtCsjlv6xopQLDW_10icarus_mcp7storage8zerocopyNtB5_14ZeroCopyBuffer9snapshots
FN:357,_RNvMs7_NtNtCsjlv6xopQLDW_10icarus_mcp7storage8zerocopyNtB5_18MemoryMappedBuffer12set_position
FN:372,_RNvMs7_NtNtCsjlv6xopQLDW_10icarus_mcp7storage8zerocopyNtB5_18MemoryMappedBuffer3len
FN:318,_RNvMs7_NtNtCsjlv6xopQLDW_10icarus_mcp7storage8zerocopyNtB5_18MemoryMappedBuffer3new
FN:343,_RNvMs7_NtNtCsjlv6xopQLDW_10icarus_mcp7storage8zerocopyNtB5_18MemoryMappedBuffer4peek
FN:332,_RNvMs7_NtNtCsjlv6xopQLDW_10icarus_mcp7storage8zerocopyNtB5_18MemoryMappedBuffer4read
FN:382,_RNvMs7_NtNtCsjlv6xopQLDW_10icarus_mcp7storage8zerocopyNtB5_18MemoryMappedBuffer5reset
FN:323,_RNvMs7_NtNtCsjlv6xopQLDW_10icarus_mcp7storage8zerocopyNtB5_18MemoryMappedBuffer5slice
FN:377,_RNvMs7_NtNtCsjlv6xopQLDW_10icarus_mcp7storage8zerocopyNtB5_18MemoryMappedBuffer8is_empty
FN:352,_RNvMs7_NtNtCsjlv6xopQLDW_10icarus_mcp7storage8zerocopyNtB5_18MemoryMappedBuffer8position
FN:367,_RNvMs7_NtNtCsjlv6xopQLDW_10icarus_mcp7storage8zerocopyNtB5_18MemoryMappedBuffer9remaining
FN:35,_RNvMs_NtNtCsjlv6xopQLDW_10icarus_mcp7storage8zerocopyNtB4_18ZeroCopySerializer13with_capacity
FN:27,_RNvMs_NtNtCsjlv6xopQLDW_10icarus_mcp7storage8zerocopyNtB4_18ZeroCopySerializer3new
FN:91,_RNvMs_NtNtCsjlv6xopQLDW_10icarus_mcp7storage8zerocopyNtB4_18ZeroCopySerializer5reset
FN:43,_RNvMs_NtNtCsjlv6xopQLDW_10icarus_mcp7storage8zerocopyNtB4_18ZeroCopySerializer7compact
FN:86,_RNvMs_NtNtCsjlv6xopQLDW_10icarus_mcp7storage8zerocopyNtB4_18ZeroCopySerializer8capacity
FN:20,_RNvXNtNtCsjlv6xopQLDW_10icarus_mcp7storage8zerocopyNtB2_18ZeroCopySerializerNtNtCsaNl6UpbT7bw_4core7default7Default7default
FN:192,_RNvXs2_NtNtCsjlv6xopQLDW_10icarus_mcp7storage8zerocopyNtB5_14ZeroCopyStringNtNtNtCsaNl6UpbT7bw_4core3ops5deref5Deref5deref
FN:198,_RNvXs3_NtNtCsjlv6xopQLDW_10icarus_mcp7storage8zerocopyNtB5_14ZeroCopyStringINtNtCsaNl6UpbT7bw_4core7convert4FromReE4from
FN:204,_RNvXs4_NtNtCsjlv6xopQLDW_10icarus_mcp7storage8zerocopyNtB5_14ZeroCopyStringINtNtCsaNl6UpbT7bw_4core7convert4FromNtNtCsiTraAjBDcu4_5alloc6string6StringE4from
FN:218,_RNvXs5_NtNtCsjlv6xopQLDW_10icarus_mcp7storage8zerocopyNtB5_14ZeroCopyBufferNtNtCsaNl6UpbT7bw_4core7default7Default7default
FN:388,_RNvXs8_NtNtCsjlv6xopQLDW_10icarus_mcp7storage8zerocopyNtB5_18MemoryMappedBufferNtNtCsht3nMU9UgFu_3std2io4Read4read
FN:404,_RNvXs9_NtNtCsjlv6xopQLDW_10icarus_mcp7storage8zerocopyNtB5_18MemoryMappedBufferNtNtNtCs4o22YPnZA0i_5bytes3buf8buf_impl3Buf5chunk
FN:408,_RNvXs9_NtNtCsjlv6xopQLDW_10icarus_mcp7storage8zerocopyNtB5_18MemoryMappedBufferNtNtNtCs4o22YPnZA0i_5bytes3buf8buf_impl3Buf7advance
FN:400,_RNvXs9_NtNtCsjlv6xopQLDW_10icarus_mcp7storage8zerocopyNtB5_18MemoryMappedBufferNtNtNtCs4o22YPnZA0i_5bytes3buf8buf_impl3Buf9remaining
FNDA:0,_RINvMs0_NtNtCs7taIcWyiSZZ_10icarus_mcp7storage8zerocopyNtB6_20ZeroCopyDeserializer11deserializeNtNtB6_5tests8TestDataEBa_
FNDA:0,_RINvMs0_NtNtCs7taIcWyiSZZ_10icarus_mcp7storage8zerocopyNtB6_20ZeroCopyDeserializer20deserialize_borrowedNtNtB6_5tests8TestDataEBa_
FNDA:0,_RINvMs_NtNtCs7taIcWyiSZZ_10icarus_mcp7storage8zerocopyNtB5_18ZeroCopySerializer14serialize_intoNtNtB5_5tests8TestDataEB9_
FNDA:0,_RINvMs_NtNtCs7taIcWyiSZZ_10icarus_mcp7storage8zerocopyNtB5_18ZeroCopySerializer9serializeNtNtB5_5tests8TestDataEB9_
FNDA:0,_RNvNtNtNtCs7taIcWyiSZZ_10icarus_mcp7storage8zerocopy5testss_17test_buffer_split
FNDA:0,_RNvNtNtNtCs7taIcWyiSZZ_10icarus_mcp7storage8zerocopy5testss_17test_json_parsing
FNDA:0,_RNvNtNtNtCs7taIcWyiSZZ_10icarus_mcp7storage8zerocopy5testss_19test_serialize_into
FNDA:0,_RNvNtNtNtCs7taIcWyiSZZ_10icarus_mcp7storage8zerocopy5testss_21test_serializer_reuse
FNDA:0,_RNvNtNtNtCs7taIcWyiSZZ_10icarus_mcp7storage8zerocopy5testss_21test_zero_copy_buffer
FNDA:0,_RNvNtNtNtCs7taIcWyiSZZ_10icarus_mcp7storage8zerocopy5testss_21test_zero_copy_string
FNDA:0,_RNvNtNtNtCs7taIcWyiSZZ_10icarus_mcp7storage8zerocopy5testss_25test_memory_mapped_buffer
FNDA:0,_RNvNtNtNtCs7taIcWyiSZZ_10icarus_mcp7storage8zerocopy5testss_25test_zero_copy_serializer
FNDA:0,_RNvNtNtNtCs7taIcWyiSZZ_10icarus_mcp7storage8zerocopy5testss_27test_zero_copy_deserializer
FNDA:0,_RNvMs0_NtNtCs7taIcWyiSZZ_10icarus_mcp7storage8zerocopyNtB5_20ZeroCopyDeserializer5parse
FNDA:0,_RNvMs1_NtNtCs7taIcWyiSZZ_10icarus_mcp7storage8zerocopyNtB5_14ZeroCopyString11is_borrowed
FNDA:0,_RNvMs1_NtNtCs7taIcWyiSZZ_10icarus_mcp7storage8zerocopyNtB5_14ZeroCopyString3len
FNDA:0,_RNvMs1_NtNtCs7taIcWyiSZZ_10icarus_mcp7storage8zerocopyNtB5_14ZeroCopyString5owned
FNDA:0,_RNvMs1_NtNtCs7taIcWyiSZZ_10icarus_mcp7storage8zerocopyNtB5_14ZeroCopyString6as_str
FNDA:0,_RNvMs1_NtNtCs7taIcWyiSZZ_10icarus_mcp7storage8zerocopyNtB5_14ZeroCopyString8borrowed
FNDA:0,_RNvMs6_NtNtCs7taIcWyiSZZ_10icarus_mcp7storage8zerocopyNtB5_14ZeroCopyBuffer10into_bytes
FNDA:0,_RNvMs6_NtNtCs7taIcWyiSZZ_10icarus_mcp7storage8zerocopyNtB5_14ZeroCopyBuffer13with_capacity
FNDA:0,_RNvMs6_NtNtCs7taIcWyiSZZ_10icarus_mcp7storage8zerocopyNtB5_14ZeroCopyBuffer17extend_from_slice
FNDA:0,_RNvMs6_NtNtCs7taIcWyiSZZ_10icarus_mcp7storage8zerocopyNtB5_14ZeroCopyBuffer3len
FNDA:0,_RNvMs6_NtNtCs7taIcWyiSZZ_10icarus_mcp7storage8zerocopyNtB5_14ZeroCopyBuffer3new
FNDA:0,_RNvMs6_NtNtCs7taIcWyiSZZ_10icarus_mcp7storage8zerocopyNtB5_14ZeroCopyBuffer8snapshot
FNDA:0,_RNvMs6_NtNtCs7taIcWyiSZZ_10icarus_mcp7storage8zerocopyNtB5_14ZeroCopyBuffer8split_to
FNDA:0,_RNvMs6_NtNtCs7taIcWyiSZZ_10icarus_mcp7storage8zerocopyNtB5_14ZeroCopyBuffer9snapshots
FNDA:0,_RNvMs7_NtNtCs7taIcWyiSZZ_10icarus_mcp7storage8zerocopyNtB5_18MemoryMappedBuffer3len
FNDA:0,_RNvMs7_NtNtCs7taIcWyiSZZ_10icarus_mcp7storage8zerocopyNtB5_18MemoryMappedBuffer3new
FNDA:0,_RNvMs7_NtNtCs7taIcWyiSZZ_10icarus_mcp7storage8zerocopyNtB5_18MemoryMappedBuffer4peek
FNDA:0,_RNvMs7_NtNtCs7taIcWyiSZZ_10icarus_mcp7storage8zerocopyNtB5_18MemoryMappedBuffer4read
FNDA:0,_RNvMs7_NtNtCs7taIcWyiSZZ_10icarus_mcp7storage8zerocopyNtB5_18MemoryMappedBuffer5slice
FNDA:0,_RNvMs7_NtNtCs7taIcWyiSZZ_10icarus_mcp7storage8zerocopyNtB5_18MemoryMappedBuffer8position
FNDA:0,_RNvMs7_NtNtCs7taIcWyiSZZ_10icarus_mcp7storage8zerocopyNtB5_18MemoryMappedBuffer9remaining
FNDA:0,_RNvMs_NtNtCs7taIcWyiSZZ_10icarus_mcp7storage8zerocopyNtB4_18ZeroCopySerializer13with_capacity
FNDA:0,_RNvMs_NtNtCs7taIcWyiSZZ_10icarus_mcp7storage8zerocopyNtB4_18ZeroCopySerializer3new
FNDA:0,_RNvMs_NtNtCs7taIcWyiSZZ_10icarus_mcp7storage8zerocopyNtB4_18ZeroCopySerializer7compact
FNDA:0,_RINvMs0_NtNtCs7taIcWyiSZZ_10icarus_mcp7storage8zerocopyNtB6_20ZeroCopyDeserializer15parse_streamingpEBa_
FNDA:0,_RINvMs6_NtNtCs7taIcWyiSZZ_10icarus_mcp7storage8zerocopyNtB6_14ZeroCopyBuffer3putpEBa_
FNDA:0,_RNvMs0_NtNtCs7taIcWyiSZZ_10icarus_mcp7storage8zerocopyNtB5_20ZeroCopyDeserializer11parse_slice
FNDA:0,_RNvMs1_NtNtCs7taIcWyiSZZ_10icarus_mcp7storage8zerocopyNtB5_14ZeroCopyString10into_owned
FNDA:0,_RNvMs1_NtNtCs7taIcWyiSZZ_10icarus_mcp7storage8zerocopyNtB5_14ZeroCopyString8is_empty
FNDA:0,_RNvMs6_NtNtCs7taIcWyiSZZ_10icarus_mcp7storage8zerocopyNtB5_14ZeroCopyBuffer5clear
FNDA:0,_RNvMs6_NtNtCs7taIcWyiSZZ_10icarus_mcp7storage8zerocopyNtB5_14ZeroCopyBuffer7reserve
FNDA:0,_RNvMs6_NtNtCs7taIcWyiSZZ_10icarus_mcp7storage8zerocopyNtB5_14ZeroCopyBuffer8capacity
FNDA:0,_RNvMs6_NtNtCs7taIcWyiSZZ_10icarus_mcp7storage8zerocopyNtB5_14ZeroCopyBuffer8is_empty
FNDA:0,_RNvMs6_NtNtCs7taIcWyiSZZ_10icarus_mcp7storage8zerocopyNtB5_14ZeroCopyBuffer8truncate
FNDA:0,_RNvMs7_NtNtCs7taIcWyiSZZ_10icarus_mcp7storage8zerocopyNtB5_18MemoryMappedBuffer12set_position
FNDA:0,_RNvMs7_NtNtCs7taIcWyiSZZ_10icarus_mcp7storage8zerocopyNtB5_18MemoryMappedBuffer5reset
FNDA:0,_RNvMs7_NtNtCs7taIcWyiSZZ_10icarus_mcp7storage8zerocopyNtB5_18MemoryMappedBuffer8is_empty
FNDA:0,_RNvMs_NtNtCs7taIcWyiSZZ_10icarus_mcp7storage8zerocopyNtB4_18ZeroCopySerializer5reset
FNDA:0,_RNvMs_NtNtCs7taIcWyiSZZ_10icarus_mcp7storage8zerocopyNtB4_18ZeroCopySerializer8capacity
FNDA:0,_RNvXNtNtCs7taIcWyiSZZ_10icarus_mcp7storage8zerocopyNtB2_18ZeroCopySerializerNtNtCsaNl6UpbT7bw_4core7default7Default7default
FNDA:0,_RNvXs2_NtNtCs7taIcWyiSZZ_10icarus_mcp7storage8zerocopyNtB5_14ZeroCopyStringNtNtNtCsaNl6UpbT7bw_4core3ops5deref5Deref5deref
FNDA:0,_RNvXs3_NtNtCs7taIcWyiSZZ_10icarus_mcp7storage8zerocopyNtB5_14ZeroCopyStringINtNtCsaNl6UpbT7bw_4core7convert4FromReE4from
FNDA:0,_RNvXs4_NtNtCs7taIcWyiSZZ_10icarus_mcp7storage8zerocopyNtB5_14ZeroCopyStringINtNtCsaNl6UpbT7bw_4core7convert4FromNtNtCsiTraAjBDcu4_5alloc6string6StringE4from
FNDA:0,_RNvXs5_NtNtCs7taIcWyiSZZ_10icarus_mcp7storage8zerocopyNtB5_14ZeroCopyBufferNtNtCsaNl6UpbT7bw_4core7default7Default7default
FNDA:0,_RNvXs8_NtNtCs7taIcWyiSZZ_10icarus_mcp7storage8zerocopyNtB5_18MemoryMappedBufferNtNtCsht3nMU9UgFu_3std2io4Read4read
FNDA:0,_RNvXs9_NtNtCs7taIcWyiSZZ_10icarus_mcp7storage8zerocopyNtB5_18MemoryMappedBufferNtNtNtCs4o22YPnZA0i_5bytes3buf8buf_impl3Buf5chunk
FNDA:0,_RNvXs9_NtNtCs7taIcWyiSZZ_10icarus_mcp7storage8zerocopyNtB5_18MemoryMappedBufferNtNtNtCs4o22YPnZA0i_5bytes3buf8buf_impl3Buf7advance
FNDA:0,_RNvXs9_NtNtCs7taIcWyiSZZ_10icarus_mcp7storage8zerocopyNtB5_18MemoryMappedBufferNtNtNtCs4o22YPnZA0i_5bytes3buf8buf_impl3Buf9remaining
FNDA:0,_RINvMs0_NtNtCsjlv6xopQLDW_10icarus_mcp7storage8zerocopyNtB6_20ZeroCopyDeserializer11deserializeNtCsgFjiqS5FV2f_16test_integration8TestDataEB1x_
FNDA:0,_RINvMs_NtNtCsjlv6xopQLDW_10icarus_mcp7storage8zerocopyNtB5_18ZeroCopySerializer9serializeNtCsgFjiqS5FV2f_16test_integration8TestDataEB1r_
FNDA:0,_RNvMs0_NtNtCsjlv6xopQLDW_10icarus_mcp7storage8zerocopyNtB5_20ZeroCopyDeserializer11parse_slice
FNDA:0,_RNvMs0_NtNtCsjlv6xopQLDW_10icarus_mcp7storage8zerocopyNtB5_20ZeroCopyDeserializer5parse
FNDA:0,_RNvMs1_NtNtCsjlv6xopQLDW_10icarus_mcp7storage8zerocopyNtB5_14ZeroCopyString10into_owned
FNDA:0,_RNvMs1_NtNtCsjlv6xopQLDW_10icarus_mcp7storage8zerocopyNtB5_14ZeroCopyString11is_borrowed
FNDA:0,_RNvMs1_NtNtCsjlv6xopQLDW_10icarus_mcp7storage8zerocopyNtB5_14ZeroCopyString3len
FNDA:0,_RNvMs1_NtNtCsjlv6xopQLDW_10icarus_mcp7storage8zerocopyNtB5_14ZeroCopyString5owned
FNDA:0,_RNvMs1_NtNtCsjlv6xopQLDW_10icarus_mcp7storage8zerocopyNtB5_14ZeroCopyString6as_str
FNDA:0,_RNvMs1_NtNtCsjlv6xopQLDW_10icarus_mcp7storage8zerocopyNtB5_14ZeroCopyString8borrowed
FNDA:0,_RNvMs1_NtNtCsjlv6xopQLDW_10icarus_mcp7storage8zerocopyNtB5_14ZeroCopyString8is_empty
FNDA:0,_RNvMs6_NtNtCsjlv6xopQLDW_10icarus_mcp7storage8zerocopyNtB5_14ZeroCopyBuffer10into_bytes
FNDA:0,_RNvMs6_NtNtCsjlv6xopQLDW_10icarus_mcp7storage8zerocopyNtB5_14ZeroCopyBuffer13with_capacity
FNDA:0,_RNvMs6_NtNtCsjlv6xopQLDW_10icarus_mcp7storage8zerocopyNtB5_14ZeroCopyBuffer17extend_from_slice
FNDA:0,_RNvMs6_NtNtCsjlv6xopQLDW_10icarus_mcp7storage8zerocopyNtB5_14ZeroCopyBuffer3len
FNDA:0,_RNvMs6_NtNtCsjlv6xopQLDW_10icarus_mcp7storage8zerocopyNtB5_14ZeroCopyBuffer3new
FNDA:0,_RNvMs6_NtNtCsjlv6xopQLDW_10icarus_mcp7storage8zerocopyNtB5_14ZeroCopyBuffer5clear
FNDA:0,_RNvMs6_NtNtCsjlv6xopQLDW_10icarus_mcp7storage8zerocopyNtB5_14ZeroCopyBuffer7reserve
FNDA:0,_RNvMs6_NtNtCsjlv6xopQLDW_10icarus_mcp7storage8zerocopyNtB5_14ZeroCopyBuffer8capacity
FNDA:0,_RNvMs6_NtNtCsjlv6xopQLDW_10icarus_mcp7storage8zerocopyNtB5_14ZeroCopyBuffer8is_empty
FNDA:0,_RNvMs6_NtNtCsjlv6xopQLDW_10icarus_mcp7storage8zerocopyNtB5_14ZeroCopyBuffer8snapshot
FNDA:0,_RNvMs6_NtNtCsjlv6xopQLDW_10icarus_mcp7storage8zerocopyNtB5_14ZeroCopyBuffer8split_to
FNDA:0,_RNvMs6_NtNtCsjlv6xopQLDW_10icarus_mcp7storage8zerocopyNtB5_14ZeroCopyBuffer8truncate
FNDA:0,_RNvMs6_NtNtCsjlv6xopQLDW_10icarus_mcp7storage8zerocopyNtB5_14ZeroCopyBuffer9snapshots
FNDA:0,_RNvMs7_NtNtCsjlv6xopQLDW_10icarus_mcp7storage8zerocopyNtB5_18MemoryMappedBuffer12set_position
FNDA:0,_RNvMs7_NtNtCsjlv6xopQLDW_10icarus_mcp7storage8zerocopyNtB5_18MemoryMappedBuffer3len
FNDA:0,_RNvMs7_NtNtCsjlv6xopQLDW_10icarus_mcp7storage8zerocopyNtB5_18MemoryMappedBuffer3new
FNDA:0,_RNvMs7_NtNtCsjlv6xopQLDW_10icarus_mcp7storage8zerocopyNtB5_18MemoryMappedBuffer4peek
FNDA:0,_RNvMs7_NtNtCsjlv6xopQLDW_10icarus_mcp7storage8zerocopyNtB5_18MemoryMappedBuffer4read
FNDA:0,_RNvMs7_NtNtCsjlv6xopQLDW_10icarus_mcp7storage8zerocopyNtB5_18MemoryMappedBuffer5reset
FNDA:0,_RNvMs7_NtNtCsjlv6xopQLDW_10icarus_mcp7storage8zerocopyNtB5_18MemoryMappedBuffer5slice
FNDA:0,_RNvMs7_NtNtCsjlv6xopQLDW_10icarus_mcp7storage8zerocopyNtB5_18MemoryMappedBuffer8is_empty
FNDA:0,_RNvMs7_NtNtCsjlv6xopQLDW_10icarus_mcp7storage8zerocopyNtB5_18MemoryMappedBuffer8position
FNDA:0,_RNvMs7_NtNtCsjlv6xopQLDW_10icarus_mcp7storage8zerocopyNtB5_18MemoryMappedBuffer9remaining
FNDA:0,_RNvMs_NtNtCsjlv6xopQLDW_10icarus_mcp7storage8zerocopyNtB4_18ZeroCopySerializer13with_capacity
FNDA:0,_RNvMs_NtNtCsjlv6xopQLDW_10icarus_mcp7storage8zerocopyNtB4_18ZeroCopySerializer3new
FNDA:0,_RNvMs_NtNtCsjlv6xopQLDW_10icarus_mcp7storage8zerocopyNtB4_18ZeroCopySerializer5reset
FNDA:0,_RNvMs_NtNtCsjlv6xopQLDW_10icarus_mcp7storage8zerocopyNtB4_18ZeroCopySerializer7compact
FNDA:0,_RNvMs_NtNtCsjlv6xopQLDW_10icarus_mcp7storage8zerocopyNtB4_18ZeroCopySerializer8capacity
FNDA:0,_RNvXNtNtCsjlv6xopQLDW_10icarus_mcp7storage8zerocopyNtB2_18ZeroCopySerializerNtNtCsaNl6UpbT7bw_4core7default7Default7default
FNDA:0,_RNvXs2_NtNtCsjlv6xopQLDW_10icarus_mcp7storage8zerocopyNtB5_14ZeroCopyStringNtNtNtCsaNl6UpbT7bw_4core3ops5deref5Deref5deref
FNDA:0,_RNvXs3_NtNtCsjlv6xopQLDW_10icarus_mcp7storage8zerocopyNtB5_14ZeroCopyStringINtNtCsaNl6UpbT7bw_4core7convert4FromReE4from
FNDA:0,_RNvXs4_NtNtCsjlv6xopQLDW_10icarus_mcp7storage8zerocopyNtB5_14ZeroCopyStringINtNtCsaNl6UpbT7bw_4core7convert4FromNtNtCsiTraAjBDcu4_5alloc6string6StringE4from
FNDA:0,_RNvXs5_NtNtCsjlv6xopQLDW_10icarus_mcp7storage8zerocopyNtB5_14ZeroCopyBufferNtNtCsaNl6UpbT7bw_4core7default7Default7default
FNDA:0,_RNvXs8_NtNtCsjlv6xopQLDW_10icarus_mcp7storage8zerocopyNtB5_18MemoryMappedBufferNtNtCsht3nMU9UgFu_3std2io4Read4read
FNDA:0,_RNvXs9_NtNtCsjlv6xopQLDW_10icarus_mcp7storage8zerocopyNtB5_18MemoryMappedBufferNtNtNtCs4o22YPnZA0i_5bytes3buf8buf_impl3Buf5chunk
FNDA:0,_RNvXs9_NtNtCsjlv6xopQLDW_10icarus_mcp7storage8zerocopyNtB5_18MemoryMappedBufferNtNtNtCs4o22YPnZA0i_5bytes3buf8buf_impl3Buf7advance
FNDA:0,_RNvXs9_NtNtCsjlv6xopQLDW_10icarus_mcp7storage8zerocopyNtB5_18MemoryMappedBufferNtNtNtCs4o22YPnZA0i_5bytes3buf8buf_impl3Buf9remaining
FNF:61
FNH:0
DA:20,0
DA:21,0
DA:22,0
DA:27,0
DA:28,0
DA:29,0
DA:30,0
DA:31,0
DA:32,0
DA:35,0
DA:36,0
DA:37,0
DA:38,0
DA:39,0
DA:40,0
DA:43,0
DA:44,0
DA:45,0
DA:46,0
DA:52,0
DA:54,0
DA:57,0
DA:58,0
DA:60,0
DA:63,0
DA:66,0
DA:67,0
DA:73,0
DA:75,0
DA:76,0
DA:78,0
DA:81,0
DA:82,0
DA:83,0
DA:86,0
DA:87,0
DA:88,0
DA:91,0
DA:92,0
DA:93,0
DA:94,0
DA:95,0
DA:96,0
DA:97,0
DA:98,0
DA:108,0
DA:109,0
DA:110,0
DA:111,0
DA:114,0
DA:115,0
DA:116,0
DA:117,0
DA:122,0
DA:123,0
DA:124,0
DA:125,0
DA:128,0
DA:129,0
DA:130,0
DA:131,0
DA:136,0
DA:137,0
DA:138,0
DA:139,0
DA:150,0
DA:151,0
DA:152,0
DA:153,0
DA:154,0
DA:157,0
DA:158,0
DA:159,0
DA:160,0
DA:161,0
DA:164,0
DA:165,0
DA:166,0
DA:169,0
DA:170,0
DA:171,0
DA:174,0
DA:175,0
DA:176,0
DA:179,0
DA:180,0
DA:181,0
DA:184,0
DA:185,0
DA:186,0
DA:192,0
DA:193,0
DA:194,0
DA:198,0
DA:199,0
DA:200,0
DA:204,0
DA:205,0
DA:206,0
DA:218,0
DA:219,0
DA:220,0
DA:225,0
DA:226,0
DA:227,0
DA:228,0
DA:229,0
DA:230,0
DA:233,0
DA:234,0
DA:235,0
DA:236,0
DA:237,0
DA:238,0
DA:241,0
DA:242,0
DA:243,0
DA:246,0
DA:247,0
DA:248,0
DA:253,0
DA:254,0
DA:255,0
DA:256,0
DA:257,0
DA:260,0
DA:261,0
DA:262,0
DA:265,0
DA:266,0
DA:267,0
DA:270,0
DA:271,0
DA:272,0
DA:275,0
DA:276,0
DA:277,0
DA:283,0
DA:284,0
DA:285,0
DA:288,0
DA:289,0
DA:290,0
DA:293,0
DA:294,0
DA:295,0
DA:298,0
DA:299,0
DA:300,0
DA:303,0
DA:304,0
DA:305,0
DA:318,0
DA:319,0
DA:320,0
DA:323,0
DA:324,0
DA:325,0
DA:327,0
DA:329,0
DA:332,0
DA:333,0
DA:334,0
DA:335,0
DA:336,0
DA:338,0
DA:340,0
DA:343,0
DA:344,0
DA:345,0
DA:347,0
DA:349,0
DA:352,0
DA:353,0
DA:354,0
DA:357,0
DA:358,0
DA:359,0
DA:360,0
DA:362,0
DA:364,0
DA:367,0
DA:368,0
DA:369,0
DA:372,0
DA:373,0
DA:374,0
DA:377,0
DA:378,0
DA:379,0
DA:382,0
DA:383,0
DA:384,0
DA:388,0
DA:389,0
DA:390,0
DA:391,0
DA:392,0
DA:393,0
DA:394,0
DA:395,0
DA:396,0
DA:400,0
DA:401,0
DA:402,0
DA:404,0
DA:405,0
DA:406,0
DA:408,0
DA:409,0
DA:410,0
DA:426,0
DA:427,0
DA:429,0
DA:430,0
DA:431,0
DA:432,0
DA:433,0
DA:435,0
DA:436,0
DA:439,0
DA:440,0
DA:441,0
DA:444,0
DA:445,0
DA:446,0
DA:447,0
DA:448,0
DA:449,0
DA:451,0
DA:452,0
DA:454,0
DA:455,0
DA:456,0
DA:459,0
DA:460,0
DA:461,0
DA:462,0
DA:463,0
DA:464,0
DA:466,0
DA:467,0
DA:469,0
DA:470,0
DA:472,0
DA:473,0
DA:474,0
DA:477,0
DA:478,0
DA:479,0
DA:481,0
DA:482,0
DA:483,0
DA:485,0
DA:486,0
DA:487,0
DA:488,0
DA:491,0
DA:492,0
DA:494,0
DA:495,0
DA:497,0
DA:498,0
DA:500,0
DA:501,0
DA:503,0
DA:504,0
DA:507,0
DA:508,0
DA:510,0
DA:511,0
DA:514,0
DA:515,0
DA:516,0
DA:518,0
DA:519,0
DA:521,0
DA:522,0
DA:524,0
DA:525,0
DA:526,0
DA:528,0
DA:529,0
DA:530,0
DA:532,0
DA:533,0
DA:534,0
DA:537,0
DA:538,0
DA:539,0
DA:541,0
DA:542,0
DA:543,0
DA:545,0
DA:546,0
DA:547,0
DA:550,0
DA:551,0
DA:552,0
DA:554,0
DA:555,0
DA:556,0
DA:557,0
DA:558,0
DA:561,0
DA:562,0
DA:564,0
DA:565,0
DA:566,0
DA:567,0
DA:568,0
DA:570,0
DA:571,0
DA:574,0
DA:575,0
DA:576,0
DA:577,0
DA:578,0
DA:580,0
DA:581,0
DA:584,0
DA:587,0
DA:588,0
DA:590,0
DA:591,0
DA:592,0
BRF:0
BRH:0
LF:326
LH:0
end_of_record